TpTrace Verbose: 0 : 6248, 1, 2025/05/13, 13:43:59.998, 4480864074385, vstest.console.dll, Version: 17.13.0-release-25073-05 Current process architecture: X64
TpTrace Verbose: 0 : 6248, 1, 2025/05/13, 13:44:00.000, 4480864091069, vstest.console.dll, Runtime location: C:\Program Files\dotnet\shared\Microsoft.NETCore.App\9.0.4
TpTrace Information: 0 : 6248, 1, 2025/05/13, 13:44:00.002, 4480864112993, vstest.console.dll, Using .Net Framework version:.NETFramework,Version=v4.8
TpTrace Information: 0 : 6248, 1, 2025/05/13, 13:44:00.004, 4480864135858, vstest.console.dll, Using platform:X64
TpTrace Verbose: 0 : 6248, 1, 2025/05/13, 13:44:00.005, 4480864146159, vstest.console.dll, ArtifactProcessingPostProcessModeProcessorExecutor.Initialize: ArtifactProcessingMode.Collect
TpTrace Verbose: 0 : 6248, 1, 2025/05/13, 13:44:00.005, 4480864146800, vstest.console.dll, TestSessionCorrelationIdProcessorModeProcessorExecutor.Initialize: TestSessionCorrelationId '59624_7b19f0df-2e75-4447-87e4-5a4ea8284cae'
TpTrace Information: 0 : 6248, 1, 2025/05/13, 13:44:00.008, 4480864167732, vstest.console.dll, FilePatternParser: The given file C:\Users\barrya\source\repos\RailDesigner1\bin\Debug\RailDesigner1.dll is a full path.
TpTrace Verbose: 0 : 6248, 1, 2025/05/13, 13:44:00.011, 4480864200690, vstest.console.dll, TestPluginCache.DiscoverTestExtensions: finding test extensions in assemblies ends with: RuntimeProvider.dll TPluginInfo: Microsoft.VisualStudio.TestPlatform.Common.ExtensionFramework.Utilities.TestRuntimePluginInformation TExtension: Microsoft.VisualStudio.TestPlatform.ObjectModel.Host.ITestRuntimeProvider
TpTrace Verbose: 0 : 6248, 1, 2025/05/13, 13:44:00.011, 4480864202519, vstest.console.dll, TestPluginCache.GetExtensionPaths: Filtered extension paths: 
TpTrace Verbose: 0 : 6248, 1, 2025/05/13, 13:44:00.011, 4480864202942, vstest.console.dll, TestPluginCache.GetExtensionPaths: Added default extension paths: C:\Program Files\dotnet\sdk\9.0.203\Extensions\Microsoft.Diagnostics.NETCore.Client.dll
C:\Program Files\dotnet\sdk\9.0.203\Extensions\Microsoft.TestPlatform.Extensions.BlameDataCollector.dll
C:\Program Files\dotnet\sdk\9.0.203\Extensions\Microsoft.TestPlatform.Extensions.EventLogCollector.dll
C:\Program Files\dotnet\sdk\9.0.203\Extensions\Microsoft.TestPlatform.TestHostRuntimeProvider.dll
C:\Program Files\dotnet\sdk\9.0.203\Extensions\Microsoft.VisualStudio.TestPlatform.Extensions.Html.TestLogger.dll
C:\Program Files\dotnet\sdk\9.0.203\Extensions\Microsoft.VisualStudio.TestPlatform.Extensions.Trx.TestLogger.dll
TpTrace Verbose: 0 : 6248, 1, 2025/05/13, 13:44:00.011, 4480864203227, vstest.console.dll, TestPluginCache.GetExtensionPaths: Added unfilterableExtensionPaths: 
TpTrace Information: 0 : 6248, 1, 2025/05/13, 13:44:00.011, 4480864206453, vstest.console.dll, AssemblyResolver.ctor: Creating AssemblyResolver with searchDirectories C:\Program Files\dotnet\sdk\9.0.203\Extensions,C:\Program Files\dotnet\sdk\9.0.203
TpTrace Verbose: 0 : 6248, 1, 2025/05/13, 13:44:00.012, 4480864216386, vstest.console.dll, TestPluginCache.DiscoverTestExtensions: Discovering the extensions using extension path.
TpTrace Verbose: 0 : 6248, 1, 2025/05/13, 13:44:00.013, 4480864217089, vstest.console.dll, TestPluginCache.GetExtensionPaths: Filtered extension paths: 
TpTrace Verbose: 0 : 6248, 1, 2025/05/13, 13:44:00.013, 4480864217322, vstest.console.dll, TestPluginCache.GetExtensionPaths: Added default extension paths: C:\Program Files\dotnet\sdk\9.0.203\Extensions\Microsoft.Diagnostics.NETCore.Client.dll
C:\Program Files\dotnet\sdk\9.0.203\Extensions\Microsoft.TestPlatform.Extensions.BlameDataCollector.dll
C:\Program Files\dotnet\sdk\9.0.203\Extensions\Microsoft.TestPlatform.Extensions.EventLogCollector.dll
C:\Program Files\dotnet\sdk\9.0.203\Extensions\Microsoft.TestPlatform.TestHostRuntimeProvider.dll
C:\Program Files\dotnet\sdk\9.0.203\Extensions\Microsoft.VisualStudio.TestPlatform.Extensions.Html.TestLogger.dll
C:\Program Files\dotnet\sdk\9.0.203\Extensions\Microsoft.VisualStudio.TestPlatform.Extensions.Trx.TestLogger.dll
TpTrace Verbose: 0 : 6248, 1, 2025/05/13, 13:44:00.013, 4480864217776, vstest.console.dll, TestPluginCache.GetExtensionPaths: Added unfilterableExtensionPaths: 
TpTrace Verbose: 0 : 6248, 1, 2025/05/13, 13:44:00.013, 4480864218129, vstest.console.dll, TestPluginCache.DiscoverTestExtensions: Discovering the extensions using allExtensionPaths: C:\Program Files\dotnet\sdk\9.0.203\Extensions\Microsoft.Diagnostics.NETCore.Client.dll
C:\Program Files\dotnet\sdk\9.0.203\Extensions\Microsoft.TestPlatform.Extensions.BlameDataCollector.dll
C:\Program Files\dotnet\sdk\9.0.203\Extensions\Microsoft.TestPlatform.Extensions.EventLogCollector.dll
C:\Program Files\dotnet\sdk\9.0.203\Extensions\Microsoft.TestPlatform.TestHostRuntimeProvider.dll
C:\Program Files\dotnet\sdk\9.0.203\Extensions\Microsoft.VisualStudio.TestPlatform.Extensions.Html.TestLogger.dll
C:\Program Files\dotnet\sdk\9.0.203\Extensions\Microsoft.VisualStudio.TestPlatform.Extensions.Trx.TestLogger.dll
TpTrace Information: 0 : 6248, 1, 2025/05/13, 13:44:00.013, 4480864218540, vstest.console.dll, AssemblyResolver.AddSearchDirectories: Adding more searchDirectories C:\Program Files\dotnet\sdk\9.0.203\Extensions,C:\Program Files\dotnet\sdk\9.0.203
TpTrace Information: 0 : 6248, 1, 2025/05/13, 13:44:00.013, 4480864218743, vstest.console.dll, AssemblyResolver.AddSearchDirectories: Adding more searchDirectories C:\Program Files\dotnet\sdk\9.0.203\Extensions,C:\Program Files\dotnet\sdk\9.0.203
TpTrace Information: 0 : 6248, 1, 2025/05/13, 13:44:00.013, 4480864218959, vstest.console.dll, AssemblyResolver.AddSearchDirectories: Adding more searchDirectories C:\Program Files\dotnet\sdk\9.0.203\Extensions,C:\Program Files\dotnet\sdk\9.0.203
TpTrace Information: 0 : 6248, 1, 2025/05/13, 13:44:00.013, 4480864219111, vstest.console.dll, AssemblyResolver.AddSearchDirectories: Adding more searchDirectories C:\Program Files\dotnet\sdk\9.0.203\Extensions,C:\Program Files\dotnet\sdk\9.0.203
TpTrace Information: 0 : 6248, 1, 2025/05/13, 13:44:00.013, 4480864219261, vstest.console.dll, AssemblyResolver.AddSearchDirectories: Adding more searchDirectories C:\Program Files\dotnet\sdk\9.0.203\Extensions,C:\Program Files\dotnet\sdk\9.0.203
TpTrace Information: 0 : 6248, 1, 2025/05/13, 13:44:00.013, 4480864219478, vstest.console.dll, AssemblyResolver.AddSearchDirectories: Adding more searchDirectories C:\Program Files\dotnet\sdk\9.0.203\Extensions,C:\Program Files\dotnet\sdk\9.0.203
TpTrace Information: 0 : 6248, 1, 2025/05/13, 13:44:00.013, 4480864221969, vstest.console.dll, AssemblyResolver.OnResolve: Microsoft.Diagnostics.NETCore.Client: Resolving assembly.
TpTrace Information: 0 : 6248, 1, 2025/05/13, 13:44:00.013, 4480864222319, vstest.console.dll, AssemblyResolver.OnResolve: Microsoft.Diagnostics.NETCore.Client: Searching in: 'C:\Program Files\dotnet\sdk\9.0.203\Extensions'.
TpTrace Information: 0 : 6248, 1, 2025/05/13, 13:44:00.023, 4480864323267, vstest.console.dll, AssemblyResolver.OnResolve: Microsoft.Diagnostics.NETCore.Client: Loading assembly 'C:\Program Files\dotnet\sdk\9.0.203\Extensions\Microsoft.Diagnostics.NETCore.Client.dll'.
TpTrace Information: 0 : 6248, 1, 2025/05/13, 13:44:00.024, 4480864329269, vstest.console.dll, AssemblyResolver.OnResolve: Resolved assembly: Microsoft.Diagnostics.NETCore.Client, from path: C:\Program Files\dotnet\sdk\9.0.203\Extensions\Microsoft.Diagnostics.NETCore.Client.dll
TpTrace Verbose: 0 : 6248, 1, 2025/05/13, 13:44:00.024, 4480864334963, vstest.console.dll, MetadataReaderExtensionsHelper: Discovering extensions inside assembly 'Microsoft.Diagnostics.NETCore.Client, Version=0.2.11.6601, Culture=neutral, PublicKeyToken=31bf3856ad364e35' file path 'C:\Program Files\dotnet\sdk\9.0.203\Extensions\Microsoft.Diagnostics.NETCore.Client.dll'
TpTrace Information: 0 : 6248, 1, 2025/05/13, 13:44:00.027, 4480864360675, vstest.console.dll, AssemblyResolver.OnResolve: Microsoft.Bcl.AsyncInterfaces: Resolving assembly.
TpTrace Information: 0 : 6248, 1, 2025/05/13, 13:44:00.027, 4480864361172, vstest.console.dll, AssemblyResolver.OnResolve: Microsoft.Bcl.AsyncInterfaces: Searching in: 'C:\Program Files\dotnet\sdk\9.0.203\Extensions'.
TpTrace Information: 0 : 6248, 1, 2025/05/13, 13:44:00.027, 4480864362282, vstest.console.dll, AssemblyResolver.OnResolve: Microsoft.Bcl.AsyncInterfaces: Assembly path does not exist: 'C:\Program Files\dotnet\sdk\9.0.203\Extensions\Microsoft.Bcl.AsyncInterfaces.dll', returning.
TpTrace Information: 0 : 6248, 1, 2025/05/13, 13:44:00.027, 4480864362800, vstest.console.dll, AssemblyResolver.OnResolve: Microsoft.Bcl.AsyncInterfaces: Assembly path does not exist: 'C:\Program Files\dotnet\sdk\9.0.203\Extensions\Microsoft.Bcl.AsyncInterfaces.exe', returning.
TpTrace Information: 0 : 6248, 1, 2025/05/13, 13:44:00.027, 4480864362971, vstest.console.dll, AssemblyResolver.OnResolve: Microsoft.Bcl.AsyncInterfaces: Searching in: 'C:\Program Files\dotnet\sdk\9.0.203'.
TpTrace Information: 0 : 6248, 1, 2025/05/13, 13:44:00.027, 4480864363474, vstest.console.dll, AssemblyResolver.OnResolve: Microsoft.Bcl.AsyncInterfaces: Assembly path does not exist: 'C:\Program Files\dotnet\sdk\9.0.203\Microsoft.Bcl.AsyncInterfaces.dll', returning.
TpTrace Information: 0 : 6248, 1, 2025/05/13, 13:44:00.027, 4480864364038, vstest.console.dll, AssemblyResolver.OnResolve: Microsoft.Bcl.AsyncInterfaces: Assembly path does not exist: 'C:\Program Files\dotnet\sdk\9.0.203\Microsoft.Bcl.AsyncInterfaces.exe', returning.
TpTrace Information: 0 : 6248, 1, 2025/05/13, 13:44:00.027, 4480864364236, vstest.console.dll, AssemblyResolver.OnResolve: Microsoft.Bcl.AsyncInterfaces: Failed to load assembly.
TpTrace Verbose: 0 : 6248, 1, 2025/05/13, 13:44:00.027, 4480864364446, vstest.console.dll, CurrentDomainAssemblyResolve: Resolving assembly 'Microsoft.Bcl.AsyncInterfaces'.
TpTrace Information: 0 : 6248, 1, 2025/05/13, 13:44:00.027, 4480864364719, vstest.console.dll, AssemblyResolver.OnResolve: Microsoft.Bcl.AsyncInterfaces: Resolving assembly.
TpTrace Information: 0 : 6248, 1, 2025/05/13, 13:44:00.027, 4480864364891, vstest.console.dll, AssemblyResolver.OnResolve: Microsoft.Bcl.AsyncInterfaces: Resolved from cache.
TpTrace Verbose: 0 : 6248, 1, 2025/05/13, 13:44:00.027, 4480864365075, vstest.console.dll, CurrentDomainAssemblyResolve: Resolving assembly 'Microsoft.Bcl.AsyncInterfaces'.
TpTrace Verbose: 0 : 6248, 1, 2025/05/13, 13:44:00.027, 4480864365258, vstest.console.dll, CurrentDomainAssemblyResolve: Failed to resolve assembly 'Microsoft.Bcl.AsyncInterfaces'.
TpTrace Verbose: 0 : 6248, 1, 2025/05/13, 13:44:00.028, 4480864371131, vstest.console.dll, CurrentDomainAssemblyResolve: Failed to resolve assembly 'Microsoft.Bcl.AsyncInterfaces'.
TpTrace Warning: 0 : 6248, 1, 2025/05/13, 13:44:00.037, 4480864459406, vstest.console.dll, TestPluginDiscoverer: Failed to get types from assembly 'Microsoft.Diagnostics.NETCore.Client, Version=0.2.11.6601, Culture=neutral, PublicKeyToken=31bf3856ad364e35'. Error: System.Reflection.ReflectionTypeLoadException: Unable to load one or more of the requested types.
Could not load file or assembly 'Microsoft.Bcl.AsyncInterfaces, Version=6.0.0.0, Culture=neutral, PublicKeyToken=cc7b13ffcd2ddd51'. The system cannot find the file specified.
   at System.Reflection.RuntimeModule.GetDefinedTypes()
   at System.Reflection.RuntimeModule.GetTypes()
   at Microsoft.VisualStudio.TestPlatform.Common.ExtensionFramework.TestPluginDiscoverer.GetTestExtensionsFromAssembly[TPluginInfo,TExtension](Assembly assembly, Dictionary`2 pluginInfos, String filePath) in /_/src/Microsoft.TestPlatform.Common/ExtensionFramework/TestPluginDiscoverer.cs:line 159
System.IO.FileNotFoundException: Could not load file or assembly 'Microsoft.Bcl.AsyncInterfaces, Version=6.0.0.0, Culture=neutral, PublicKeyToken=cc7b13ffcd2ddd51'. The system cannot find the file specified.
File name: 'Microsoft.Bcl.AsyncInterfaces, Version=6.0.0.0, Culture=neutral, PublicKeyToken=cc7b13ffcd2ddd51'
 ---> System.IO.FileNotFoundException: Could not load file or assembly 'Microsoft.Bcl.AsyncInterfaces, Culture=neutral, PublicKeyToken=null'. The system cannot find the file specified.
File name: 'Microsoft.Bcl.AsyncInterfaces, Culture=neutral, PublicKeyToken=null'
   at System.Reflection.RuntimeAssembly.InternalLoad(AssemblyName assemblyName, StackCrawlMark& stackMark, AssemblyLoadContext assemblyLoadContext, RuntimeAssembly requestingAssembly, Boolean throwOnFileNotFound)
   at System.Reflection.Assembly.Load(AssemblyName assemblyRef)
   at Microsoft.VisualStudio.TestPlatform.Common.ExtensionFramework.TestPluginCache.CurrentDomainAssemblyResolve(Object sender, AssemblyResolveEventArgs args) in /_/src/Microsoft.TestPlatform.Common/ExtensionFramework/TestPluginCache.cs:line 514
   at System.Runtime.Loader.AssemblyLoadContext.GetFirstResolvedAssemblyFromResolvingEvent(AssemblyName assemblyName)
   at System.Runtime.Loader.AssemblyLoadContext.ResolveUsingEvent(AssemblyName assemblyName)
   at System.Runtime.Loader.AssemblyLoadContext.ResolveUsingResolvingEvent(IntPtr gchManagedAssemblyLoadContext, AssemblyName assemblyName)
TpTrace Warning: 0 : 6248, 1, 2025/05/13, 13:44:00.037, 4480864461385, vstest.console.dll, LoaderExceptions: System.IO.FileNotFoundException: Could not load file or assembly 'Microsoft.Bcl.AsyncInterfaces, Version=6.0.0.0, Culture=neutral, PublicKeyToken=cc7b13ffcd2ddd51'. The system cannot find the file specified.
File name: 'Microsoft.Bcl.AsyncInterfaces, Version=6.0.0.0, Culture=neutral, PublicKeyToken=cc7b13ffcd2ddd51'
 ---> System.IO.FileNotFoundException: Could not load file or assembly 'Microsoft.Bcl.AsyncInterfaces, Culture=neutral, PublicKeyToken=null'. The system cannot find the file specified.
File name: 'Microsoft.Bcl.AsyncInterfaces, Culture=neutral, PublicKeyToken=null'
   at System.Reflection.RuntimeAssembly.InternalLoad(AssemblyName assemblyName, StackCrawlMark& stackMark, AssemblyLoadContext assemblyLoadContext, RuntimeAssembly requestingAssembly, Boolean throwOnFileNotFound)
   at System.Reflection.Assembly.Load(AssemblyName assemblyRef)
   at Microsoft.VisualStudio.TestPlatform.Common.ExtensionFramework.TestPluginCache.CurrentDomainAssemblyResolve(Object sender, AssemblyResolveEventArgs args) in /_/src/Microsoft.TestPlatform.Common/ExtensionFramework/TestPluginCache.cs:line 514
   at System.Runtime.Loader.AssemblyLoadContext.GetFirstResolvedAssemblyFromResolvingEvent(AssemblyName assemblyName)
   at System.Runtime.Loader.AssemblyLoadContext.ResolveUsingEvent(AssemblyName assemblyName)
   at System.Runtime.Loader.AssemblyLoadContext.ResolveUsingResolvingEvent(IntPtr gchManagedAssemblyLoadContext, AssemblyName assemblyName)
TpTrace Information: 0 : 6248, 1, 2025/05/13, 13:44:00.037, 4480864462090, vstest.console.dll, AssemblyResolver.OnResolve: Microsoft.TestPlatform.Extensions.BlameDataCollector: Resolving assembly.
TpTrace Information: 0 : 6248, 1, 2025/05/13, 13:44:00.037, 4480864462291, vstest.console.dll, AssemblyResolver.OnResolve: Microsoft.TestPlatform.Extensions.BlameDataCollector: Searching in: 'C:\Program Files\dotnet\sdk\9.0.203\Extensions'.
TpTrace Information: 0 : 6248, 1, 2025/05/13, 13:44:00.037, 4480864465181, vstest.console.dll, AssemblyResolver.OnResolve: Microsoft.TestPlatform.Extensions.BlameDataCollector: Loading assembly 'C:\Program Files\dotnet\sdk\9.0.203\Extensions\Microsoft.TestPlatform.Extensions.BlameDataCollector.dll'.
TpTrace Information: 0 : 6248, 1, 2025/05/13, 13:44:00.038, 4480864470559, vstest.console.dll, AssemblyResolver.OnResolve: Resolved assembly: Microsoft.TestPlatform.Extensions.BlameDataCollector, from path: C:\Program Files\dotnet\sdk\9.0.203\Extensions\Microsoft.TestPlatform.Extensions.BlameDataCollector.dll
TpTrace Verbose: 0 : 6248, 1, 2025/05/13, 13:44:00.038, 4480864471108, vstest.console.dll, MetadataReaderExtensionsHelper: Discovering extensions inside assembly 'Microsoft.TestPlatform.Extensions.BlameDataCollector, Version=15.0.0.0, Culture=neutral, PublicKeyToken=b03f5f7f11d50a3a' file path 'C:\Program Files\dotnet\sdk\9.0.203\Extensions\Microsoft.TestPlatform.Extensions.BlameDataCollector.dll'
TpTrace Information: 0 : 6248, 1, 2025/05/13, 13:44:00.039, 4480864478549, vstest.console.dll, AssemblyResolver.OnResolve: Microsoft.TestPlatform.Extensions.EventLogCollector: Resolving assembly.
TpTrace Information: 0 : 6248, 1, 2025/05/13, 13:44:00.039, 4480864479314, vstest.console.dll, AssemblyResolver.OnResolve: Microsoft.TestPlatform.Extensions.EventLogCollector: Searching in: 'C:\Program Files\dotnet\sdk\9.0.203\Extensions'.
TpTrace Information: 0 : 6248, 1, 2025/05/13, 13:44:00.039, 4480864481706, vstest.console.dll, AssemblyResolver.OnResolve: Microsoft.TestPlatform.Extensions.EventLogCollector: Loading assembly 'C:\Program Files\dotnet\sdk\9.0.203\Extensions\Microsoft.TestPlatform.Extensions.EventLogCollector.dll'.
TpTrace Information: 0 : 6248, 1, 2025/05/13, 13:44:00.039, 4480864486033, vstest.console.dll, AssemblyResolver.OnResolve: Resolved assembly: Microsoft.TestPlatform.Extensions.EventLogCollector, from path: C:\Program Files\dotnet\sdk\9.0.203\Extensions\Microsoft.TestPlatform.Extensions.EventLogCollector.dll
TpTrace Verbose: 0 : 6248, 1, 2025/05/13, 13:44:00.039, 4480864486516, vstest.console.dll, MetadataReaderExtensionsHelper: Discovering extensions inside assembly 'Microsoft.TestPlatform.Extensions.EventLogCollector, Version=15.0.0.0, Culture=neutral, PublicKeyToken=b03f5f7f11d50a3a' file path 'C:\Program Files\dotnet\sdk\9.0.203\Extensions\Microsoft.TestPlatform.Extensions.EventLogCollector.dll'
TpTrace Information: 0 : 6248, 1, 2025/05/13, 13:44:00.041, 4480864501340, vstest.console.dll, AssemblyResolver.OnResolve: Microsoft.TestPlatform.TestHostRuntimeProvider: Resolving assembly.
TpTrace Information: 0 : 6248, 1, 2025/05/13, 13:44:00.041, 4480864501744, vstest.console.dll, AssemblyResolver.OnResolve: Microsoft.TestPlatform.TestHostRuntimeProvider: Searching in: 'C:\Program Files\dotnet\sdk\9.0.203\Extensions'.
TpTrace Information: 0 : 6248, 1, 2025/05/13, 13:44:00.041, 4480864503874, vstest.console.dll, AssemblyResolver.OnResolve: Microsoft.TestPlatform.TestHostRuntimeProvider: Loading assembly 'C:\Program Files\dotnet\sdk\9.0.203\Extensions\Microsoft.TestPlatform.TestHostRuntimeProvider.dll'.
TpTrace Information: 0 : 6248, 1, 2025/05/13, 13:44:00.042, 4480864508495, vstest.console.dll, AssemblyResolver.OnResolve: Resolved assembly: Microsoft.TestPlatform.TestHostRuntimeProvider, from path: C:\Program Files\dotnet\sdk\9.0.203\Extensions\Microsoft.TestPlatform.TestHostRuntimeProvider.dll
TpTrace Verbose: 0 : 6248, 1, 2025/05/13, 13:44:00.042, 4480864508882, vstest.console.dll, MetadataReaderExtensionsHelper: Discovering extensions inside assembly 'Microsoft.TestPlatform.TestHostRuntimeProvider, Version=15.0.0.0, Culture=neutral, PublicKeyToken=b03f5f7f11d50a3a' file path 'C:\Program Files\dotnet\sdk\9.0.203\Extensions\Microsoft.TestPlatform.TestHostRuntimeProvider.dll'
TpTrace Information: 0 : 6248, 1, 2025/05/13, 13:44:00.042, 4480864516543, vstest.console.dll, GetTestExtensionFromType: Register extension with identifier data 'HostProvider://DefaultTestHost' and type 'Microsoft.VisualStudio.TestPlatform.CrossPlatEngine.Hosting.DefaultTestHostManager, Microsoft.TestPlatform.TestHostRuntimeProvider, Version=15.0.0.0, Culture=neutral, PublicKeyToken=b03f5f7f11d50a3a' inside file 'C:\Program Files\dotnet\sdk\9.0.203\Extensions\Microsoft.TestPlatform.TestHostRuntimeProvider.dll'
TpTrace Information: 0 : 6248, 1, 2025/05/13, 13:44:00.043, 4480864518012, vstest.console.dll, GetTestExtensionFromType: Register extension with identifier data 'HostProvider://DotnetTestHost' and type 'Microsoft.VisualStudio.TestPlatform.CrossPlatEngine.Hosting.DotnetTestHostManager, Microsoft.TestPlatform.TestHostRuntimeProvider, Version=15.0.0.0, Culture=neutral, PublicKeyToken=b03f5f7f11d50a3a' inside file 'C:\Program Files\dotnet\sdk\9.0.203\Extensions\Microsoft.TestPlatform.TestHostRuntimeProvider.dll'
TpTrace Information: 0 : 6248, 1, 2025/05/13, 13:44:00.043, 4480864518405, vstest.console.dll, AssemblyResolver.OnResolve: Microsoft.VisualStudio.TestPlatform.Extensions.Html.TestLogger: Resolving assembly.
TpTrace Information: 0 : 6248, 1, 2025/05/13, 13:44:00.043, 4480864518629, vstest.console.dll, AssemblyResolver.OnResolve: Microsoft.VisualStudio.TestPlatform.Extensions.Html.TestLogger: Searching in: 'C:\Program Files\dotnet\sdk\9.0.203\Extensions'.
TpTrace Information: 0 : 6248, 1, 2025/05/13, 13:44:00.043, 4480864520851, vstest.console.dll, AssemblyResolver.OnResolve: Microsoft.VisualStudio.TestPlatform.Extensions.Html.TestLogger: Loading assembly 'C:\Program Files\dotnet\sdk\9.0.203\Extensions\Microsoft.VisualStudio.TestPlatform.Extensions.Html.TestLogger.dll'.
TpTrace Information: 0 : 6248, 1, 2025/05/13, 13:44:00.043, 4480864525258, vstest.console.dll, AssemblyResolver.OnResolve: Resolved assembly: Microsoft.VisualStudio.TestPlatform.Extensions.Html.TestLogger, from path: C:\Program Files\dotnet\sdk\9.0.203\Extensions\Microsoft.VisualStudio.TestPlatform.Extensions.Html.TestLogger.dll
TpTrace Verbose: 0 : 6248, 1, 2025/05/13, 13:44:00.043, 4480864525636, vstest.console.dll, MetadataReaderExtensionsHelper: Discovering extensions inside assembly 'Microsoft.VisualStudio.TestPlatform.Extensions.Html.TestLogger, Version=15.0.0.0, Culture=neutral, PublicKeyToken=b03f5f7f11d50a3a' file path 'C:\Program Files\dotnet\sdk\9.0.203\Extensions\Microsoft.VisualStudio.TestPlatform.Extensions.Html.TestLogger.dll'
TpTrace Information: 0 : 6248, 1, 2025/05/13, 13:44:00.044, 4480864529646, vstest.console.dll, AssemblyResolver.OnResolve: Microsoft.VisualStudio.TestPlatform.Extensions.Trx.TestLogger: Resolving assembly.
TpTrace Information: 0 : 6248, 1, 2025/05/13, 13:44:00.044, 4480864530011, vstest.console.dll, AssemblyResolver.OnResolve: Microsoft.VisualStudio.TestPlatform.Extensions.Trx.TestLogger: Searching in: 'C:\Program Files\dotnet\sdk\9.0.203\Extensions'.
TpTrace Information: 0 : 6248, 1, 2025/05/13, 13:44:00.044, 4480864532146, vstest.console.dll, AssemblyResolver.OnResolve: Microsoft.VisualStudio.TestPlatform.Extensions.Trx.TestLogger: Loading assembly 'C:\Program Files\dotnet\sdk\9.0.203\Extensions\Microsoft.VisualStudio.TestPlatform.Extensions.Trx.TestLogger.dll'.
TpTrace Information: 0 : 6248, 1, 2025/05/13, 13:44:00.044, 4480864536613, vstest.console.dll, AssemblyResolver.OnResolve: Resolved assembly: Microsoft.VisualStudio.TestPlatform.Extensions.Trx.TestLogger, from path: C:\Program Files\dotnet\sdk\9.0.203\Extensions\Microsoft.VisualStudio.TestPlatform.Extensions.Trx.TestLogger.dll
TpTrace Verbose: 0 : 6248, 1, 2025/05/13, 13:44:00.045, 4480864536999, vstest.console.dll, MetadataReaderExtensionsHelper: Discovering extensions inside assembly 'Microsoft.VisualStudio.TestPlatform.Extensions.Trx.TestLogger, Version=15.0.0.0, Culture=neutral, PublicKeyToken=b03f5f7f11d50a3a' file path 'C:\Program Files\dotnet\sdk\9.0.203\Extensions\Microsoft.VisualStudio.TestPlatform.Extensions.Trx.TestLogger.dll'
TpTrace Verbose: 0 : 6248, 1, 2025/05/13, 13:44:00.045, 4480864542124, vstest.console.dll, TestPluginCache: Discovered the extensions using extension path ''.
TpTrace Verbose: 0 : 6248, 1, 2025/05/13, 13:44:00.045, 4480864542537, vstest.console.dll, TestPluginCache: Discoverers are ''.
TpTrace Verbose: 0 : 6248, 1, 2025/05/13, 13:44:00.045, 4480864542695, vstest.console.dll, TestPluginCache: Executors are ''.
TpTrace Verbose: 0 : 6248, 1, 2025/05/13, 13:44:00.045, 4480864542837, vstest.console.dll, TestPluginCache: Executors2 are ''.
TpTrace Verbose: 0 : 6248, 1, 2025/05/13, 13:44:00.045, 4480864542977, vstest.console.dll, TestPluginCache: Setting providers are ''.
TpTrace Verbose: 0 : 6248, 1, 2025/05/13, 13:44:00.045, 4480864543117, vstest.console.dll, TestPluginCache: Loggers are ''.
TpTrace Verbose: 0 : 6248, 1, 2025/05/13, 13:44:00.045, 4480864543979, vstest.console.dll, TestPluginCache: TestHosts are 'HostProvider://DefaultTestHost,HostProvider://DotnetTestHost'.
TpTrace Verbose: 0 : 6248, 1, 2025/05/13, 13:44:00.045, 4480864544197, vstest.console.dll, TestPluginCache: DataCollectors are ''.
TpTrace Information: 0 : 6248, 1, 2025/05/13, 13:44:00.054, 4480864634504, vstest.console.dll, RunTestsArgumentProcessor:Execute: Test run is starting.
TpTrace Verbose: 0 : 6248, 1, 2025/05/13, 13:44:00.055, 4480864643470, vstest.console.dll, RunTestsArgumentProcessor:Execute: Queuing Test run.
TpTrace Information: 0 : 6248, 1, 2025/05/13, 13:44:00.055, 4480864644860, vstest.console.dll, TestRequestManager.RunTests: run tests started.
TpTrace Information: 0 : 6248, 1, 2025/05/13, 13:44:00.056, 4480864655123, vstest.console.dll, AssemblyMetadataProvider.GetFrameworkName: Determined framework:'.NETFramework,Version=v4.8' for source: 'C:\Users\barrya\source\repos\RailDesigner1\bin\Debug\RailDesigner1.dll'
TpTrace Information: 0 : 6248, 1, 2025/05/13, 13:44:00.056, 4480864655945, vstest.console.dll, Determined framework for all sources: .NETFramework,Version=v4.8
TpTrace Verbose: 0 : 6248, 1, 2025/05/13, 13:44:00.057, 4480864657248, vstest.console.dll, TestRequestManager.UpdateRunSettingsIfRequired: Default architecture: X64 IsDefaultTargetArchitecture: False, Current process architecture: X64 OperatingSystem: Windows.
TpTrace Information: 0 : 6248, 1, 2025/05/13, 13:44:00.057, 4480864657562, vstest.console.dll, Platform is set by runsettings to be 'X64' for all sources.
TpTrace Information: 0 : 6248, 1, 2025/05/13, 13:44:00.057, 4480864665567, vstest.console.dll, AssemblyMetadataProvider.GetArchitecture: Determined architecture:X64 info for assembly: C:\Users\barrya\source\repos\RailDesigner1\bin\Debug\RailDesigner1.dll
TpTrace Information: 0 : 6248, 1, 2025/05/13, 13:44:00.057, 4480864666218, vstest.console.dll, Determined platform for source 'C:\Users\barrya\source\repos\RailDesigner1\bin\Debug\RailDesigner1.dll' was 'X64'.
TpTrace Information: 0 : 6248, 1, 2025/05/13, 13:44:00.057, 4480864666428, vstest.console.dll, Determined platform for all sources: X64
TpTrace Information: 0 : 6248, 1, 2025/05/13, 13:44:00.058, 4480864674878, vstest.console.dll, Compatible sources list: 
TpTrace Information: 0 : 6248, 1, 2025/05/13, 13:44:00.058, 4480864675442, vstest.console.dll, C:\Users\barrya\source\repos\RailDesigner1\bin\Debug\RailDesigner1.dll
TpTrace Information: 0 : 6248, 1, 2025/05/13, 13:44:00.060, 4480864689189, vstest.console.dll, InferRunSettingsHelper.IsTestSettingsEnabled: Unable to navigate to RunSettings/MSTest. Current node: RunSettings
TpTrace Information: 0 : 6248, 1, 2025/05/13, 13:44:00.060, 4480864692136, vstest.console.dll, AssemblyResolver.OnResolve: Microsoft.VisualStudio.TestPlatform.Fakes: Resolving assembly.
TpTrace Information: 0 : 6248, 1, 2025/05/13, 13:44:00.060, 4480864692493, vstest.console.dll, AssemblyResolver.OnResolve: Microsoft.VisualStudio.TestPlatform.Fakes: Searching in: 'C:\Program Files\dotnet\sdk\9.0.203\Extensions'.
TpTrace Information: 0 : 6248, 1, 2025/05/13, 13:44:00.060, 4480864693329, vstest.console.dll, AssemblyResolver.OnResolve: Microsoft.VisualStudio.TestPlatform.Fakes: Assembly path does not exist: 'C:\Program Files\dotnet\sdk\9.0.203\Extensions\Microsoft.VisualStudio.TestPlatform.Fakes.dll', returning.
TpTrace Information: 0 : 6248, 1, 2025/05/13, 13:44:00.060, 4480864693832, vstest.console.dll, AssemblyResolver.OnResolve: Microsoft.VisualStudio.TestPlatform.Fakes: Assembly path does not exist: 'C:\Program Files\dotnet\sdk\9.0.203\Extensions\Microsoft.VisualStudio.TestPlatform.Fakes.exe', returning.
TpTrace Information: 0 : 6248, 1, 2025/05/13, 13:44:00.060, 4480864694002, vstest.console.dll, AssemblyResolver.OnResolve: Microsoft.VisualStudio.TestPlatform.Fakes: Searching in: 'C:\Program Files\dotnet\sdk\9.0.203'.
TpTrace Information: 0 : 6248, 1, 2025/05/13, 13:44:00.060, 4480864694569, vstest.console.dll, AssemblyResolver.OnResolve: Microsoft.VisualStudio.TestPlatform.Fakes: Assembly path does not exist: 'C:\Program Files\dotnet\sdk\9.0.203\Microsoft.VisualStudio.TestPlatform.Fakes.dll', returning.
TpTrace Information: 0 : 6248, 1, 2025/05/13, 13:44:00.060, 4480864695155, vstest.console.dll, AssemblyResolver.OnResolve: Microsoft.VisualStudio.TestPlatform.Fakes: Assembly path does not exist: 'C:\Program Files\dotnet\sdk\9.0.203\Microsoft.VisualStudio.TestPlatform.Fakes.exe', returning.
TpTrace Information: 0 : 6248, 1, 2025/05/13, 13:44:00.060, 4480864695361, vstest.console.dll, AssemblyResolver.OnResolve: Microsoft.VisualStudio.TestPlatform.Fakes: Failed to load assembly.
TpTrace Information: 0 : 6248, 1, 2025/05/13, 13:44:00.061, 4480864705114, vstest.console.dll, Failed to load assembly Microsoft.VisualStudio.TestPlatform.Fakes, Version=17.0.0.0, Culture=neutral. Reason:System.IO.FileNotFoundException: Could not load file or assembly 'Microsoft.VisualStudio.TestPlatform.Fakes, Version=17.0.0.0, Culture=neutral, PublicKeyToken=null'. The system cannot find the file specified.
File name: 'Microsoft.VisualStudio.TestPlatform.Fakes, Version=17.0.0.0, Culture=neutral, PublicKeyToken=null'
   at System.Reflection.RuntimeAssembly.InternalLoad(AssemblyName assemblyName, StackCrawlMark& stackMark, AssemblyLoadContext assemblyLoadContext, RuntimeAssembly requestingAssembly, Boolean throwOnFileNotFound)
   at System.Reflection.Assembly.Load(AssemblyName assemblyRef)
   at Microsoft.VisualStudio.TestPlatform.Common.Utilities.FakesUtilities.LoadTestPlatformAssembly() in /_/src/Microsoft.TestPlatform.Common/Utilities/FakesUtilities.cs:line 273
TpTrace Verbose: 0 : 6248, 1, 2025/05/13, 13:44:00.069, 4480864785076, vstest.console.dll, TestEngine: Initializing Parallel Execution as MaxCpuCount is set to: 1
TpTrace Information: 0 : 6248, 1, 2025/05/13, 13:44:00.070, 4480864791625, vstest.console.dll, TestPluginManager.CreateTestExtension: Attempting to load test extension: Microsoft.VisualStudio.TestPlatform.CrossPlatEngine.Hosting.DefaultTestHostManager
TpTrace Verbose: 0 : 6248, 1, 2025/05/13, 13:44:00.071, 4480864798766, vstest.console.dll, TestHostManagerCallbacks.ctor: Forwarding output is enabled.
TpTrace Information: 0 : 6248, 1, 2025/05/13, 13:44:00.071, 4480864800847, vstest.console.dll, InferRunSettingsHelper.IsTestSettingsEnabled: Unable to navigate to RunSettings/MSTest. Current node: RunSettings
TpTrace Verbose: 0 : 6248, 1, 2025/05/13, 13:44:00.071, 4480864806426, vstest.console.dll, ParallelOperationManager.ClearSlots: Clearing all slots. Slots should accept more work: True
TpTrace Verbose: 0 : 6248, 1, 2025/05/13, 13:44:00.072, 4480864809157, vstest.console.dll, ParallelOperationManager.SetOccupiedSlotCount: Setting slot counts AvailableSlotCount = 1, OccupiedSlotCount = 0.
TpTrace Verbose: 0 : 6248, 1, 2025/05/13, 13:44:00.072, 4480864810927, vstest.console.dll, Occupied slots:

TpTrace Verbose: 0 : 6248, 1, 2025/05/13, 13:44:00.073, 4480864825846, vstest.console.dll, TestEngine.GetExecutionManager: Chosen execution manager 'Microsoft.VisualStudio.TestPlatform.CrossPlatEngine.Client.Parallel.ParallelProxyExecutionManager, Microsoft.TestPlatform.CrossPlatEngine, Version=15.0.0.0, Culture=neutral, PublicKeyToken=b03f5f7f11d50a3a' ParallelLevel '1'.
TpTrace Verbose: 0 : 6248, 1, 2025/05/13, 13:44:00.073, 4480864826854, vstest.console.dll, TestPlatform.GetSkipDefaultAdapters: Not skipping default adapters SkipDefaultAdapters was false.
TpTrace Verbose: 0 : 6248, 1, 2025/05/13, 13:44:00.074, 4480864827302, vstest.console.dll, TestRunRequest.ExecuteAsync: Creating test run request.
TpTrace Verbose: 0 : 6248, 1, 2025/05/13, 13:44:00.074, 4480864828683, vstest.console.dll, TestRunRequest.ExecuteAsync: Starting.
TpTrace Information: 0 : 6248, 1, 2025/05/13, 13:44:00.074, 4480864833883, vstest.console.dll, TestRunRequest.ExecuteAsync: Starting run with settings:TestRunCriteria:
   KeepAlive=False,FrequencyOfRunStatsChangeEvent=10,RunStatsChangeEventTimeout=00:00:01.5000000,TestCaseFilter=,TestExecutorLauncher=
   Settingsxml=<RunSettings>
  <RunConfiguration>
    <ResultsDirectory>C:\Users\barrya\source\repos\RailDesigner1\TestResults</ResultsDirectory>
    <TargetPlatform>X64</TargetPlatform>
    <TargetFrameworkVersion>.NETFramework,Version=v4.8</TargetFrameworkVersion>
    <DesignMode>False</DesignMode>
    <CollectSourceInformation>False</CollectSourceInformation>
  </RunConfiguration>
  <LoggerRunSettings>
    <Loggers>
      <Logger friendlyName="console" assemblyQualifiedName="Microsoft.VisualStudio.TestPlatform.CommandLine.Internal.ConsoleLogger, vstest.console, Version=15.0.0.0, Culture=neutral, PublicKeyToken=b03f5f7f11d50a3a" codeBase="C:\Program Files\dotnet\sdk\9.0.203\vstest.console.dll" enabled="True">
        <Configuration>
          <verbosity>detailed</verbosity>
        </Configuration>
      </Logger>
      <Logger friendlyName="Microsoft.TestPlatform.MSBuildLogger" assemblyQualifiedName="Microsoft.VisualStudio.TestPlatform.CommandLine.Internal.MSBuildLogger, vstest.console, Version=15.0.0.0, Culture=neutral, PublicKeyToken=b03f5f7f11d50a3a" codeBase="C:\Program Files\dotnet\sdk\9.0.203\vstest.console.dll" enabled="True">
        <Configuration>
          <Verbosity>minimal</Verbosity>
        </Configuration>
      </Logger>
    </Loggers>
  </LoggerRunSettings>
</RunSettings>

TpTrace Verbose: 0 : 6248, 1, 2025/05/13, 13:44:00.074, 4480864834556, vstest.console.dll, TestRunRequest.ExecuteAsync: Wait for the first run request is over.
TpTrace Verbose: 0 : 6248, 1, 2025/05/13, 13:44:00.074, 4480864835871, vstest.console.dll, MulticastDelegateUtilities.SafeInvoke: TestRun.TestRunStart: Invoking callbacks was skipped because there are no subscribers.
TpTrace Verbose: 0 : 6248, 4, 2025/05/13, 13:44:00.074, 4480864836954, vstest.console.dll, MulticastDelegateUtilities.SafeInvoke: InternalTestLoggerEvents.SendTestRunStart: Invoking callback 1/1 for Microsoft.VisualStudio.TestPlatform.CommandLine.Internal.ConsoleLogger., took 0 ms.
TpTrace Verbose: 0 : 6248, 1, 2025/05/13, 13:44:00.075, 4480864841548, vstest.console.dll, ParallelProxyExecutionManager: Start execution. Total sources: 1
TpTrace Verbose: 0 : 6248, 1, 2025/05/13, 13:44:00.075, 4480864843011, vstest.console.dll, ParallelOperationManager.StartWork: Starting adding 1 workloads.
TpTrace Verbose: 0 : 6248, 1, 2025/05/13, 13:44:00.075, 4480864843300, vstest.console.dll, ParallelOperationManager.ClearSlots: Clearing all slots. Slots should accept more work: True
TpTrace Verbose: 0 : 6248, 1, 2025/05/13, 13:44:00.075, 4480864843603, vstest.console.dll, ParallelOperationManager.SetOccupiedSlotCount: Setting slot counts AvailableSlotCount = 1, OccupiedSlotCount = 0.
TpTrace Verbose: 0 : 6248, 1, 2025/05/13, 13:44:00.075, 4480864843772, vstest.console.dll, Occupied slots:

TpTrace Verbose: 0 : 6248, 1, 2025/05/13, 13:44:00.076, 4480864849210, vstest.console.dll, TestHostManagerCallbacks.ctor: Forwarding output is enabled.
TpTrace Verbose: 0 : 6248, 1, 2025/05/13, 13:44:00.076, 4480864850312, vstest.console.dll, TestRequestSender is acting as server.
TpTrace Verbose: 0 : 6248, 1, 2025/05/13, 13:44:00.076, 4480864851447, vstest.console.dll, ParallelOperationManager.RunWorkInParallel: Adding 1 workload to slot, remaining workloads 0.
TpTrace Verbose: 0 : 6248, 1, 2025/05/13, 13:44:00.076, 4480864851678, vstest.console.dll, ParallelOperationManager.SetOccupiedSlotCount: Setting slot counts AvailableSlotCount = 0, OccupiedSlotCount = 1.
TpTrace Verbose: 0 : 6248, 1, 2025/05/13, 13:44:00.076, 4480864852116, vstest.console.dll, Occupied slots:
0: C:\Users\barrya\source\repos\RailDesigner1\bin\Debug\RailDesigner1.dll
TpTrace Verbose: 0 : 6248, 1, 2025/05/13, 13:44:00.077, 4480864857980, vstest.console.dll, ParallelOperationManager.RunWorkInParallel: Started host in slot number 0 for work (source): C:\Users\barrya\source\repos\RailDesigner1\bin\Debug\RailDesigner1.dll.
TpTrace Verbose: 0 : 6248, 5, 2025/05/13, 13:44:00.077, 4480864862695, vstest.console.dll, ParallelProxyExecutionManager.StartTestRunOnConcurrentManager: Initializing uninitialized client. Started clients: 0
TpTrace Verbose: 0 : 6248, 1, 2025/05/13, 13:44:00.077, 4480864863009, vstest.console.dll, ParallelOperationManager.RunWorkInParallel: We started 1 work items, which is the max parallel level. Won't start more work.
TpTrace Verbose: 0 : 6248, 5, 2025/05/13, 13:44:00.077, 4480864863111, vstest.console.dll, ParallelProxyExecutionManager.StartTestRunOnConcurrentManager: Initializing test run. Started clients: 0
TpTrace Verbose: 0 : 6248, 1, 2025/05/13, 13:44:00.077, 4480864863543, vstest.console.dll, ParallelOperationManager.RunWorkInParallel: We started 1 work items in here, returning True.
TpTrace Information: 0 : 6248, 1, 2025/05/13, 13:44:00.077, 4480864863964, vstest.console.dll, TestRunRequest.ExecuteAsync: Started.
TpTrace Verbose: 0 : 6248, 5, 2025/05/13, 13:44:00.077, 4480864863972, vstest.console.dll, ProxyExecutionManager: Test host is always Lazy initialize.
TpTrace Verbose: 0 : 6248, 5, 2025/05/13, 13:44:00.077, 4480864865329, vstest.console.dll, TestRequestSender.InitializeCommunication: initialize communication. 
TpTrace Verbose: 0 : 6248, 1, 2025/05/13, 13:44:00.078, 4480864867821, vstest.console.dll, TestRunRequest.WaitForCompletion: Waiting with timeout -1.
TpTrace Information: 0 : 6248, 5, 2025/05/13, 13:44:00.083, 4480864923337, vstest.console.dll, SocketServer.Start: Listening on endpoint : 127.0.0.1:57968
TpTrace Verbose: 0 : 6248, 5, 2025/05/13, 13:44:00.088, 4480864967951, vstest.console.dll, DefaultTestHostmanager.GetTestHostProcessStartInfo: Trying to use testhost.net48.exe from C:\Program Files\dotnet\sdk\9.0.203\Extensions\..\TestHostNetFramework\testhost.net48.exe
TpTrace Verbose: 0 : 6248, 5, 2025/05/13, 13:44:00.088, 4480864972939, vstest.console.dll, Launching default test Host Process C:\Program Files\dotnet\sdk\9.0.203\Extensions\..\TestHostNetFramework\testhost.net48.exe with arguments  --port 57968 --endpoint 127.0.0.1:057968 --role client --parentprocessid 6248 --diag "C:\Users\barrya\source\repos\RailDesigner1\test_run_diag.host.25-05-13_13-44-00_08768_5.log" --tracelevel 4 --telemetryoptedin false
TpTrace Verbose: 0 : 6248, 5, 2025/05/13, 13:44:00.088, 4480864973205, vstest.console.dll, DefaultTestHostManager: Starting process 'C:\Program Files\dotnet\sdk\9.0.203\Extensions\..\TestHostNetFramework\testhost.net48.exe' with command line ' --port 57968 --endpoint 127.0.0.1:057968 --role client --parentprocessid 6248 --diag "C:\Users\barrya\source\repos\RailDesigner1\test_run_diag.host.25-05-13_13-44-00_08768_5.log" --tracelevel 4 --telemetryoptedin false'
TpTrace Verbose: 0 : 6248, 5, 2025/05/13, 13:44:00.093, 4480865023470, vstest.console.dll, Test Runtime launched
TpTrace Verbose: 0 : 6248, 5, 2025/05/13, 13:44:00.093, 4480865024421, vstest.console.dll, MulticastDelegateUtilities.SafeInvoke: HostProviderEvents.OnHostLaunched: Invoking callback 1/1 for Microsoft.VisualStudio.TestPlatform.CrossPlatEngine.Client.ProxyOperationManager., took 0 ms.
TpTrace Verbose: 0 : 6248, 5, 2025/05/13, 13:44:00.093, 4480865025903, vstest.console.dll, TestRequestSender.WaitForRequestHandlerConnection: waiting for connection with timeout: 90000.
TpTrace Verbose: 0 : 6248, 5, 2025/05/13, 13:44:00.275, 4480866837032, vstest.console.dll, TestRequestSender.WaitForRequestHandlerConnection: waiting took 181 ms, with timeout 90000 ms, and result 0, which is success.
TpTrace Verbose: 0 : 6248, 11, 2025/05/13, 13:44:00.275, 4480866837033, vstest.console.dll, MulticastDelegateUtilities.SafeInvoke: SocketServer: ClientConnected: Invoking callback 1/1 for Microsoft.VisualStudio.TestPlatform.CommunicationUtilities.TestRequestSender., took 0 ms.
TpTrace Verbose: 0 : 6248, 11, 2025/05/13, 13:44:00.275, 4480866838461, vstest.console.dll, SocketServer.OnClientConnected: Client connected for endPoint: 127.0.0.1:57968, starting MessageLoopAsync:
TpTrace Verbose: 0 : 6248, 11, 2025/05/13, 13:44:00.275, 4480866840661, vstest.console.dll, TcpClientExtensions.MessageLoopAsync: Polling on remoteEndPoint: 127.0.0.1:57969 localEndPoint: 127.0.0.1:57968 after 0 ms
TpTrace Verbose: 0 : 6248, 5, 2025/05/13, 13:44:00.295, 4480867043974, vstest.console.dll, TestRequestSender.CheckVersionWithTestHost: Sending check version message: {"MessageType":"ProtocolVersion","Payload":7}
TpTrace Verbose: 0 : 6248, 11, 2025/05/13, 13:44:00.410, 4480868192629, vstest.console.dll, TcpClientExtensions.MessageLoopAsync: NotifyDataAvailable remoteEndPoint: 127.0.0.1:57969 localEndPoint: 127.0.0.1:57968
TpTrace Verbose: 0 : 6248, 11, 2025/05/13, 13:44:00.410, 4480868196256, vstest.console.dll, TestRequestSender.CheckVersionWithTestHost: onMessageReceived received message: (ProtocolVersion) -> {"MessageType":"ProtocolVersion","Payload":7}
TpTrace Verbose: 0 : 6248, 11, 2025/05/13, 13:44:00.412, 4480868216387, vstest.console.dll, MulticastDelegateUtilities.SafeInvoke: LengthPrefixCommunicationChannel: MessageReceived: Invoking callback 1/1 for Microsoft.VisualStudio.TestPlatform.CommunicationUtilities.TestRequestSender+<>c__DisplayClass29_0., took 2 ms.
TpTrace Verbose: 0 : 6248, 5, 2025/05/13, 13:44:00.413, 4480868217034, vstest.console.dll, TestPluginCache.GetExtensionPaths: Filtered extension paths: 
TpTrace Verbose: 0 : 6248, 11, 2025/05/13, 13:44:00.413, 4480868217068, vstest.console.dll, TcpClientExtensions.MessageLoopAsync: Polling on remoteEndPoint: 127.0.0.1:57969 localEndPoint: 127.0.0.1:57968 after 137 ms
TpTrace Verbose: 0 : 6248, 11, 2025/05/13, 13:44:00.413, 4480868217999, vstest.console.dll, TcpClientExtensions.MessageLoopAsync: NotifyDataAvailable remoteEndPoint: 127.0.0.1:57969 localEndPoint: 127.0.0.1:57968
TpTrace Verbose: 0 : 6248, 5, 2025/05/13, 13:44:00.413, 4480868217717, vstest.console.dll, TestPluginCache.GetExtensionPaths: Added default extension paths: C:\Program Files\dotnet\sdk\9.0.203\Extensions\Microsoft.Diagnostics.NETCore.Client.dll
C:\Program Files\dotnet\sdk\9.0.203\Extensions\Microsoft.TestPlatform.Extensions.BlameDataCollector.dll
C:\Program Files\dotnet\sdk\9.0.203\Extensions\Microsoft.TestPlatform.Extensions.EventLogCollector.dll
C:\Program Files\dotnet\sdk\9.0.203\Extensions\Microsoft.TestPlatform.TestHostRuntimeProvider.dll
C:\Program Files\dotnet\sdk\9.0.203\Extensions\Microsoft.VisualStudio.TestPlatform.Extensions.Html.TestLogger.dll
C:\Program Files\dotnet\sdk\9.0.203\Extensions\Microsoft.VisualStudio.TestPlatform.Extensions.Trx.TestLogger.dll
TpTrace Verbose: 0 : 6248, 5, 2025/05/13, 13:44:00.413, 4480868218843, vstest.console.dll, TestPluginCache.GetExtensionPaths: Added unfilterableExtensionPaths: 
TpTrace Verbose: 0 : 6248, 5, 2025/05/13, 13:44:00.415, 4480868242709, vstest.console.dll, TestRequestSender.InitializeExecution: Sending initialize execution with message: {"Version":7,"MessageType":"TestExecution.Initialize","Payload":["C:\\Program Files\\dotnet\\sdk\\9.0.203\\Extensions\\Microsoft.Diagnostics.NETCore.Client.dll","C:\\Program Files\\dotnet\\sdk\\9.0.203\\Extensions\\Microsoft.TestPlatform.Extensions.BlameDataCollector.dll","C:\\Program Files\\dotnet\\sdk\\9.0.203\\Extensions\\Microsoft.TestPlatform.Extensions.EventLogCollector.dll","C:\\Program Files\\dotnet\\sdk\\9.0.203\\Extensions\\Microsoft.TestPlatform.TestHostRuntimeProvider.dll","C:\\Program Files\\dotnet\\sdk\\9.0.203\\Extensions\\Microsoft.VisualStudio.TestPlatform.Extensions.Html.TestLogger.dll","C:\\Program Files\\dotnet\\sdk\\9.0.203\\Extensions\\Microsoft.VisualStudio.TestPlatform.Extensions.Trx.TestLogger.dll","C:\\Users\\barrya\\source\\repos\\RailDesigner1\\bin\\Debug\\Microsoft.VisualStudio.TestPlatform.MSTest.TestAdapter.dll"]}
TpTrace Verbose: 0 : 6248, 5, 2025/05/13, 13:44:00.415, 4480868244132, vstest.console.dll, ParallelProxyExecutionManager.StartTestRunOnConcurrentManager: Execution starting. Started clients: 1
TpTrace Warning: 0 : 6248, 5, 2025/05/13, 13:44:00.415, 4480868246265, vstest.console.dll, InferRunSettingsHelper.MakeRunsettingsCompatible: Removing the following settings: TargetPlatform from RunSettings file. To use those settings please move to latest version of Microsoft.NET.Test.Sdk
TpTrace Verbose: 0 : 6248, 11, 2025/05/13, 13:44:00.416, 4480868251652, vstest.console.dll, TestRequestSender.OnExecutionMessageReceived: Received message: {"Version":7,"MessageType":"TestSession.Message","Payload":{"MessageLevel":0,"Message":"Logging TestHost Diagnostics in file: C:\\Users\\barrya\\source\\repos\\RailDesigner1\\test_run_diag.host.25-05-13_13-44-00_08768_5.log"}}
TpTrace Verbose: 0 : 6248, 11, 2025/05/13, 13:44:00.418, 4480868269144, vstest.console.dll, TestRunRequest:SendTestRunMessage: Starting.
TpTrace Verbose: 0 : 6248, 11, 2025/05/13, 13:44:00.418, 4480868270290, vstest.console.dll, MulticastDelegateUtilities.SafeInvoke: TestRun.LogMessages: Invoking callback 1/1 for Microsoft.VisualStudio.TestPlatform.CommandLine.TestRunResultAggregator., took 0 ms.
TpTrace Information: 0 : 6248, 11, 2025/05/13, 13:44:00.418, 4480868270584, vstest.console.dll, TestRunRequest:SendTestRunMessage: Completed.
TpTrace Verbose: 0 : 6248, 11, 2025/05/13, 13:44:00.418, 4480868270791, vstest.console.dll, MulticastDelegateUtilities.SafeInvoke: LengthPrefixCommunicationChannel: MessageReceived: Invoking callback 1/1 for Microsoft.VisualStudio.TestPlatform.CommunicationUtilities.TestRequestSender+<>c__DisplayClass34_0., took 2 ms.
TpTrace Verbose: 0 : 6248, 11, 2025/05/13, 13:44:00.418, 4480868271030, vstest.console.dll, TcpClientExtensions.MessageLoopAsync: Polling on remoteEndPoint: 127.0.0.1:57969 localEndPoint: 127.0.0.1:57968 after 5 ms
TpTrace Verbose: 0 : 6248, 4, 2025/05/13, 13:44:00.418, 4480868272355, vstest.console.dll, MulticastDelegateUtilities.SafeInvoke: InternalTestLoggerEvents.SendTestRunMessage: Invoking callback 1/2 for Microsoft.VisualStudio.TestPlatform.CommandLine.Internal.ConsoleLogger., took 0 ms.
TpTrace Verbose: 0 : 6248, 4, 2025/05/13, 13:44:00.418, 4480868273428, vstest.console.dll, MulticastDelegateUtilities.SafeInvoke: InternalTestLoggerEvents.SendTestRunMessage: Invoking callback 2/2 for Microsoft.VisualStudio.TestPlatform.CommandLine.Internal.MSBuildLogger., took 0 ms.
TpTrace Verbose: 0 : 6248, 5, 2025/05/13, 13:44:00.419, 4480868286267, vstest.console.dll, TestRequestSender.StartTestRun: Sending test run with message: {"Version":7,"MessageType":"TestExecution.StartWithSources","Payload":{"AdapterSourceMap":{"_none_":["C:\\Users\\barrya\\source\\repos\\RailDesigner1\\bin\\Debug\\RailDesigner1.dll"]},"RunSettings":"<RunSettings>\r\n  <RunConfiguration>\r\n    <ResultsDirectory>C:\\Users\\barrya\\source\\repos\\RailDesigner1\\TestResults</ResultsDirectory>\r\n    <TargetFrameworkVersion>.NETFramework,Version=v4.8</TargetFrameworkVersion>\r\n    <DesignMode>False</DesignMode>\r\n    <CollectSourceInformation>False</CollectSourceInformation>\r\n  </RunConfiguration>\r\n  <LoggerRunSettings>\r\n    <Loggers>\r\n      <Logger friendlyName=\"console\" assemblyQualifiedName=\"Microsoft.VisualStudio.TestPlatform.CommandLine.Internal.ConsoleLogger, vstest.console, Version=15.0.0.0, Culture=neutral, PublicKeyToken=b03f5f7f11d50a3a\" codeBase=\"C:\\Program Files\\dotnet\\sdk\\9.0.203\\vstest.console.dll\" enabled=\"True\">\r\n        <Configuration>\r\n          <verbosity>detailed</verbosity>\r\n        </Configuration>\r\n      </Logger>\r\n      <Logger friendlyName=\"Microsoft.TestPlatform.MSBuildLogger\" assemblyQualifiedName=\"Microsoft.VisualStudio.TestPlatform.CommandLine.Internal.MSBuildLogger, vstest.console, Version=15.0.0.0, Culture=neutral, PublicKeyToken=b03f5f7f11d50a3a\" codeBase=\"C:\\Program Files\\dotnet\\sdk\\9.0.203\\vstest.console.dll\" enabled=\"True\">\r\n        <Configuration>\r\n          <Verbosity>minimal</Verbosity>\r\n        </Configuration>\r\n      </Logger>\r\n    </Loggers>\r\n  </LoggerRunSettings>\r\n</RunSettings>","TestExecutionContext":{"FrequencyOfRunStatsChangeEvent":10,"RunStatsChangeEventTimeout":"00:00:01.5000000","InIsolation":false,"KeepAlive":false,"AreTestCaseLevelEventsRequired":false,"IsDebug":false,"TestCaseFilter":null,"FilterOptions":null},"Package":null}}
TpTrace Verbose: 0 : 6248, 5, 2025/05/13, 13:44:00.420, 4480868287479, vstest.console.dll, ParallelProxyExecutionManager.StartTestRunOnConcurrentManager: Execution started. Started clients: 1
TpTrace Verbose: 0 : 6248, 11, 2025/05/13, 13:44:00.667, 4480870765214, vstest.console.dll, TcpClientExtensions.MessageLoopAsync: NotifyDataAvailable remoteEndPoint: 127.0.0.1:57969 localEndPoint: 127.0.0.1:57968
TpTrace Verbose: 0 : 6248, 11, 2025/05/13, 13:44:00.668, 4480870767105, vstest.console.dll, TestRequestSender.OnExecutionMessageReceived: Received message: {"Version":7,"MessageType":"TestSession.Message","Payload":{"MessageLevel":2,"Message":"An exception occurred while invoking executor 'executor://mstestadapter/v2': Could not load file or assembly 'Microsoft.VisualStudio.TestPlatform.TestFramework, Version=14.0.0.0, Culture=neutral, PublicKeyToken=b03f5f7f11d50a3a' or one of its dependencies. The system cannot find the file specified.\r\nStack trace:\r\n   at Microsoft.VisualStudio.TestPlatform.MSTest.TestAdapter.MSTestExecutor.<RunTestsAsync>d__11.MoveNext()\r\n   at System.Runtime.CompilerServices.AsyncTaskMethodBuilder.Start[TStateMachine](TStateMachine& stateMachine)\r\n   at Microsoft.VisualStudio.TestPlatform.MSTest.TestAdapter.MSTestExecutor.RunTestsAsync(IEnumerable`1 sources, IRunContext runContext, IFrameworkHandle frameworkHandle, IConfiguration configuration)\r\n   at Microsoft.VisualStudio.TestPlatform.MSTest.TestAdapter.MSTestExecutor.RunTests(IEnumerable`1 sources, IRunContext runContext, IFrameworkHandle frameworkHandle) in /_/src/Adapter/MSTest.TestAdapter/VSTestAdapter/MSTestExecutor.cs:line 74\r\n   at Microsoft.VisualStudio.TestPlatform.Common.ExtensionDecorators.SerialTestRunDecorator.RunTests(IEnumerable`1 sources, IRunContext runContext, IFrameworkHandle frameworkHandle) in /_/src/Microsoft.TestPlatform.Common/ExtensionDecorators/SerialTestRunDecorator.cs:line 59\r\n   at Microsoft.VisualStudio.TestPlatform.CrossPlatEngine.Execution.RunTestsWithSources.InvokeExecutor(LazyExtension`2 executor, Tuple`2 executorUriExtensionTuple, RunContext runContext, IFrameworkHandle frameworkHandle) in /_/src/Microsoft.TestPlatform.CrossPlatEngine/Execution/RunTestsWithSources.cs:line 115\r\n   at Microsoft.VisualStudio.TestPlatform.CrossPlatEngine.Execution.BaseRunTests.<>c__DisplayClass46_0.<RunTestInternalWithExecutors>b__0() in /_/src/Microsoft.TestPlatform.CrossPlatEngine/Execution/BaseRunTests.cs:line 464\r\n   at Microsoft.VisualStudio.TestPlatform.PlatformAbstractions.PlatformThread.<>c__DisplayClass0_0.<Run>b__0() in /_/src/Microsoft.TestPlatform.PlatformAbstractions/net462/System/PlatformThread.cs:line 29\r\n--- End of stack trace from previous location where exception was thrown ---\r\n   at System.Runtime.ExceptionServices.ExceptionDispatchInfo.Throw()\r\n   at Microsoft.VisualStudio.TestPlatform.PlatformAbstractions.PlatformThread.Run(Action action, PlatformApartmentState apartmentState, Boolean waitForCompletion) in /_/src/Microsoft.TestPlatform.PlatformAbstractions/net462/System/PlatformThread.cs:line 47\r\n   at Microsoft.VisualStudio.TestPlatform.CrossPlatEngine.Execution.BaseRunTests.TryToRunInStaThread(Action action, Boolean waitForCompletion) in /_/src/Microsoft.TestPlatform.CrossPlatEngine/Execution/BaseRunTests.cs:line 680\r\n   at Microsoft.VisualStudio.TestPlatform.CrossPlatEngine.Execution.BaseRunTests.RunTestInternalWithExecutors(IEnumerable`1 executorUriExtensionMap, Int64 totalTests) in /_/src/Microsoft.TestPlatform.CrossPlatEngine/Execution/BaseRunTests.cs:line 464\r\n"}}
TpTrace Verbose: 0 : 6248, 11, 2025/05/13, 13:44:00.668, 4480870772656, vstest.console.dll, TestRunRequest:SendTestRunMessage: Starting.
TpTrace Verbose: 0 : 6248, 11, 2025/05/13, 13:44:00.668, 4480870773514, vstest.console.dll, MulticastDelegateUtilities.SafeInvoke: TestRun.LogMessages: Invoking callback 1/1 for Microsoft.VisualStudio.TestPlatform.CommandLine.TestRunResultAggregator., took 0 ms.
TpTrace Information: 0 : 6248, 11, 2025/05/13, 13:44:00.668, 4480870773899, vstest.console.dll, TestRunRequest:SendTestRunMessage: Completed.
TpTrace Verbose: 0 : 6248, 11, 2025/05/13, 13:44:00.668, 4480870774101, vstest.console.dll, MulticastDelegateUtilities.SafeInvoke: LengthPrefixCommunicationChannel: MessageReceived: Invoking callback 1/1 for Microsoft.VisualStudio.TestPlatform.CommunicationUtilities.TestRequestSender+<>c__DisplayClass34_0., took 0 ms.
TpTrace Verbose: 0 : 6248, 11, 2025/05/13, 13:44:00.668, 4480870774294, vstest.console.dll, TcpClientExtensions.MessageLoopAsync: Polling on remoteEndPoint: 127.0.0.1:57969 localEndPoint: 127.0.0.1:57968 after 250 ms
TpTrace Verbose: 0 : 6248, 4, 2025/05/13, 13:44:00.668, 4480870774848, vstest.console.dll, MulticastDelegateUtilities.SafeInvoke: InternalTestLoggerEvents.SendTestRunMessage: Invoking callback 1/2 for Microsoft.VisualStudio.TestPlatform.CommandLine.Internal.ConsoleLogger., took 0 ms.
TpTrace Verbose: 0 : 6248, 4, 2025/05/13, 13:44:00.668, 4480870776178, vstest.console.dll, MulticastDelegateUtilities.SafeInvoke: InternalTestLoggerEvents.SendTestRunMessage: Invoking callback 2/2 for Microsoft.VisualStudio.TestPlatform.CommandLine.Internal.MSBuildLogger., took 0 ms.
TpTrace Verbose: 0 : 6248, 11, 2025/05/13, 13:44:00.686, 4480870951890, vstest.console.dll, TcpClientExtensions.MessageLoopAsync: NotifyDataAvailable remoteEndPoint: 127.0.0.1:57969 localEndPoint: 127.0.0.1:57968
TpTrace Verbose: 0 : 6248, 11, 2025/05/13, 13:44:00.686, 4480870953392, vstest.console.dll, TestRequestSender.OnExecutionMessageReceived: Received message: {"Version":7,"MessageType":"TestExecution.Completed","Payload":{"TestRunCompleteArgs":{"TestRunStatistics":{"ExecutedTests":0,"Stats":{}},"IsCanceled":false,"IsAborted":false,"Error":null,"AttachmentSets":[],"InvokedDataCollectors":[],"ElapsedTimeInRunningTests":"00:00:00.0198934","Metrics":{},"DiscoveredExtensions":{"TestDiscoverers":["Microsoft.VisualStudio.TestPlatform.MSTest.TestAdapter.MSTestDiscoverer, Microsoft.VisualStudio.TestPlatform.MSTest.TestAdapter, Version=14.0.0.0, Culture=neutral, PublicKeyToken=b03f5f7f11d50a3a"],"TestExecutors":["executor://MSTestAdapter/v2"],"TestExecutors2":[],"TestSettingsProviders":[]}},"LastRunTests":{"NewTestResults":[],"TestRunStatistics":{"ExecutedTests":0,"Stats":{}},"ActiveTests":[]},"RunAttachments":[],"ExecutorUris":[]}}
TpTrace Verbose: 0 : 6248, 11, 2025/05/13, 13:44:00.686, 4480870953944, vstest.console.dll, TestRequestSender.EndSession: Sending end session.
TpTrace Verbose: 0 : 6248, 11, 2025/05/13, 13:44:00.686, 4480870955018, vstest.console.dll, ProxyOperationManager.Close: waiting for test host to exit for 100 ms
TpTrace Verbose: 0 : 6248, 13, 2025/05/13, 13:44:00.692, 4480871009350, vstest.console.dll, TestHostManagerCallbacks.StandardOutputReceivedCallback Test host standard output line: 
TpTrace Warning: 0 : 6248, 14, 2025/05/13, 13:44:00.692, 4480871009350, vstest.console.dll, TestHostManagerCallbacks.ErrorReceivedCallback Test host standard error line: 
TpTrace Verbose: 0 : 6248, 13, 2025/05/13, 13:44:00.696, 4480871049418, vstest.console.dll, TestHostProvider.ExitCallBack: Host exited starting callback.
TpTrace Information: 0 : 6248, 13, 2025/05/13, 13:44:00.696, 4480871050452, vstest.console.dll, TestHostManagerCallbacks.ExitCallBack: Testhost processId: 36716 exited with exitcode: 0 error: ''
TpTrace Verbose: 0 : 6248, 13, 2025/05/13, 13:44:00.696, 4480871052100, vstest.console.dll, CrossPlatEngine.TestHostManagerHostExited: calling on client process exit callback.
TpTrace Information: 0 : 6248, 13, 2025/05/13, 13:44:00.696, 4480871052513, vstest.console.dll, TestRequestSender.OnClientProcessExit: Test host process exited. Standard error: 
TpTrace Information: 0 : 6248, 13, 2025/05/13, 13:44:00.696, 4480871052810, vstest.console.dll, SocketServer.Stop: Stop server endPoint: 127.0.0.1:57968
TpTrace Information: 0 : 6248, 11, 2025/05/13, 13:44:00.696, 4480871052823, vstest.console.dll, SocketServer.Stop: Stop server endPoint: 127.0.0.1:57968
TpTrace Information: 0 : 6248, 13, 2025/05/13, 13:44:00.696, 4480871052966, vstest.console.dll, SocketServer.Stop: Cancellation requested. Stopping message loop.
TpTrace Information: 0 : 6248, 11, 2025/05/13, 13:44:00.696, 4480871053477, vstest.console.dll, SocketServer.Stop: Cancellation requested. Stopping message loop.
TpTrace Verbose: 0 : 6248, 13, 2025/05/13, 13:44:00.696, 4480871054196, vstest.console.dll, MulticastDelegateUtilities.SafeInvoke: HostProviderEvents.OnHostExited: Invoking callback 1/1 for Microsoft.VisualStudio.TestPlatform.CrossPlatEngine.Client.ProxyOperationManager., took 0 ms.
TpTrace Information: 0 : 6248, 11, 2025/05/13, 13:44:00.696, 4480871054281, vstest.console.dll, Closing the connection
TpTrace Verbose: 0 : 6248, 11, 2025/05/13, 13:44:00.705, 4480871142289, vstest.console.dll, ParallelRunEventsHandler.HandleTestRunComplete: Handling a run completion, this can be either one part of parallel run completing, or the whole parallel run completing.
TpTrace Verbose: 0 : 6248, 11, 2025/05/13, 13:44:00.706, 4480871156098, vstest.console.dll, TestRunRequest:SendTestRunStatsChange: Starting.
TpTrace Verbose: 0 : 6248, 11, 2025/05/13, 13:44:00.707, 4480871157022, vstest.console.dll, MulticastDelegateUtilities.SafeInvoke: TestRun.RunStatsChanged: Invoking callbacks was skipped because there are no subscribers.
TpTrace Information: 0 : 6248, 11, 2025/05/13, 13:44:00.707, 4480871157219, vstest.console.dll, TestRunRequest:SendTestRunStatsChange: Completed.
TpTrace Verbose: 0 : 6248, 11, 2025/05/13, 13:44:00.707, 4480871158655, vstest.console.dll, ParallelProxyExecutionManager: HandlePartialRunComplete: Total workloads = 1, Total started clients = 1 Total completed clients = 1, Run complete = True, Run canceled: False.
TpTrace Verbose: 0 : 6248, 11, 2025/05/13, 13:44:00.707, 4480871158856, vstest.console.dll, ParallelProxyExecutionManager: HandlePartialRunComplete: All runs completed stopping all managers.
TpTrace Verbose: 0 : 6248, 11, 2025/05/13, 13:44:00.707, 4480871159076, vstest.console.dll, ParallelOperationManager.StopAllManagers: Stopping all managers.
TpTrace Verbose: 0 : 6248, 11, 2025/05/13, 13:44:00.707, 4480871159277, vstest.console.dll, ParallelOperationManager.ClearSlots: Clearing all slots. Slots should accept more work: False
TpTrace Verbose: 0 : 6248, 11, 2025/05/13, 13:44:00.707, 4480871159475, vstest.console.dll, ParallelOperationManager.SetOccupiedSlotCount: Setting slot counts AvailableSlotCount = 1, OccupiedSlotCount = 0.
TpTrace Verbose: 0 : 6248, 11, 2025/05/13, 13:44:00.707, 4480871159668, vstest.console.dll, Occupied slots:

TpTrace Verbose: 0 : 6248, 11, 2025/05/13, 13:44:00.707, 4480871159810, vstest.console.dll, ParallelRunEventsHandler.HandleTestRunComplete: Whole parallel run completed.
TpTrace Verbose: 0 : 6248, 4, 2025/05/13, 13:44:00.710, 4480871189581, vstest.console.dll, MulticastDelegateUtilities.SafeInvoke: InternalTestLoggerEvents.SendTestRunComplete: Invoking callback 1/2 for Microsoft.VisualStudio.TestPlatform.CommandLine.Internal.ConsoleLogger., took 1 ms.
TpTrace Verbose: 0 : 6248, 4, 2025/05/13, 13:44:00.713, 4480871225689, vstest.console.dll, MulticastDelegateUtilities.SafeInvoke: InternalTestLoggerEvents.SendTestRunComplete: Invoking callback 2/2 for Microsoft.VisualStudio.TestPlatform.CommandLine.Internal.MSBuildLogger., took 3 ms.
TpTrace Verbose: 0 : 6248, 11, 2025/05/13, 13:44:00.714, 4480871227935, vstest.console.dll, TestRunRequest:TestRunComplete: Starting. IsAborted:False IsCanceled:False.
TpTrace Verbose: 0 : 6248, 11, 2025/05/13, 13:44:00.714, 4480871228861, vstest.console.dll, ParallelOperationManager.DoActionOnAllManagers: Calling an action on all managers.
TpTrace Verbose: 0 : 6248, 11, 2025/05/13, 13:44:00.714, 4480871235711, vstest.console.dll, TestLoggerManager.HandleTestRunComplete: Ignoring as the object is disposed.
TpTrace Verbose: 0 : 6248, 11, 2025/05/13, 13:44:00.714, 4480871236437, vstest.console.dll, MulticastDelegateUtilities.SafeInvoke: TestRun.TestRunComplete: Invoking callback 1/2 for Microsoft.VisualStudio.TestPlatform.CommandLine.TestRunResultAggregator., took 0 ms.
TpTrace Verbose: 0 : 6248, 11, 2025/05/13, 13:44:00.715, 4480871237563, vstest.console.dll, MulticastDelegateUtilities.SafeInvoke: TestRun.TestRunComplete: Invoking callback 2/2 for Microsoft.VisualStudio.TestPlatform.CommandLine.Processors.RunTestsArgumentExecutor+TestRunRequestEventsRegistrar., took 0 ms.
TpTrace Information: 0 : 6248, 11, 2025/05/13, 13:44:00.715, 4480871238098, vstest.console.dll, TestRunRequest:TestRunComplete: Completed.
TpTrace Verbose: 0 : 6248, 1, 2025/05/13, 13:44:00.715, 4480871238245, vstest.console.dll, TestRunRequest.Dispose: Starting.
TpTrace Information: 0 : 6248, 1, 2025/05/13, 13:44:00.715, 4480871238736, vstest.console.dll, TestRunRequest.Dispose: Completed.
TpTrace Verbose: 0 : 6248, 11, 2025/05/13, 13:44:00.715, 4480871238356, vstest.console.dll, TestRequestSender.SetOperationComplete: Setting operation complete.
TpTrace Information: 0 : 6248, 1, 2025/05/13, 13:44:00.715, 4480871239003, vstest.console.dll, TestRequestManager.RunTests: run tests completed.
TpTrace Information: 0 : 6248, 11, 2025/05/13, 13:44:00.715, 4480871239851, vstest.console.dll, SocketServer.Stop: Stop server endPoint: 127.0.0.1:57968
TpTrace Information: 0 : 6248, 11, 2025/05/13, 13:44:00.715, 4480871240618, vstest.console.dll, SocketServer.Stop: Cancellation requested. Stopping message loop.
TpTrace Information: 0 : 6248, 1, 2025/05/13, 13:44:00.715, 4480871240617, vstest.console.dll, RunTestsArgumentProcessor:Execute: Test run is completed.
TpTrace Verbose: 0 : 6248, 11, 2025/05/13, 13:44:00.715, 4480871240846, vstest.console.dll, MulticastDelegateUtilities.SafeInvoke: LengthPrefixCommunicationChannel: MessageReceived: Invoking callback 1/1 for Microsoft.VisualStudio.TestPlatform.CommunicationUtilities.TestRequestSender+<>c__DisplayClass34_0., took 28 ms.
TpTrace Information: 0 : 6248, 11, 2025/05/13, 13:44:00.715, 4480871241906, vstest.console.dll, SocketServer.PrivateStop: Stopping server endPoint: 127.0.0.1:57968 error: 
TpTrace Verbose: 0 : 6248, 1, 2025/05/13, 13:44:00.715, 4480871242489, vstest.console.dll, Executor.Execute: Exiting with exit code of 1
TpTrace Verbose: 0 : 6248, 11, 2025/05/13, 13:44:00.715, 4480871244344, vstest.console.dll, LengthPrefixCommunicationChannel.Dispose: Dispose reader and writer.
TpTrace Information: 0 : 6248, 11, 2025/05/13, 13:44:00.715, 4480871244807, vstest.console.dll, SocketServer.Stop: Raise disconnected event endPoint: 127.0.0.1:57968 error: 
TpTrace Verbose: 0 : 6248, 11, 2025/05/13, 13:44:00.715, 4480871245180, vstest.console.dll, TestRequestSender: OnTestRunAbort: Operation is already complete. Skip error message.
TpTrace Verbose: 0 : 6248, 11, 2025/05/13, 13:44:00.715, 4480871245391, vstest.console.dll, MulticastDelegateUtilities.SafeInvoke: SocketServer: ClientDisconnected: Invoking callback 1/1 for Microsoft.VisualStudio.TestPlatform.CommunicationUtilities.TestRequestSender., took 0 ms.
TpTrace Verbose: 0 : 6248, 11, 2025/05/13, 13:44:00.715, 4480871245560, vstest.console.dll, TcpClientExtensions.MessageLoopAsync: exiting MessageLoopAsync remoteEndPoint: 127.0.0.1:57969 localEndPoint: 127.0.0.1:57968
TpTrace Verbose: 0 : 26176, 1, 2025/05/14, 14:06:30.981, 5964941122, vstest.console.dll, Version: 17.13.0-release-25073-05 Current process architecture: X64
TpTrace Verbose: 0 : 26176, 1, 2025/05/14, 14:06:30.983, 5964957767, vstest.console.dll, Runtime location: C:\Program Files\dotnet\shared\Microsoft.NETCore.App\9.0.5
TpTrace Information: 0 : 26176, 1, 2025/05/14, 14:06:30.984, 5964969860, vstest.console.dll, Using .Net Framework version:.NETFramework,Version=v4.8
TpTrace Information: 0 : 26176, 1, 2025/05/14, 14:06:30.986, 5964989608, vstest.console.dll, Using platform:X64
TpTrace Verbose: 0 : 26176, 1, 2025/05/14, 14:06:30.986, 5964990169, vstest.console.dll, ArtifactProcessingPostProcessModeProcessorExecutor.Initialize: ArtifactProcessingMode.Collect
TpTrace Verbose: 0 : 26176, 1, 2025/05/14, 14:06:30.986, 5964990466, vstest.console.dll, TestSessionCorrelationIdProcessorModeProcessorExecutor.Initialize: TestSessionCorrelationId '18628_e8d6efc3-11c6-414a-afc4-987709432e4e'
TpTrace Information: 0 : 26176, 1, 2025/05/14, 14:06:30.988, 5965006860, vstest.console.dll, FilePatternParser: The given file C:\Users\barrya\source\repos\RailDesigner1\bin\Debug\RailDesigner1.dll is a full path.
TpTrace Verbose: 0 : 26176, 1, 2025/05/14, 14:06:30.990, 5965035589, vstest.console.dll, TestPluginCache.DiscoverTestExtensions: finding test extensions in assemblies ends with: RuntimeProvider.dll TPluginInfo: Microsoft.VisualStudio.TestPlatform.Common.ExtensionFramework.Utilities.TestRuntimePluginInformation TExtension: Microsoft.VisualStudio.TestPlatform.ObjectModel.Host.ITestRuntimeProvider
TpTrace Verbose: 0 : 26176, 1, 2025/05/14, 14:06:30.991, 5965036940, vstest.console.dll, TestPluginCache.GetExtensionPaths: Filtered extension paths: 
TpTrace Verbose: 0 : 26176, 1, 2025/05/14, 14:06:30.991, 5965037356, vstest.console.dll, TestPluginCache.GetExtensionPaths: Added default extension paths: C:\Program Files\dotnet\sdk\9.0.204\Extensions\Microsoft.Diagnostics.NETCore.Client.dll
C:\Program Files\dotnet\sdk\9.0.204\Extensions\Microsoft.TestPlatform.Extensions.BlameDataCollector.dll
C:\Program Files\dotnet\sdk\9.0.204\Extensions\Microsoft.TestPlatform.Extensions.EventLogCollector.dll
C:\Program Files\dotnet\sdk\9.0.204\Extensions\Microsoft.TestPlatform.TestHostRuntimeProvider.dll
C:\Program Files\dotnet\sdk\9.0.204\Extensions\Microsoft.VisualStudio.TestPlatform.Extensions.Html.TestLogger.dll
C:\Program Files\dotnet\sdk\9.0.204\Extensions\Microsoft.VisualStudio.TestPlatform.Extensions.Trx.TestLogger.dll
TpTrace Verbose: 0 : 26176, 1, 2025/05/14, 14:06:30.991, 5965037800, vstest.console.dll, TestPluginCache.GetExtensionPaths: Added unfilterableExtensionPaths: 
TpTrace Information: 0 : 26176, 1, 2025/05/14, 14:06:30.991, 5965040745, vstest.console.dll, AssemblyResolver.ctor: Creating AssemblyResolver with searchDirectories C:\Program Files\dotnet\sdk\9.0.204\Extensions,C:\Program Files\dotnet\sdk\9.0.204
TpTrace Verbose: 0 : 26176, 1, 2025/05/14, 14:06:30.992, 5965049143, vstest.console.dll, TestPluginCache.DiscoverTestExtensions: Discovering the extensions using extension path.
TpTrace Verbose: 0 : 26176, 1, 2025/05/14, 14:06:30.992, 5965049751, vstest.console.dll, TestPluginCache.GetExtensionPaths: Filtered extension paths: 
TpTrace Verbose: 0 : 26176, 1, 2025/05/14, 14:06:30.992, 5965049983, vstest.console.dll, TestPluginCache.GetExtensionPaths: Added default extension paths: C:\Program Files\dotnet\sdk\9.0.204\Extensions\Microsoft.Diagnostics.NETCore.Client.dll
C:\Program Files\dotnet\sdk\9.0.204\Extensions\Microsoft.TestPlatform.Extensions.BlameDataCollector.dll
C:\Program Files\dotnet\sdk\9.0.204\Extensions\Microsoft.TestPlatform.Extensions.EventLogCollector.dll
C:\Program Files\dotnet\sdk\9.0.204\Extensions\Microsoft.TestPlatform.TestHostRuntimeProvider.dll
C:\Program Files\dotnet\sdk\9.0.204\Extensions\Microsoft.VisualStudio.TestPlatform.Extensions.Html.TestLogger.dll
C:\Program Files\dotnet\sdk\9.0.204\Extensions\Microsoft.VisualStudio.TestPlatform.Extensions.Trx.TestLogger.dll
TpTrace Verbose: 0 : 26176, 1, 2025/05/14, 14:06:30.992, 5965050143, vstest.console.dll, TestPluginCache.GetExtensionPaths: Added unfilterableExtensionPaths: 
TpTrace Verbose: 0 : 26176, 1, 2025/05/14, 14:06:30.992, 5965050402, vstest.console.dll, TestPluginCache.DiscoverTestExtensions: Discovering the extensions using allExtensionPaths: C:\Program Files\dotnet\sdk\9.0.204\Extensions\Microsoft.Diagnostics.NETCore.Client.dll
C:\Program Files\dotnet\sdk\9.0.204\Extensions\Microsoft.TestPlatform.Extensions.BlameDataCollector.dll
C:\Program Files\dotnet\sdk\9.0.204\Extensions\Microsoft.TestPlatform.Extensions.EventLogCollector.dll
C:\Program Files\dotnet\sdk\9.0.204\Extensions\Microsoft.TestPlatform.TestHostRuntimeProvider.dll
C:\Program Files\dotnet\sdk\9.0.204\Extensions\Microsoft.VisualStudio.TestPlatform.Extensions.Html.TestLogger.dll
C:\Program Files\dotnet\sdk\9.0.204\Extensions\Microsoft.VisualStudio.TestPlatform.Extensions.Trx.TestLogger.dll
TpTrace Information: 0 : 26176, 1, 2025/05/14, 14:06:30.992, 5965050747, vstest.console.dll, AssemblyResolver.AddSearchDirectories: Adding more searchDirectories C:\Program Files\dotnet\sdk\9.0.204\Extensions,C:\Program Files\dotnet\sdk\9.0.204
TpTrace Information: 0 : 26176, 1, 2025/05/14, 14:06:30.992, 5965050933, vstest.console.dll, AssemblyResolver.AddSearchDirectories: Adding more searchDirectories C:\Program Files\dotnet\sdk\9.0.204\Extensions,C:\Program Files\dotnet\sdk\9.0.204
TpTrace Information: 0 : 26176, 1, 2025/05/14, 14:06:30.992, 5965051156, vstest.console.dll, AssemblyResolver.AddSearchDirectories: Adding more searchDirectories C:\Program Files\dotnet\sdk\9.0.204\Extensions,C:\Program Files\dotnet\sdk\9.0.204
TpTrace Information: 0 : 26176, 1, 2025/05/14, 14:06:30.992, 5965051588, vstest.console.dll, AssemblyResolver.AddSearchDirectories: Adding more searchDirectories C:\Program Files\dotnet\sdk\9.0.204\Extensions,C:\Program Files\dotnet\sdk\9.0.204
TpTrace Information: 0 : 26176, 1, 2025/05/14, 14:06:30.992, 5965051926, vstest.console.dll, AssemblyResolver.AddSearchDirectories: Adding more searchDirectories C:\Program Files\dotnet\sdk\9.0.204\Extensions,C:\Program Files\dotnet\sdk\9.0.204
TpTrace Information: 0 : 26176, 1, 2025/05/14, 14:06:30.992, 5965052137, vstest.console.dll, AssemblyResolver.AddSearchDirectories: Adding more searchDirectories C:\Program Files\dotnet\sdk\9.0.204\Extensions,C:\Program Files\dotnet\sdk\9.0.204
TpTrace Information: 0 : 26176, 1, 2025/05/14, 14:06:30.992, 5965054309, vstest.console.dll, AssemblyResolver.OnResolve: Microsoft.Diagnostics.NETCore.Client: Resolving assembly.
TpTrace Information: 0 : 26176, 1, 2025/05/14, 14:06:30.992, 5965054621, vstest.console.dll, AssemblyResolver.OnResolve: Microsoft.Diagnostics.NETCore.Client: Searching in: 'C:\Program Files\dotnet\sdk\9.0.204\Extensions'.
TpTrace Information: 0 : 26176, 1, 2025/05/14, 14:06:31.000, 5965130089, vstest.console.dll, AssemblyResolver.OnResolve: Microsoft.Diagnostics.NETCore.Client: Loading assembly 'C:\Program Files\dotnet\sdk\9.0.204\Extensions\Microsoft.Diagnostics.NETCore.Client.dll'.
TpTrace Information: 0 : 26176, 1, 2025/05/14, 14:06:31.000, 5965135133, vstest.console.dll, AssemblyResolver.OnResolve: Resolved assembly: Microsoft.Diagnostics.NETCore.Client, from path: C:\Program Files\dotnet\sdk\9.0.204\Extensions\Microsoft.Diagnostics.NETCore.Client.dll
TpTrace Verbose: 0 : 26176, 1, 2025/05/14, 14:06:31.001, 5965140410, vstest.console.dll, MetadataReaderExtensionsHelper: Discovering extensions inside assembly 'Microsoft.Diagnostics.NETCore.Client, Version=0.2.11.6601, Culture=neutral, PublicKeyToken=31bf3856ad364e35' file path 'C:\Program Files\dotnet\sdk\9.0.204\Extensions\Microsoft.Diagnostics.NETCore.Client.dll'
TpTrace Information: 0 : 26176, 1, 2025/05/14, 14:06:31.003, 5965163074, vstest.console.dll, AssemblyResolver.OnResolve: Microsoft.Bcl.AsyncInterfaces: Resolving assembly.
TpTrace Information: 0 : 26176, 1, 2025/05/14, 14:06:31.003, 5965163488, vstest.console.dll, AssemblyResolver.OnResolve: Microsoft.Bcl.AsyncInterfaces: Searching in: 'C:\Program Files\dotnet\sdk\9.0.204\Extensions'.
TpTrace Information: 0 : 26176, 1, 2025/05/14, 14:06:31.003, 5965164187, vstest.console.dll, AssemblyResolver.OnResolve: Microsoft.Bcl.AsyncInterfaces: Assembly path does not exist: 'C:\Program Files\dotnet\sdk\9.0.204\Extensions\Microsoft.Bcl.AsyncInterfaces.dll', returning.
TpTrace Information: 0 : 26176, 1, 2025/05/14, 14:06:31.003, 5965164629, vstest.console.dll, AssemblyResolver.OnResolve: Microsoft.Bcl.AsyncInterfaces: Assembly path does not exist: 'C:\Program Files\dotnet\sdk\9.0.204\Extensions\Microsoft.Bcl.AsyncInterfaces.exe', returning.
TpTrace Information: 0 : 26176, 1, 2025/05/14, 14:06:31.003, 5965164830, vstest.console.dll, AssemblyResolver.OnResolve: Microsoft.Bcl.AsyncInterfaces: Searching in: 'C:\Program Files\dotnet\sdk\9.0.204'.
TpTrace Information: 0 : 26176, 1, 2025/05/14, 14:06:31.003, 5965165280, vstest.console.dll, AssemblyResolver.OnResolve: Microsoft.Bcl.AsyncInterfaces: Assembly path does not exist: 'C:\Program Files\dotnet\sdk\9.0.204\Microsoft.Bcl.AsyncInterfaces.dll', returning.
TpTrace Information: 0 : 26176, 1, 2025/05/14, 14:06:31.003, 5965165683, vstest.console.dll, AssemblyResolver.OnResolve: Microsoft.Bcl.AsyncInterfaces: Assembly path does not exist: 'C:\Program Files\dotnet\sdk\9.0.204\Microsoft.Bcl.AsyncInterfaces.exe', returning.
TpTrace Information: 0 : 26176, 1, 2025/05/14, 14:06:31.003, 5965165835, vstest.console.dll, AssemblyResolver.OnResolve: Microsoft.Bcl.AsyncInterfaces: Failed to load assembly.
TpTrace Verbose: 0 : 26176, 1, 2025/05/14, 14:06:31.003, 5965166009, vstest.console.dll, CurrentDomainAssemblyResolve: Resolving assembly 'Microsoft.Bcl.AsyncInterfaces'.
TpTrace Information: 0 : 26176, 1, 2025/05/14, 14:06:31.004, 5965166276, vstest.console.dll, AssemblyResolver.OnResolve: Microsoft.Bcl.AsyncInterfaces: Resolving assembly.
TpTrace Information: 0 : 26176, 1, 2025/05/14, 14:06:31.004, 5965166449, vstest.console.dll, AssemblyResolver.OnResolve: Microsoft.Bcl.AsyncInterfaces: Resolved from cache.
TpTrace Verbose: 0 : 26176, 1, 2025/05/14, 14:06:31.004, 5965166593, vstest.console.dll, CurrentDomainAssemblyResolve: Resolving assembly 'Microsoft.Bcl.AsyncInterfaces'.
TpTrace Verbose: 0 : 26176, 1, 2025/05/14, 14:06:31.004, 5965166753, vstest.console.dll, CurrentDomainAssemblyResolve: Failed to resolve assembly 'Microsoft.Bcl.AsyncInterfaces'.
TpTrace Verbose: 0 : 26176, 1, 2025/05/14, 14:06:31.004, 5965171777, vstest.console.dll, CurrentDomainAssemblyResolve: Failed to resolve assembly 'Microsoft.Bcl.AsyncInterfaces'.
TpTrace Warning: 0 : 26176, 1, 2025/05/14, 14:06:31.009, 5965225260, vstest.console.dll, TestPluginDiscoverer: Failed to get types from assembly 'Microsoft.Diagnostics.NETCore.Client, Version=0.2.11.6601, Culture=neutral, PublicKeyToken=31bf3856ad364e35'. Error: System.Reflection.ReflectionTypeLoadException: Unable to load one or more of the requested types.
Could not load file or assembly 'Microsoft.Bcl.AsyncInterfaces, Version=6.0.0.0, Culture=neutral, PublicKeyToken=cc7b13ffcd2ddd51'. The system cannot find the file specified.
   at System.Reflection.RuntimeModule.GetDefinedTypes()
   at System.Reflection.RuntimeModule.GetTypes()
   at Microsoft.VisualStudio.TestPlatform.Common.ExtensionFramework.TestPluginDiscoverer.GetTestExtensionsFromAssembly[TPluginInfo,TExtension](Assembly assembly, Dictionary`2 pluginInfos, String filePath) in /_/src/Microsoft.TestPlatform.Common/ExtensionFramework/TestPluginDiscoverer.cs:line 159
System.IO.FileNotFoundException: Could not load file or assembly 'Microsoft.Bcl.AsyncInterfaces, Version=6.0.0.0, Culture=neutral, PublicKeyToken=cc7b13ffcd2ddd51'. The system cannot find the file specified.
File name: 'Microsoft.Bcl.AsyncInterfaces, Version=6.0.0.0, Culture=neutral, PublicKeyToken=cc7b13ffcd2ddd51'
 ---> System.IO.FileNotFoundException: Could not load file or assembly 'Microsoft.Bcl.AsyncInterfaces, Culture=neutral, PublicKeyToken=null'. The system cannot find the file specified.
File name: 'Microsoft.Bcl.AsyncInterfaces, Culture=neutral, PublicKeyToken=null'
   at System.Reflection.RuntimeAssembly.InternalLoad(AssemblyName assemblyName, StackCrawlMark& stackMark, AssemblyLoadContext assemblyLoadContext, RuntimeAssembly requestingAssembly, Boolean throwOnFileNotFound)
   at System.Reflection.Assembly.Load(AssemblyName assemblyRef)
   at Microsoft.VisualStudio.TestPlatform.Common.ExtensionFramework.TestPluginCache.CurrentDomainAssemblyResolve(Object sender, AssemblyResolveEventArgs args) in /_/src/Microsoft.TestPlatform.Common/ExtensionFramework/TestPluginCache.cs:line 514
   at System.Runtime.Loader.AssemblyLoadContext.GetFirstResolvedAssemblyFromResolvingEvent(AssemblyName assemblyName)
   at System.Runtime.Loader.AssemblyLoadContext.ResolveUsingEvent(AssemblyName assemblyName)
   at System.Runtime.Loader.AssemblyLoadContext.ResolveUsingResolvingEvent(IntPtr gchManagedAssemblyLoadContext, AssemblyName assemblyName)
TpTrace Warning: 0 : 26176, 1, 2025/05/14, 14:06:31.010, 5965226544, vstest.console.dll, LoaderExceptions: System.IO.FileNotFoundException: Could not load file or assembly 'Microsoft.Bcl.AsyncInterfaces, Version=6.0.0.0, Culture=neutral, PublicKeyToken=cc7b13ffcd2ddd51'. The system cannot find the file specified.
File name: 'Microsoft.Bcl.AsyncInterfaces, Version=6.0.0.0, Culture=neutral, PublicKeyToken=cc7b13ffcd2ddd51'
 ---> System.IO.FileNotFoundException: Could not load file or assembly 'Microsoft.Bcl.AsyncInterfaces, Culture=neutral, PublicKeyToken=null'. The system cannot find the file specified.
File name: 'Microsoft.Bcl.AsyncInterfaces, Culture=neutral, PublicKeyToken=null'
   at System.Reflection.RuntimeAssembly.InternalLoad(AssemblyName assemblyName, StackCrawlMark& stackMark, AssemblyLoadContext assemblyLoadContext, RuntimeAssembly requestingAssembly, Boolean throwOnFileNotFound)
   at System.Reflection.Assembly.Load(AssemblyName assemblyRef)
   at Microsoft.VisualStudio.TestPlatform.Common.ExtensionFramework.TestPluginCache.CurrentDomainAssemblyResolve(Object sender, AssemblyResolveEventArgs args) in /_/src/Microsoft.TestPlatform.Common/ExtensionFramework/TestPluginCache.cs:line 514
   at System.Runtime.Loader.AssemblyLoadContext.GetFirstResolvedAssemblyFromResolvingEvent(AssemblyName assemblyName)
   at System.Runtime.Loader.AssemblyLoadContext.ResolveUsingEvent(AssemblyName assemblyName)
   at System.Runtime.Loader.AssemblyLoadContext.ResolveUsingResolvingEvent(IntPtr gchManagedAssemblyLoadContext, AssemblyName assemblyName)
TpTrace Information: 0 : 26176, 1, 2025/05/14, 14:06:31.010, 5965227065, vstest.console.dll, AssemblyResolver.OnResolve: Microsoft.TestPlatform.Extensions.BlameDataCollector: Resolving assembly.
TpTrace Information: 0 : 26176, 1, 2025/05/14, 14:06:31.010, 5965227249, vstest.console.dll, AssemblyResolver.OnResolve: Microsoft.TestPlatform.Extensions.BlameDataCollector: Searching in: 'C:\Program Files\dotnet\sdk\9.0.204\Extensions'.
TpTrace Information: 0 : 26176, 1, 2025/05/14, 14:06:31.010, 5965229370, vstest.console.dll, AssemblyResolver.OnResolve: Microsoft.TestPlatform.Extensions.BlameDataCollector: Loading assembly 'C:\Program Files\dotnet\sdk\9.0.204\Extensions\Microsoft.TestPlatform.Extensions.BlameDataCollector.dll'.
TpTrace Information: 0 : 26176, 1, 2025/05/14, 14:06:31.010, 5965233579, vstest.console.dll, AssemblyResolver.OnResolve: Resolved assembly: Microsoft.TestPlatform.Extensions.BlameDataCollector, from path: C:\Program Files\dotnet\sdk\9.0.204\Extensions\Microsoft.TestPlatform.Extensions.BlameDataCollector.dll
TpTrace Verbose: 0 : 26176, 1, 2025/05/14, 14:06:31.010, 5965233964, vstest.console.dll, MetadataReaderExtensionsHelper: Discovering extensions inside assembly 'Microsoft.TestPlatform.Extensions.BlameDataCollector, Version=15.0.0.0, Culture=neutral, PublicKeyToken=b03f5f7f11d50a3a' file path 'C:\Program Files\dotnet\sdk\9.0.204\Extensions\Microsoft.TestPlatform.Extensions.BlameDataCollector.dll'
TpTrace Information: 0 : 26176, 1, 2025/05/14, 14:06:31.011, 5965239924, vstest.console.dll, AssemblyResolver.OnResolve: Microsoft.TestPlatform.Extensions.EventLogCollector: Resolving assembly.
TpTrace Information: 0 : 26176, 1, 2025/05/14, 14:06:31.011, 5965240273, vstest.console.dll, AssemblyResolver.OnResolve: Microsoft.TestPlatform.Extensions.EventLogCollector: Searching in: 'C:\Program Files\dotnet\sdk\9.0.204\Extensions'.
TpTrace Information: 0 : 26176, 1, 2025/05/14, 14:06:31.011, 5965242116, vstest.console.dll, AssemblyResolver.OnResolve: Microsoft.TestPlatform.Extensions.EventLogCollector: Loading assembly 'C:\Program Files\dotnet\sdk\9.0.204\Extensions\Microsoft.TestPlatform.Extensions.EventLogCollector.dll'.
TpTrace Information: 0 : 26176, 1, 2025/05/14, 14:06:31.011, 5965245984, vstest.console.dll, AssemblyResolver.OnResolve: Resolved assembly: Microsoft.TestPlatform.Extensions.EventLogCollector, from path: C:\Program Files\dotnet\sdk\9.0.204\Extensions\Microsoft.TestPlatform.Extensions.EventLogCollector.dll
TpTrace Verbose: 0 : 26176, 1, 2025/05/14, 14:06:31.012, 5965246316, vstest.console.dll, MetadataReaderExtensionsHelper: Discovering extensions inside assembly 'Microsoft.TestPlatform.Extensions.EventLogCollector, Version=15.0.0.0, Culture=neutral, PublicKeyToken=b03f5f7f11d50a3a' file path 'C:\Program Files\dotnet\sdk\9.0.204\Extensions\Microsoft.TestPlatform.Extensions.EventLogCollector.dll'
TpTrace Information: 0 : 26176, 1, 2025/05/14, 14:06:31.013, 5965259952, vstest.console.dll, AssemblyResolver.OnResolve: Microsoft.TestPlatform.TestHostRuntimeProvider: Resolving assembly.
TpTrace Information: 0 : 26176, 1, 2025/05/14, 14:06:31.013, 5965260325, vstest.console.dll, AssemblyResolver.OnResolve: Microsoft.TestPlatform.TestHostRuntimeProvider: Searching in: 'C:\Program Files\dotnet\sdk\9.0.204\Extensions'.
TpTrace Information: 0 : 26176, 1, 2025/05/14, 14:06:31.013, 5965262333, vstest.console.dll, AssemblyResolver.OnResolve: Microsoft.TestPlatform.TestHostRuntimeProvider: Loading assembly 'C:\Program Files\dotnet\sdk\9.0.204\Extensions\Microsoft.TestPlatform.TestHostRuntimeProvider.dll'.
TpTrace Information: 0 : 26176, 1, 2025/05/14, 14:06:31.014, 5965267574, vstest.console.dll, AssemblyResolver.OnResolve: Resolved assembly: Microsoft.TestPlatform.TestHostRuntimeProvider, from path: C:\Program Files\dotnet\sdk\9.0.204\Extensions\Microsoft.TestPlatform.TestHostRuntimeProvider.dll
TpTrace Verbose: 0 : 26176, 1, 2025/05/14, 14:06:31.014, 5965267994, vstest.console.dll, MetadataReaderExtensionsHelper: Discovering extensions inside assembly 'Microsoft.TestPlatform.TestHostRuntimeProvider, Version=15.0.0.0, Culture=neutral, PublicKeyToken=b03f5f7f11d50a3a' file path 'C:\Program Files\dotnet\sdk\9.0.204\Extensions\Microsoft.TestPlatform.TestHostRuntimeProvider.dll'
TpTrace Information: 0 : 26176, 1, 2025/05/14, 14:06:31.015, 5965276303, vstest.console.dll, GetTestExtensionFromType: Register extension with identifier data 'HostProvider://DefaultTestHost' and type 'Microsoft.VisualStudio.TestPlatform.CrossPlatEngine.Hosting.DefaultTestHostManager, Microsoft.TestPlatform.TestHostRuntimeProvider, Version=15.0.0.0, Culture=neutral, PublicKeyToken=b03f5f7f11d50a3a' inside file 'C:\Program Files\dotnet\sdk\9.0.204\Extensions\Microsoft.TestPlatform.TestHostRuntimeProvider.dll'
TpTrace Information: 0 : 26176, 1, 2025/05/14, 14:06:31.015, 5965277672, vstest.console.dll, GetTestExtensionFromType: Register extension with identifier data 'HostProvider://DotnetTestHost' and type 'Microsoft.VisualStudio.TestPlatform.CrossPlatEngine.Hosting.DotnetTestHostManager, Microsoft.TestPlatform.TestHostRuntimeProvider, Version=15.0.0.0, Culture=neutral, PublicKeyToken=b03f5f7f11d50a3a' inside file 'C:\Program Files\dotnet\sdk\9.0.204\Extensions\Microsoft.TestPlatform.TestHostRuntimeProvider.dll'
TpTrace Information: 0 : 26176, 1, 2025/05/14, 14:06:31.015, 5965278056, vstest.console.dll, AssemblyResolver.OnResolve: Microsoft.VisualStudio.TestPlatform.Extensions.Html.TestLogger: Resolving assembly.
TpTrace Information: 0 : 26176, 1, 2025/05/14, 14:06:31.015, 5965278276, vstest.console.dll, AssemblyResolver.OnResolve: Microsoft.VisualStudio.TestPlatform.Extensions.Html.TestLogger: Searching in: 'C:\Program Files\dotnet\sdk\9.0.204\Extensions'.
TpTrace Information: 0 : 26176, 1, 2025/05/14, 14:06:31.015, 5965280467, vstest.console.dll, AssemblyResolver.OnResolve: Microsoft.VisualStudio.TestPlatform.Extensions.Html.TestLogger: Loading assembly 'C:\Program Files\dotnet\sdk\9.0.204\Extensions\Microsoft.VisualStudio.TestPlatform.Extensions.Html.TestLogger.dll'.
TpTrace Information: 0 : 26176, 1, 2025/05/14, 14:06:31.015, 5965284544, vstest.console.dll, AssemblyResolver.OnResolve: Resolved assembly: Microsoft.VisualStudio.TestPlatform.Extensions.Html.TestLogger, from path: C:\Program Files\dotnet\sdk\9.0.204\Extensions\Microsoft.VisualStudio.TestPlatform.Extensions.Html.TestLogger.dll
TpTrace Verbose: 0 : 26176, 1, 2025/05/14, 14:06:31.015, 5965284919, vstest.console.dll, MetadataReaderExtensionsHelper: Discovering extensions inside assembly 'Microsoft.VisualStudio.TestPlatform.Extensions.Html.TestLogger, Version=15.0.0.0, Culture=neutral, PublicKeyToken=b03f5f7f11d50a3a' file path 'C:\Program Files\dotnet\sdk\9.0.204\Extensions\Microsoft.VisualStudio.TestPlatform.Extensions.Html.TestLogger.dll'
TpTrace Information: 0 : 26176, 1, 2025/05/14, 14:06:31.016, 5965288458, vstest.console.dll, AssemblyResolver.OnResolve: Microsoft.VisualStudio.TestPlatform.Extensions.Trx.TestLogger: Resolving assembly.
TpTrace Information: 0 : 26176, 1, 2025/05/14, 14:06:31.016, 5965288796, vstest.console.dll, AssemblyResolver.OnResolve: Microsoft.VisualStudio.TestPlatform.Extensions.Trx.TestLogger: Searching in: 'C:\Program Files\dotnet\sdk\9.0.204\Extensions'.
TpTrace Information: 0 : 26176, 1, 2025/05/14, 14:06:31.016, 5965290944, vstest.console.dll, AssemblyResolver.OnResolve: Microsoft.VisualStudio.TestPlatform.Extensions.Trx.TestLogger: Loading assembly 'C:\Program Files\dotnet\sdk\9.0.204\Extensions\Microsoft.VisualStudio.TestPlatform.Extensions.Trx.TestLogger.dll'.
TpTrace Information: 0 : 26176, 1, 2025/05/14, 14:06:31.016, 5965295482, vstest.console.dll, AssemblyResolver.OnResolve: Resolved assembly: Microsoft.VisualStudio.TestPlatform.Extensions.Trx.TestLogger, from path: C:\Program Files\dotnet\sdk\9.0.204\Extensions\Microsoft.VisualStudio.TestPlatform.Extensions.Trx.TestLogger.dll
TpTrace Verbose: 0 : 26176, 1, 2025/05/14, 14:06:31.016, 5965295966, vstest.console.dll, MetadataReaderExtensionsHelper: Discovering extensions inside assembly 'Microsoft.VisualStudio.TestPlatform.Extensions.Trx.TestLogger, Version=15.0.0.0, Culture=neutral, PublicKeyToken=b03f5f7f11d50a3a' file path 'C:\Program Files\dotnet\sdk\9.0.204\Extensions\Microsoft.VisualStudio.TestPlatform.Extensions.Trx.TestLogger.dll'
TpTrace Verbose: 0 : 26176, 1, 2025/05/14, 14:06:31.017, 5965300958, vstest.console.dll, TestPluginCache: Discovered the extensions using extension path ''.
TpTrace Verbose: 0 : 26176, 1, 2025/05/14, 14:06:31.017, 5965301321, vstest.console.dll, TestPluginCache: Discoverers are ''.
TpTrace Verbose: 0 : 26176, 1, 2025/05/14, 14:06:31.017, 5965301477, vstest.console.dll, TestPluginCache: Executors are ''.
TpTrace Verbose: 0 : 26176, 1, 2025/05/14, 14:06:31.017, 5965301616, vstest.console.dll, TestPluginCache: Executors2 are ''.
TpTrace Verbose: 0 : 26176, 1, 2025/05/14, 14:06:31.017, 5965301755, vstest.console.dll, TestPluginCache: Setting providers are ''.
TpTrace Verbose: 0 : 26176, 1, 2025/05/14, 14:06:31.017, 5965301892, vstest.console.dll, TestPluginCache: Loggers are ''.
TpTrace Verbose: 0 : 26176, 1, 2025/05/14, 14:06:31.017, 5965302689, vstest.console.dll, TestPluginCache: TestHosts are 'HostProvider://DefaultTestHost,HostProvider://DotnetTestHost'.
TpTrace Verbose: 0 : 26176, 1, 2025/05/14, 14:06:31.017, 5965302919, vstest.console.dll, TestPluginCache: DataCollectors are ''.
TpTrace Information: 0 : 26176, 1, 2025/05/14, 14:06:31.024, 5965368156, vstest.console.dll, RunTestsArgumentProcessor:Execute: Test run is starting.
TpTrace Verbose: 0 : 26176, 1, 2025/05/14, 14:06:31.024, 5965368534, vstest.console.dll, RunTestsArgumentProcessor:Execute: Queuing Test run.
TpTrace Information: 0 : 26176, 1, 2025/05/14, 14:06:31.024, 5965369421, vstest.console.dll, TestRequestManager.RunTests: run tests started.
TpTrace Information: 0 : 26176, 1, 2025/05/14, 14:06:31.024, 5965374438, vstest.console.dll, AssemblyMetadataProvider.GetFrameworkName: Determined framework:'.NETFramework,Version=v4.8' for source: 'C:\Users\barrya\source\repos\RailDesigner1\bin\Debug\RailDesigner1.dll'
TpTrace Information: 0 : 26176, 1, 2025/05/14, 14:06:31.024, 5965375089, vstest.console.dll, Determined framework for all sources: .NETFramework,Version=v4.8
TpTrace Verbose: 0 : 26176, 1, 2025/05/14, 14:06:31.024, 5965376300, vstest.console.dll, TestRequestManager.UpdateRunSettingsIfRequired: Default architecture: X64 IsDefaultTargetArchitecture: False, Current process architecture: X64 OperatingSystem: Windows.
TpTrace Information: 0 : 26176, 1, 2025/05/14, 14:06:31.025, 5965376780, vstest.console.dll, Platform is set by runsettings to be 'X64' for all sources.
TpTrace Information: 0 : 26176, 1, 2025/05/14, 14:06:31.025, 5965384060, vstest.console.dll, AssemblyMetadataProvider.GetArchitecture: Determined architecture:X64 info for assembly: C:\Users\barrya\source\repos\RailDesigner1\bin\Debug\RailDesigner1.dll
TpTrace Information: 0 : 26176, 1, 2025/05/14, 14:06:31.025, 5965384632, vstest.console.dll, Determined platform for source 'C:\Users\barrya\source\repos\RailDesigner1\bin\Debug\RailDesigner1.dll' was 'X64'.
TpTrace Information: 0 : 26176, 1, 2025/05/14, 14:06:31.025, 5965384821, vstest.console.dll, Determined platform for all sources: X64
TpTrace Information: 0 : 26176, 1, 2025/05/14, 14:06:31.026, 5965392595, vstest.console.dll, Compatible sources list: 
TpTrace Information: 0 : 26176, 1, 2025/05/14, 14:06:31.026, 5965393016, vstest.console.dll, C:\Users\barrya\source\repos\RailDesigner1\bin\Debug\RailDesigner1.dll
TpTrace Information: 0 : 26176, 1, 2025/05/14, 14:06:31.027, 5965405734, vstest.console.dll, InferRunSettingsHelper.IsTestSettingsEnabled: Unable to navigate to RunSettings/MSTest. Current node: RunSettings
TpTrace Information: 0 : 26176, 1, 2025/05/14, 14:06:31.028, 5965408257, vstest.console.dll, AssemblyResolver.OnResolve: Microsoft.VisualStudio.TestPlatform.Fakes: Resolving assembly.
TpTrace Information: 0 : 26176, 1, 2025/05/14, 14:06:31.028, 5965408567, vstest.console.dll, AssemblyResolver.OnResolve: Microsoft.VisualStudio.TestPlatform.Fakes: Searching in: 'C:\Program Files\dotnet\sdk\9.0.204\Extensions'.
TpTrace Information: 0 : 26176, 1, 2025/05/14, 14:06:31.028, 5965409291, vstest.console.dll, AssemblyResolver.OnResolve: Microsoft.VisualStudio.TestPlatform.Fakes: Assembly path does not exist: 'C:\Program Files\dotnet\sdk\9.0.204\Extensions\Microsoft.VisualStudio.TestPlatform.Fakes.dll', returning.
TpTrace Information: 0 : 26176, 1, 2025/05/14, 14:06:31.028, 5965409753, vstest.console.dll, AssemblyResolver.OnResolve: Microsoft.VisualStudio.TestPlatform.Fakes: Assembly path does not exist: 'C:\Program Files\dotnet\sdk\9.0.204\Extensions\Microsoft.VisualStudio.TestPlatform.Fakes.exe', returning.
TpTrace Information: 0 : 26176, 1, 2025/05/14, 14:06:31.028, 5965409953, vstest.console.dll, AssemblyResolver.OnResolve: Microsoft.VisualStudio.TestPlatform.Fakes: Searching in: 'C:\Program Files\dotnet\sdk\9.0.204'.
TpTrace Information: 0 : 26176, 1, 2025/05/14, 14:06:31.028, 5965410435, vstest.console.dll, AssemblyResolver.OnResolve: Microsoft.VisualStudio.TestPlatform.Fakes: Assembly path does not exist: 'C:\Program Files\dotnet\sdk\9.0.204\Microsoft.VisualStudio.TestPlatform.Fakes.dll', returning.
TpTrace Information: 0 : 26176, 1, 2025/05/14, 14:06:31.028, 5965410849, vstest.console.dll, AssemblyResolver.OnResolve: Microsoft.VisualStudio.TestPlatform.Fakes: Assembly path does not exist: 'C:\Program Files\dotnet\sdk\9.0.204\Microsoft.VisualStudio.TestPlatform.Fakes.exe', returning.
TpTrace Information: 0 : 26176, 1, 2025/05/14, 14:06:31.028, 5965410999, vstest.console.dll, AssemblyResolver.OnResolve: Microsoft.VisualStudio.TestPlatform.Fakes: Failed to load assembly.
TpTrace Information: 0 : 26176, 1, 2025/05/14, 14:06:31.028, 5965412061, vstest.console.dll, Failed to load assembly Microsoft.VisualStudio.TestPlatform.Fakes, Version=17.0.0.0, Culture=neutral. Reason:System.IO.FileNotFoundException: Could not load file or assembly 'Microsoft.VisualStudio.TestPlatform.Fakes, Version=17.0.0.0, Culture=neutral, PublicKeyToken=null'. The system cannot find the file specified.
File name: 'Microsoft.VisualStudio.TestPlatform.Fakes, Version=17.0.0.0, Culture=neutral, PublicKeyToken=null'
   at System.Reflection.RuntimeAssembly.InternalLoad(AssemblyName assemblyName, StackCrawlMark& stackMark, AssemblyLoadContext assemblyLoadContext, RuntimeAssembly requestingAssembly, Boolean throwOnFileNotFound)
   at System.Reflection.Assembly.Load(AssemblyName assemblyRef)
   at Microsoft.VisualStudio.TestPlatform.Common.Utilities.FakesUtilities.LoadTestPlatformAssembly() in /_/src/Microsoft.TestPlatform.Common/Utilities/FakesUtilities.cs:line 273
TpTrace Verbose: 0 : 26176, 1, 2025/05/14, 14:06:31.035, 5965482579, vstest.console.dll, TestEngine: Initializing Parallel Execution as MaxCpuCount is set to: 1
TpTrace Information: 0 : 26176, 1, 2025/05/14, 14:06:31.036, 5965488440, vstest.console.dll, TestPluginManager.CreateTestExtension: Attempting to load test extension: Microsoft.VisualStudio.TestPlatform.CrossPlatEngine.Hosting.DefaultTestHostManager
TpTrace Verbose: 0 : 26176, 1, 2025/05/14, 14:06:31.036, 5965495522, vstest.console.dll, TestHostManagerCallbacks.ctor: Forwarding output is enabled.
TpTrace Information: 0 : 26176, 1, 2025/05/14, 14:06:31.037, 5965497649, vstest.console.dll, InferRunSettingsHelper.IsTestSettingsEnabled: Unable to navigate to RunSettings/MSTest. Current node: RunSettings
TpTrace Verbose: 0 : 26176, 1, 2025/05/14, 14:06:31.038, 5965507666, vstest.console.dll, ParallelOperationManager.ClearSlots: Clearing all slots. Slots should accept more work: True
TpTrace Verbose: 0 : 26176, 1, 2025/05/14, 14:06:31.038, 5965510345, vstest.console.dll, ParallelOperationManager.SetOccupiedSlotCount: Setting slot counts AvailableSlotCount = 1, OccupiedSlotCount = 0.
TpTrace Verbose: 0 : 26176, 1, 2025/05/14, 14:06:31.038, 5965512237, vstest.console.dll, Occupied slots:

TpTrace Verbose: 0 : 26176, 1, 2025/05/14, 14:06:31.039, 5965526113, vstest.console.dll, TestEngine.GetExecutionManager: Chosen execution manager 'Microsoft.VisualStudio.TestPlatform.CrossPlatEngine.Client.Parallel.ParallelProxyExecutionManager, Microsoft.TestPlatform.CrossPlatEngine, Version=15.0.0.0, Culture=neutral, PublicKeyToken=b03f5f7f11d50a3a' ParallelLevel '1'.
TpTrace Verbose: 0 : 26176, 1, 2025/05/14, 14:06:31.040, 5965527026, vstest.console.dll, TestPlatform.GetSkipDefaultAdapters: Not skipping default adapters SkipDefaultAdapters was false.
TpTrace Verbose: 0 : 26176, 1, 2025/05/14, 14:06:31.040, 5965527454, vstest.console.dll, TestRunRequest.ExecuteAsync: Creating test run request.
TpTrace Verbose: 0 : 26176, 1, 2025/05/14, 14:06:31.040, 5965528816, vstest.console.dll, TestRunRequest.ExecuteAsync: Starting.
TpTrace Information: 0 : 26176, 1, 2025/05/14, 14:06:31.040, 5965533954, vstest.console.dll, TestRunRequest.ExecuteAsync: Starting run with settings:TestRunCriteria:
   KeepAlive=False,FrequencyOfRunStatsChangeEvent=10,RunStatsChangeEventTimeout=00:00:01.5000000,TestCaseFilter=,TestExecutorLauncher=
   Settingsxml=<RunSettings>
  <RunConfiguration>
    <ResultsDirectory>C:\Users\barrya\source\repos\RailDesigner1\TestResults</ResultsDirectory>
    <TargetPlatform>X64</TargetPlatform>
    <TargetFrameworkVersion>.NETFramework,Version=v4.8</TargetFrameworkVersion>
    <DesignMode>False</DesignMode>
    <CollectSourceInformation>False</CollectSourceInformation>
  </RunConfiguration>
  <LoggerRunSettings>
    <Loggers>
      <Logger friendlyName="console" assemblyQualifiedName="Microsoft.VisualStudio.TestPlatform.CommandLine.Internal.ConsoleLogger, vstest.console, Version=15.0.0.0, Culture=neutral, PublicKeyToken=b03f5f7f11d50a3a" codeBase="C:\Program Files\dotnet\sdk\9.0.204\vstest.console.dll" enabled="True">
        <Configuration>
          <verbosity>detailed</verbosity>
        </Configuration>
      </Logger>
      <Logger friendlyName="Microsoft.TestPlatform.MSBuildLogger" assemblyQualifiedName="Microsoft.VisualStudio.TestPlatform.CommandLine.Internal.MSBuildLogger, vstest.console, Version=15.0.0.0, Culture=neutral, PublicKeyToken=b03f5f7f11d50a3a" codeBase="C:\Program Files\dotnet\sdk\9.0.204\vstest.console.dll" enabled="True">
        <Configuration>
          <Verbosity>normal</Verbosity>
        </Configuration>
      </Logger>
    </Loggers>
  </LoggerRunSettings>
</RunSettings>

TpTrace Verbose: 0 : 26176, 1, 2025/05/14, 14:06:31.040, 5965534352, vstest.console.dll, TestRunRequest.ExecuteAsync: Wait for the first run request is over.
TpTrace Verbose: 0 : 26176, 1, 2025/05/14, 14:06:31.040, 5965535529, vstest.console.dll, MulticastDelegateUtilities.SafeInvoke: TestRun.TestRunStart: Invoking callbacks was skipped because there are no subscribers.
TpTrace Verbose: 0 : 26176, 4, 2025/05/14, 14:06:31.041, 5965537069, vstest.console.dll, MulticastDelegateUtilities.SafeInvoke: InternalTestLoggerEvents.SendTestRunStart: Invoking callback 1/1 for Microsoft.VisualStudio.TestPlatform.CommandLine.Internal.ConsoleLogger., took 0 ms.
TpTrace Verbose: 0 : 26176, 1, 2025/05/14, 14:06:31.041, 5965540965, vstest.console.dll, ParallelProxyExecutionManager: Start execution. Total sources: 1
TpTrace Verbose: 0 : 26176, 1, 2025/05/14, 14:06:31.041, 5965542915, vstest.console.dll, ParallelOperationManager.StartWork: Starting adding 1 workloads.
TpTrace Verbose: 0 : 26176, 1, 2025/05/14, 14:06:31.041, 5965543403, vstest.console.dll, ParallelOperationManager.ClearSlots: Clearing all slots. Slots should accept more work: True
TpTrace Verbose: 0 : 26176, 1, 2025/05/14, 14:06:31.041, 5965543728, vstest.console.dll, ParallelOperationManager.SetOccupiedSlotCount: Setting slot counts AvailableSlotCount = 1, OccupiedSlotCount = 0.
TpTrace Verbose: 0 : 26176, 1, 2025/05/14, 14:06:31.041, 5965544206, vstest.console.dll, Occupied slots:

TpTrace Verbose: 0 : 26176, 1, 2025/05/14, 14:06:31.042, 5965550322, vstest.console.dll, TestHostManagerCallbacks.ctor: Forwarding output is enabled.
TpTrace Verbose: 0 : 26176, 1, 2025/05/14, 14:06:31.042, 5965551352, vstest.console.dll, TestRequestSender is acting as server.
TpTrace Verbose: 0 : 26176, 1, 2025/05/14, 14:06:31.042, 5965552503, vstest.console.dll, ParallelOperationManager.RunWorkInParallel: Adding 1 workload to slot, remaining workloads 0.
TpTrace Verbose: 0 : 26176, 1, 2025/05/14, 14:06:31.042, 5965552716, vstest.console.dll, ParallelOperationManager.SetOccupiedSlotCount: Setting slot counts AvailableSlotCount = 0, OccupiedSlotCount = 1.
TpTrace Verbose: 0 : 26176, 1, 2025/05/14, 14:06:31.042, 5965553167, vstest.console.dll, Occupied slots:
0: C:\Users\barrya\source\repos\RailDesigner1\bin\Debug\RailDesigner1.dll
TpTrace Verbose: 0 : 26176, 1, 2025/05/14, 14:06:31.043, 5965558528, vstest.console.dll, ParallelOperationManager.RunWorkInParallel: Started host in slot number 0 for work (source): C:\Users\barrya\source\repos\RailDesigner1\bin\Debug\RailDesigner1.dll.
TpTrace Verbose: 0 : 26176, 5, 2025/05/14, 14:06:31.043, 5965563079, vstest.console.dll, ParallelProxyExecutionManager.StartTestRunOnConcurrentManager: Initializing uninitialized client. Started clients: 0
TpTrace Verbose: 0 : 26176, 5, 2025/05/14, 14:06:31.043, 5965563514, vstest.console.dll, ParallelProxyExecutionManager.StartTestRunOnConcurrentManager: Initializing test run. Started clients: 0
TpTrace Verbose: 0 : 26176, 5, 2025/05/14, 14:06:31.043, 5965563858, vstest.console.dll, ProxyExecutionManager: Test host is always Lazy initialize.
TpTrace Verbose: 0 : 26176, 1, 2025/05/14, 14:06:31.043, 5965564363, vstest.console.dll, ParallelOperationManager.RunWorkInParallel: We started 1 work items, which is the max parallel level. Won't start more work.
TpTrace Verbose: 0 : 26176, 1, 2025/05/14, 14:06:31.043, 5965564765, vstest.console.dll, ParallelOperationManager.RunWorkInParallel: We started 1 work items in here, returning True.
TpTrace Verbose: 0 : 26176, 5, 2025/05/14, 14:06:31.043, 5965564917, vstest.console.dll, TestRequestSender.InitializeCommunication: initialize communication. 
TpTrace Information: 0 : 26176, 1, 2025/05/14, 14:06:31.043, 5965564989, vstest.console.dll, TestRunRequest.ExecuteAsync: Started.
TpTrace Verbose: 0 : 26176, 1, 2025/05/14, 14:06:31.044, 5965569050, vstest.console.dll, TestRunRequest.WaitForCompletion: Waiting with timeout -1.
TpTrace Information: 0 : 26176, 5, 2025/05/14, 14:06:31.049, 5965623499, vstest.console.dll, SocketServer.Start: Listening on endpoint : 127.0.0.1:50830
TpTrace Verbose: 0 : 26176, 5, 2025/05/14, 14:06:31.055, 5965679218, vstest.console.dll, DefaultTestHostmanager.GetTestHostProcessStartInfo: Trying to use testhost.net48.exe from C:\Program Files\dotnet\sdk\9.0.204\Extensions\..\TestHostNetFramework\testhost.net48.exe
TpTrace Verbose: 0 : 26176, 5, 2025/05/14, 14:06:31.055, 5965684155, vstest.console.dll, Launching default test Host Process C:\Program Files\dotnet\sdk\9.0.204\Extensions\..\TestHostNetFramework\testhost.net48.exe with arguments  --port 50830 --endpoint 127.0.0.1:050830 --role client --parentprocessid 26176 --diag "C:\Users\barrya\source\repos\RailDesigner1\test_run_diag.host.25-05-14_14-06-31_05484_5.log" --tracelevel 4 --telemetryoptedin false
TpTrace Verbose: 0 : 26176, 5, 2025/05/14, 14:06:31.055, 5965684408, vstest.console.dll, DefaultTestHostManager: Starting process 'C:\Program Files\dotnet\sdk\9.0.204\Extensions\..\TestHostNetFramework\testhost.net48.exe' with command line ' --port 50830 --endpoint 127.0.0.1:050830 --role client --parentprocessid 26176 --diag "C:\Users\barrya\source\repos\RailDesigner1\test_run_diag.host.25-05-14_14-06-31_05484_5.log" --tracelevel 4 --telemetryoptedin false'
TpTrace Verbose: 0 : 26176, 5, 2025/05/14, 14:06:31.060, 5965727145, vstest.console.dll, Test Runtime launched
TpTrace Verbose: 0 : 26176, 5, 2025/05/14, 14:06:31.060, 5965727629, vstest.console.dll, MulticastDelegateUtilities.SafeInvoke: HostProviderEvents.OnHostLaunched: Invoking callback 1/1 for Microsoft.VisualStudio.TestPlatform.CrossPlatEngine.Client.ProxyOperationManager., took 0 ms.
TpTrace Verbose: 0 : 26176, 5, 2025/05/14, 14:06:31.060, 5965728805, vstest.console.dll, TestRequestSender.WaitForRequestHandlerConnection: waiting for connection with timeout: 90000.
TpTrace Verbose: 0 : 26176, 11, 2025/05/14, 14:06:31.214, 5967269748, vstest.console.dll, MulticastDelegateUtilities.SafeInvoke: SocketServer: ClientConnected: Invoking callback 1/1 for Microsoft.VisualStudio.TestPlatform.CommunicationUtilities.TestRequestSender., took 0 ms.
TpTrace Verbose: 0 : 26176, 11, 2025/05/14, 14:06:31.214, 5967270355, vstest.console.dll, SocketServer.OnClientConnected: Client connected for endPoint: 127.0.0.1:50830, starting MessageLoopAsync:
TpTrace Verbose: 0 : 26176, 5, 2025/05/14, 14:06:31.214, 5967270324, vstest.console.dll, TestRequestSender.WaitForRequestHandlerConnection: waiting took 154 ms, with timeout 90000 ms, and result 0, which is success.
TpTrace Verbose: 0 : 26176, 11, 2025/05/14, 14:06:31.214, 5967272497, vstest.console.dll, TcpClientExtensions.MessageLoopAsync: Polling on remoteEndPoint: 127.0.0.1:50831 localEndPoint: 127.0.0.1:50830 after 0 ms
TpTrace Verbose: 0 : 26176, 5, 2025/05/14, 14:06:31.233, 5967464095, vstest.console.dll, TestRequestSender.CheckVersionWithTestHost: Sending check version message: {"MessageType":"ProtocolVersion","Payload":7}
TpTrace Verbose: 0 : 26176, 11, 2025/05/14, 14:06:31.347, 5968604786, vstest.console.dll, TcpClientExtensions.MessageLoopAsync: NotifyDataAvailable remoteEndPoint: 127.0.0.1:50831 localEndPoint: 127.0.0.1:50830
TpTrace Verbose: 0 : 26176, 11, 2025/05/14, 14:06:31.347, 5968607839, vstest.console.dll, TestRequestSender.CheckVersionWithTestHost: onMessageReceived received message: (ProtocolVersion) -> {"MessageType":"ProtocolVersion","Payload":7}
TpTrace Verbose: 0 : 26176, 11, 2025/05/14, 14:06:31.352, 5968660862, vstest.console.dll, MulticastDelegateUtilities.SafeInvoke: LengthPrefixCommunicationChannel: MessageReceived: Invoking callback 1/1 for Microsoft.VisualStudio.TestPlatform.CommunicationUtilities.TestRequestSender+<>c__DisplayClass29_0., took 5 ms.
TpTrace Verbose: 0 : 26176, 11, 2025/05/14, 14:06:31.353, 5968661474, vstest.console.dll, TcpClientExtensions.MessageLoopAsync: Polling on remoteEndPoint: 127.0.0.1:50831 localEndPoint: 127.0.0.1:50830 after 138 ms
TpTrace Verbose: 0 : 26176, 5, 2025/05/14, 14:06:31.353, 5968661472, vstest.console.dll, TestPluginCache.GetExtensionPaths: Filtered extension paths: 
TpTrace Verbose: 0 : 26176, 11, 2025/05/14, 14:06:31.353, 5968661788, vstest.console.dll, TcpClientExtensions.MessageLoopAsync: NotifyDataAvailable remoteEndPoint: 127.0.0.1:50831 localEndPoint: 127.0.0.1:50830
TpTrace Verbose: 0 : 26176, 5, 2025/05/14, 14:06:31.353, 5968662185, vstest.console.dll, TestPluginCache.GetExtensionPaths: Added default extension paths: C:\Program Files\dotnet\sdk\9.0.204\Extensions\Microsoft.Diagnostics.NETCore.Client.dll
C:\Program Files\dotnet\sdk\9.0.204\Extensions\Microsoft.TestPlatform.Extensions.BlameDataCollector.dll
C:\Program Files\dotnet\sdk\9.0.204\Extensions\Microsoft.TestPlatform.Extensions.EventLogCollector.dll
C:\Program Files\dotnet\sdk\9.0.204\Extensions\Microsoft.TestPlatform.TestHostRuntimeProvider.dll
C:\Program Files\dotnet\sdk\9.0.204\Extensions\Microsoft.VisualStudio.TestPlatform.Extensions.Html.TestLogger.dll
C:\Program Files\dotnet\sdk\9.0.204\Extensions\Microsoft.VisualStudio.TestPlatform.Extensions.Trx.TestLogger.dll
TpTrace Verbose: 0 : 26176, 5, 2025/05/14, 14:06:31.353, 5968662834, vstest.console.dll, TestPluginCache.GetExtensionPaths: Added unfilterableExtensionPaths: 
TpTrace Verbose: 0 : 26176, 5, 2025/05/14, 14:06:31.355, 5968683587, vstest.console.dll, TestRequestSender.InitializeExecution: Sending initialize execution with message: {"Version":7,"MessageType":"TestExecution.Initialize","Payload":["C:\\Program Files\\dotnet\\sdk\\9.0.204\\Extensions\\Microsoft.Diagnostics.NETCore.Client.dll","C:\\Program Files\\dotnet\\sdk\\9.0.204\\Extensions\\Microsoft.TestPlatform.Extensions.BlameDataCollector.dll","C:\\Program Files\\dotnet\\sdk\\9.0.204\\Extensions\\Microsoft.TestPlatform.Extensions.EventLogCollector.dll","C:\\Program Files\\dotnet\\sdk\\9.0.204\\Extensions\\Microsoft.TestPlatform.TestHostRuntimeProvider.dll","C:\\Program Files\\dotnet\\sdk\\9.0.204\\Extensions\\Microsoft.VisualStudio.TestPlatform.Extensions.Html.TestLogger.dll","C:\\Program Files\\dotnet\\sdk\\9.0.204\\Extensions\\Microsoft.VisualStudio.TestPlatform.Extensions.Trx.TestLogger.dll","C:\\Users\\barrya\\source\\repos\\RailDesigner1\\bin\\Debug\\Microsoft.VisualStudio.TestPlatform.MSTest.TestAdapter.dll"]}
TpTrace Verbose: 0 : 26176, 5, 2025/05/14, 14:06:31.355, 5968684603, vstest.console.dll, ParallelProxyExecutionManager.StartTestRunOnConcurrentManager: Execution starting. Started clients: 1
TpTrace Warning: 0 : 26176, 5, 2025/05/14, 14:06:31.355, 5968686350, vstest.console.dll, InferRunSettingsHelper.MakeRunsettingsCompatible: Removing the following settings: TargetPlatform from RunSettings file. To use those settings please move to latest version of Microsoft.NET.Test.Sdk
TpTrace Verbose: 0 : 26176, 11, 2025/05/14, 14:06:31.355, 5968690627, vstest.console.dll, TestRequestSender.OnExecutionMessageReceived: Received message: {"Version":7,"MessageType":"TestSession.Message","Payload":{"MessageLevel":0,"Message":"Logging TestHost Diagnostics in file: C:\\Users\\barrya\\source\\repos\\RailDesigner1\\test_run_diag.host.25-05-14_14-06-31_05484_5.log"}}
TpTrace Verbose: 0 : 26176, 11, 2025/05/14, 14:06:31.357, 5968708007, vstest.console.dll, TestRunRequest:SendTestRunMessage: Starting.
TpTrace Verbose: 0 : 26176, 11, 2025/05/14, 14:06:31.357, 5968708966, vstest.console.dll, MulticastDelegateUtilities.SafeInvoke: TestRun.LogMessages: Invoking callback 1/1 for Microsoft.VisualStudio.TestPlatform.CommandLine.TestRunResultAggregator., took 0 ms.
TpTrace Information: 0 : 26176, 11, 2025/05/14, 14:06:31.357, 5968709196, vstest.console.dll, TestRunRequest:SendTestRunMessage: Completed.
TpTrace Verbose: 0 : 26176, 11, 2025/05/14, 14:06:31.357, 5968709372, vstest.console.dll, MulticastDelegateUtilities.SafeInvoke: LengthPrefixCommunicationChannel: MessageReceived: Invoking callback 1/1 for Microsoft.VisualStudio.TestPlatform.CommunicationUtilities.TestRequestSender+<>c__DisplayClass34_0., took 1 ms.
TpTrace Verbose: 0 : 26176, 11, 2025/05/14, 14:06:31.357, 5968709560, vstest.console.dll, TcpClientExtensions.MessageLoopAsync: Polling on remoteEndPoint: 127.0.0.1:50831 localEndPoint: 127.0.0.1:50830 after 4 ms
TpTrace Verbose: 0 : 26176, 4, 2025/05/14, 14:06:31.357, 5968710852, vstest.console.dll, MulticastDelegateUtilities.SafeInvoke: InternalTestLoggerEvents.SendTestRunMessage: Invoking callback 1/2 for Microsoft.VisualStudio.TestPlatform.CommandLine.Internal.ConsoleLogger., took 0 ms.
TpTrace Verbose: 0 : 26176, 4, 2025/05/14, 14:06:31.358, 5968711839, vstest.console.dll, MulticastDelegateUtilities.SafeInvoke: InternalTestLoggerEvents.SendTestRunMessage: Invoking callback 2/2 for Microsoft.VisualStudio.TestPlatform.CommandLine.Internal.MSBuildLogger., took 0 ms.
TpTrace Verbose: 0 : 26176, 5, 2025/05/14, 14:06:31.359, 5968722685, vstest.console.dll, TestRequestSender.StartTestRun: Sending test run with message: {"Version":7,"MessageType":"TestExecution.StartWithSources","Payload":{"AdapterSourceMap":{"_none_":["C:\\Users\\barrya\\source\\repos\\RailDesigner1\\bin\\Debug\\RailDesigner1.dll"]},"RunSettings":"<RunSettings>\r\n  <RunConfiguration>\r\n    <ResultsDirectory>C:\\Users\\barrya\\source\\repos\\RailDesigner1\\TestResults</ResultsDirectory>\r\n    <TargetFrameworkVersion>.NETFramework,Version=v4.8</TargetFrameworkVersion>\r\n    <DesignMode>False</DesignMode>\r\n    <CollectSourceInformation>False</CollectSourceInformation>\r\n  </RunConfiguration>\r\n  <LoggerRunSettings>\r\n    <Loggers>\r\n      <Logger friendlyName=\"console\" assemblyQualifiedName=\"Microsoft.VisualStudio.TestPlatform.CommandLine.Internal.ConsoleLogger, vstest.console, Version=15.0.0.0, Culture=neutral, PublicKeyToken=b03f5f7f11d50a3a\" codeBase=\"C:\\Program Files\\dotnet\\sdk\\9.0.204\\vstest.console.dll\" enabled=\"True\">\r\n        <Configuration>\r\n          <verbosity>detailed</verbosity>\r\n        </Configuration>\r\n      </Logger>\r\n      <Logger friendlyName=\"Microsoft.TestPlatform.MSBuildLogger\" assemblyQualifiedName=\"Microsoft.VisualStudio.TestPlatform.CommandLine.Internal.MSBuildLogger, vstest.console, Version=15.0.0.0, Culture=neutral, PublicKeyToken=b03f5f7f11d50a3a\" codeBase=\"C:\\Program Files\\dotnet\\sdk\\9.0.204\\vstest.console.dll\" enabled=\"True\">\r\n        <Configuration>\r\n          <Verbosity>normal</Verbosity>\r\n        </Configuration>\r\n      </Logger>\r\n    </Loggers>\r\n  </LoggerRunSettings>\r\n</RunSettings>","TestExecutionContext":{"FrequencyOfRunStatsChangeEvent":10,"RunStatsChangeEventTimeout":"00:00:01.5000000","InIsolation":false,"KeepAlive":false,"AreTestCaseLevelEventsRequired":false,"IsDebug":false,"TestCaseFilter":null,"FilterOptions":null},"Package":null}}
TpTrace Verbose: 0 : 26176, 5, 2025/05/14, 14:06:31.359, 5968723591, vstest.console.dll, ParallelProxyExecutionManager.StartTestRunOnConcurrentManager: Execution started. Started clients: 1
TpTrace Verbose: 0 : 26176, 11, 2025/05/14, 14:06:31.603, 5971167209, vstest.console.dll, TcpClientExtensions.MessageLoopAsync: NotifyDataAvailable remoteEndPoint: 127.0.0.1:50831 localEndPoint: 127.0.0.1:50830
TpTrace Verbose: 0 : 26176, 11, 2025/05/14, 14:06:31.603, 5971168960, vstest.console.dll, TestRequestSender.OnExecutionMessageReceived: Received message: {"Version":7,"MessageType":"TestSession.Message","Payload":{"MessageLevel":2,"Message":"An exception occurred while invoking executor 'executor://mstestadapter/v2': Could not load file or assembly 'Microsoft.VisualStudio.TestPlatform.TestFramework, Version=14.0.0.0, Culture=neutral, PublicKeyToken=b03f5f7f11d50a3a' or one of its dependencies. The system cannot find the file specified.\r\nStack trace:\r\n   at Microsoft.VisualStudio.TestPlatform.MSTest.TestAdapter.MSTestExecutor.RunTests(IEnumerable`1 sources, IRunContext runContext, IFrameworkHandle frameworkHandle)\r\n   at Microsoft.VisualStudio.TestPlatform.Common.ExtensionDecorators.SerialTestRunDecorator.RunTests(IEnumerable`1 sources, IRunContext runContext, IFrameworkHandle frameworkHandle) in /_/src/Microsoft.TestPlatform.Common/ExtensionDecorators/SerialTestRunDecorator.cs:line 59\r\n   at Microsoft.VisualStudio.TestPlatform.CrossPlatEngine.Execution.RunTestsWithSources.InvokeExecutor(LazyExtension`2 executor, Tuple`2 executorUriExtensionTuple, RunContext runContext, IFrameworkHandle frameworkHandle) in /_/src/Microsoft.TestPlatform.CrossPlatEngine/Execution/RunTestsWithSources.cs:line 115\r\n   at Microsoft.VisualStudio.TestPlatform.CrossPlatEngine.Execution.BaseRunTests.<>c__DisplayClass46_0.<RunTestInternalWithExecutors>b__0() in /_/src/Microsoft.TestPlatform.CrossPlatEngine/Execution/BaseRunTests.cs:line 464\r\n   at Microsoft.VisualStudio.TestPlatform.PlatformAbstractions.PlatformThread.<>c__DisplayClass0_0.<Run>b__0() in /_/src/Microsoft.TestPlatform.PlatformAbstractions/net462/System/PlatformThread.cs:line 29\r\n--- End of stack trace from previous location where exception was thrown ---\r\n   at System.Runtime.ExceptionServices.ExceptionDispatchInfo.Throw()\r\n   at Microsoft.VisualStudio.TestPlatform.PlatformAbstractions.PlatformThread.Run(Action action, PlatformApartmentState apartmentState, Boolean waitForCompletion) in /_/src/Microsoft.TestPlatform.PlatformAbstractions/net462/System/PlatformThread.cs:line 47\r\n   at Microsoft.VisualStudio.TestPlatform.CrossPlatEngine.Execution.BaseRunTests.TryToRunInStaThread(Action action, Boolean waitForCompletion) in /_/src/Microsoft.TestPlatform.CrossPlatEngine/Execution/BaseRunTests.cs:line 680\r\n   at Microsoft.VisualStudio.TestPlatform.CrossPlatEngine.Execution.BaseRunTests.RunTestInternalWithExecutors(IEnumerable`1 executorUriExtensionMap, Int64 totalTests) in /_/src/Microsoft.TestPlatform.CrossPlatEngine/Execution/BaseRunTests.cs:line 464\r\n"}}
TpTrace Verbose: 0 : 26176, 11, 2025/05/14, 14:06:31.603, 5971170816, vstest.console.dll, TestRunRequest:SendTestRunMessage: Starting.
TpTrace Verbose: 0 : 26176, 11, 2025/05/14, 14:06:31.603, 5971171238, vstest.console.dll, MulticastDelegateUtilities.SafeInvoke: TestRun.LogMessages: Invoking callback 1/1 for Microsoft.VisualStudio.TestPlatform.CommandLine.TestRunResultAggregator., took 0 ms.
TpTrace Information: 0 : 26176, 11, 2025/05/14, 14:06:31.603, 5971171535, vstest.console.dll, TestRunRequest:SendTestRunMessage: Completed.
TpTrace Verbose: 0 : 26176, 11, 2025/05/14, 14:06:31.603, 5971171761, vstest.console.dll, MulticastDelegateUtilities.SafeInvoke: LengthPrefixCommunicationChannel: MessageReceived: Invoking callback 1/1 for Microsoft.VisualStudio.TestPlatform.CommunicationUtilities.TestRequestSender+<>c__DisplayClass34_0., took 0 ms.
TpTrace Verbose: 0 : 26176, 11, 2025/05/14, 14:06:31.603, 5971171989, vstest.console.dll, TcpClientExtensions.MessageLoopAsync: Polling on remoteEndPoint: 127.0.0.1:50831 localEndPoint: 127.0.0.1:50830 after 246 ms
TpTrace Verbose: 0 : 26176, 4, 2025/05/14, 14:06:31.603, 5971173554, vstest.console.dll, MulticastDelegateUtilities.SafeInvoke: InternalTestLoggerEvents.SendTestRunMessage: Invoking callback 1/2 for Microsoft.VisualStudio.TestPlatform.CommandLine.Internal.ConsoleLogger., took 0 ms.
TpTrace Verbose: 0 : 26176, 4, 2025/05/14, 14:06:31.604, 5971175433, vstest.console.dll, MulticastDelegateUtilities.SafeInvoke: InternalTestLoggerEvents.SendTestRunMessage: Invoking callback 2/2 for Microsoft.VisualStudio.TestPlatform.CommandLine.Internal.MSBuildLogger., took 0 ms.
TpTrace Verbose: 0 : 26176, 11, 2025/05/14, 14:06:31.627, 5971405320, vstest.console.dll, TcpClientExtensions.MessageLoopAsync: NotifyDataAvailable remoteEndPoint: 127.0.0.1:50831 localEndPoint: 127.0.0.1:50830
TpTrace Verbose: 0 : 26176, 11, 2025/05/14, 14:06:31.627, 5971406921, vstest.console.dll, TestRequestSender.OnExecutionMessageReceived: Received message: {"Version":7,"MessageType":"TestExecution.Completed","Payload":{"TestRunCompleteArgs":{"TestRunStatistics":{"ExecutedTests":0,"Stats":{}},"IsCanceled":false,"IsAborted":false,"Error":null,"AttachmentSets":[],"InvokedDataCollectors":[],"ElapsedTimeInRunningTests":"00:00:00.0161393","Metrics":{},"DiscoveredExtensions":{"TestDiscoverers":["Microsoft.VisualStudio.TestPlatform.MSTest.TestAdapter.MSTestDiscoverer, Microsoft.VisualStudio.TestPlatform.MSTest.TestAdapter, Version=14.0.0.0, Culture=neutral, PublicKeyToken=b03f5f7f11d50a3a"],"TestExecutors":["executor://MSTestAdapter/v2"],"TestExecutors2":[],"TestSettingsProviders":[]}},"LastRunTests":{"NewTestResults":[],"TestRunStatistics":{"ExecutedTests":0,"Stats":{}},"ActiveTests":[]},"RunAttachments":[],"ExecutorUris":[]}}
TpTrace Verbose: 0 : 26176, 11, 2025/05/14, 14:06:31.627, 5971407511, vstest.console.dll, TestRequestSender.EndSession: Sending end session.
TpTrace Verbose: 0 : 26176, 11, 2025/05/14, 14:06:31.627, 5971408957, vstest.console.dll, ProxyOperationManager.Close: waiting for test host to exit for 100 ms
TpTrace Verbose: 0 : 26176, 14, 2025/05/14, 14:06:31.632, 5971463753, vstest.console.dll, TestHostManagerCallbacks.StandardOutputReceivedCallback Test host standard output line: 
TpTrace Warning: 0 : 26176, 13, 2025/05/14, 14:06:31.632, 5971463893, vstest.console.dll, TestHostManagerCallbacks.ErrorReceivedCallback Test host standard error line: 
TpTrace Verbose: 0 : 26176, 13, 2025/05/14, 14:06:31.636, 5971504312, vstest.console.dll, TestHostProvider.ExitCallBack: Host exited starting callback.
TpTrace Information: 0 : 26176, 13, 2025/05/14, 14:06:31.636, 5971505396, vstest.console.dll, TestHostManagerCallbacks.ExitCallBack: Testhost processId: 12196 exited with exitcode: 0 error: ''
TpTrace Verbose: 0 : 26176, 13, 2025/05/14, 14:06:31.637, 5971507129, vstest.console.dll, CrossPlatEngine.TestHostManagerHostExited: calling on client process exit callback.
TpTrace Information: 0 : 26176, 13, 2025/05/14, 14:06:31.637, 5971507604, vstest.console.dll, TestRequestSender.OnClientProcessExit: Test host process exited. Standard error: 
TpTrace Information: 0 : 26176, 13, 2025/05/14, 14:06:31.637, 5971507972, vstest.console.dll, SocketServer.Stop: Stop server endPoint: 127.0.0.1:50830
TpTrace Information: 0 : 26176, 11, 2025/05/14, 14:06:31.637, 5971507932, vstest.console.dll, SocketServer.Stop: Stop server endPoint: 127.0.0.1:50830
TpTrace Information: 0 : 26176, 13, 2025/05/14, 14:06:31.637, 5971508262, vstest.console.dll, SocketServer.Stop: Cancellation requested. Stopping message loop.
TpTrace Information: 0 : 26176, 11, 2025/05/14, 14:06:31.637, 5971508654, vstest.console.dll, SocketServer.Stop: Cancellation requested. Stopping message loop.
TpTrace Information: 0 : 26176, 11, 2025/05/14, 14:06:31.637, 5971509420, vstest.console.dll, Closing the connection
TpTrace Verbose: 0 : 26176, 13, 2025/05/14, 14:06:31.637, 5971509576, vstest.console.dll, MulticastDelegateUtilities.SafeInvoke: HostProviderEvents.OnHostExited: Invoking callback 1/1 for Microsoft.VisualStudio.TestPlatform.CrossPlatEngine.Client.ProxyOperationManager., took 0 ms.
TpTrace Verbose: 0 : 26176, 11, 2025/05/14, 14:06:31.645, 5971586802, vstest.console.dll, ParallelRunEventsHandler.HandleTestRunComplete: Handling a run completion, this can be either one part of parallel run completing, or the whole parallel run completing.
TpTrace Verbose: 0 : 26176, 11, 2025/05/14, 14:06:31.646, 5971598466, vstest.console.dll, TestRunRequest:SendTestRunStatsChange: Starting.
TpTrace Verbose: 0 : 26176, 11, 2025/05/14, 14:06:31.646, 5971599076, vstest.console.dll, MulticastDelegateUtilities.SafeInvoke: TestRun.RunStatsChanged: Invoking callbacks was skipped because there are no subscribers.
TpTrace Information: 0 : 26176, 11, 2025/05/14, 14:06:31.646, 5971599260, vstest.console.dll, TestRunRequest:SendTestRunStatsChange: Completed.
TpTrace Verbose: 0 : 26176, 11, 2025/05/14, 14:06:31.646, 5971600642, vstest.console.dll, ParallelProxyExecutionManager: HandlePartialRunComplete: Total workloads = 1, Total started clients = 1 Total completed clients = 1, Run complete = True, Run canceled: False.
TpTrace Verbose: 0 : 26176, 11, 2025/05/14, 14:06:31.646, 5971600941, vstest.console.dll, ParallelProxyExecutionManager: HandlePartialRunComplete: All runs completed stopping all managers.
TpTrace Verbose: 0 : 26176, 11, 2025/05/14, 14:06:31.646, 5971601176, vstest.console.dll, ParallelOperationManager.StopAllManagers: Stopping all managers.
TpTrace Verbose: 0 : 26176, 11, 2025/05/14, 14:06:31.646, 5971601333, vstest.console.dll, ParallelOperationManager.ClearSlots: Clearing all slots. Slots should accept more work: False
TpTrace Verbose: 0 : 26176, 11, 2025/05/14, 14:06:31.646, 5971601546, vstest.console.dll, ParallelOperationManager.SetOccupiedSlotCount: Setting slot counts AvailableSlotCount = 1, OccupiedSlotCount = 0.
TpTrace Verbose: 0 : 26176, 11, 2025/05/14, 14:06:31.646, 5971601719, vstest.console.dll, Occupied slots:

TpTrace Verbose: 0 : 26176, 11, 2025/05/14, 14:06:31.646, 5971601859, vstest.console.dll, ParallelRunEventsHandler.HandleTestRunComplete: Whole parallel run completed.
TpTrace Verbose: 0 : 26176, 4, 2025/05/14, 14:06:31.649, 5971629753, vstest.console.dll, MulticastDelegateUtilities.SafeInvoke: InternalTestLoggerEvents.SendTestRunComplete: Invoking callback 1/2 for Microsoft.VisualStudio.TestPlatform.CommandLine.Internal.ConsoleLogger., took 1 ms.
TpTrace Verbose: 0 : 26176, 4, 2025/05/14, 14:06:31.653, 5971665939, vstest.console.dll, MulticastDelegateUtilities.SafeInvoke: InternalTestLoggerEvents.SendTestRunComplete: Invoking callback 2/2 for Microsoft.VisualStudio.TestPlatform.CommandLine.Internal.MSBuildLogger., took 3 ms.
TpTrace Verbose: 0 : 26176, 11, 2025/05/14, 14:06:31.653, 5971668873, vstest.console.dll, TestRunRequest:TestRunComplete: Starting. IsAborted:False IsCanceled:False.
TpTrace Verbose: 0 : 26176, 11, 2025/05/14, 14:06:31.653, 5971669767, vstest.console.dll, ParallelOperationManager.DoActionOnAllManagers: Calling an action on all managers.
TpTrace Verbose: 0 : 26176, 11, 2025/05/14, 14:06:31.654, 5971676521, vstest.console.dll, TestLoggerManager.HandleTestRunComplete: Ignoring as the object is disposed.
TpTrace Verbose: 0 : 26176, 11, 2025/05/14, 14:06:31.654, 5971677165, vstest.console.dll, MulticastDelegateUtilities.SafeInvoke: TestRun.TestRunComplete: Invoking callback 1/2 for Microsoft.VisualStudio.TestPlatform.CommandLine.TestRunResultAggregator., took 0 ms.
TpTrace Verbose: 0 : 26176, 11, 2025/05/14, 14:06:31.654, 5971678303, vstest.console.dll, MulticastDelegateUtilities.SafeInvoke: TestRun.TestRunComplete: Invoking callback 2/2 for Microsoft.VisualStudio.TestPlatform.CommandLine.Processors.RunTestsArgumentExecutor+TestRunRequestEventsRegistrar., took 0 ms.
TpTrace Information: 0 : 26176, 11, 2025/05/14, 14:06:31.654, 5971678832, vstest.console.dll, TestRunRequest:TestRunComplete: Completed.
TpTrace Verbose: 0 : 26176, 1, 2025/05/14, 14:06:31.654, 5971679033, vstest.console.dll, TestRunRequest.Dispose: Starting.
TpTrace Information: 0 : 26176, 1, 2025/05/14, 14:06:31.654, 5971679534, vstest.console.dll, TestRunRequest.Dispose: Completed.
TpTrace Information: 0 : 26176, 1, 2025/05/14, 14:06:31.654, 5971679797, vstest.console.dll, TestRequestManager.RunTests: run tests completed.
TpTrace Information: 0 : 26176, 1, 2025/05/14, 14:06:31.654, 5971680372, vstest.console.dll, RunTestsArgumentProcessor:Execute: Test run is completed.
TpTrace Verbose: 0 : 26176, 11, 2025/05/14, 14:06:31.654, 5971679141, vstest.console.dll, TestRequestSender.SetOperationComplete: Setting operation complete.
TpTrace Information: 0 : 26176, 11, 2025/05/14, 14:06:31.654, 5971681155, vstest.console.dll, SocketServer.Stop: Stop server endPoint: 127.0.0.1:50830
TpTrace Information: 0 : 26176, 11, 2025/05/14, 14:06:31.654, 5971681350, vstest.console.dll, SocketServer.Stop: Cancellation requested. Stopping message loop.
TpTrace Verbose: 0 : 26176, 1, 2025/05/14, 14:06:31.654, 5971681376, vstest.console.dll, Executor.Execute: Exiting with exit code of 1
TpTrace Verbose: 0 : 26176, 11, 2025/05/14, 14:06:31.654, 5971681589, vstest.console.dll, MulticastDelegateUtilities.SafeInvoke: LengthPrefixCommunicationChannel: MessageReceived: Invoking callback 1/1 for Microsoft.VisualStudio.TestPlatform.CommunicationUtilities.TestRequestSender+<>c__DisplayClass34_0., took 27 ms.
TpTrace Information: 0 : 26176, 11, 2025/05/14, 14:06:31.654, 5971682260, vstest.console.dll, SocketServer.PrivateStop: Stopping server endPoint: 127.0.0.1:50830 error: 
TpTrace Verbose: 0 : 26176, 11, 2025/05/14, 14:06:31.654, 5971684270, vstest.console.dll, LengthPrefixCommunicationChannel.Dispose: Dispose reader and writer.
TpTrace Information: 0 : 26176, 11, 2025/05/14, 14:06:31.654, 5971684650, vstest.console.dll, SocketServer.Stop: Raise disconnected event endPoint: 127.0.0.1:50830 error: 
TpTrace Verbose: 0 : 26176, 11, 2025/05/14, 14:06:31.654, 5971685083, vstest.console.dll, TestRequestSender: OnTestRunAbort: Operation is already complete. Skip error message.
TpTrace Verbose: 0 : 15624, 1, 2025/05/14, 15:08:10.680, 42962444797, vstest.console.dll, Version: 17.13.0-release-25073-05 Current process architecture: X64
TpTrace Verbose: 0 : 15624, 1, 2025/05/14, 15:08:10.682, 42962460063, vstest.console.dll, Runtime location: C:\Program Files\dotnet\shared\Microsoft.NETCore.App\9.0.5
TpTrace Information: 0 : 15624, 1, 2025/05/14, 15:08:10.683, 42962472092, vstest.console.dll, Using .Net Framework version:.NETFramework,Version=v4.8
TpTrace Information: 0 : 15624, 1, 2025/05/14, 15:08:10.685, 42962491463, vstest.console.dll, Using platform:X64
TpTrace Verbose: 0 : 15624, 1, 2025/05/14, 15:08:10.685, 42962492043, vstest.console.dll, ArtifactProcessingPostProcessModeProcessorExecutor.Initialize: ArtifactProcessingMode.Collect
TpTrace Verbose: 0 : 15624, 1, 2025/05/14, 15:08:10.685, 42962492338, vstest.console.dll, TestSessionCorrelationIdProcessorModeProcessorExecutor.Initialize: TestSessionCorrelationId '30104_31e846f2-8422-4b57-9854-8387faa4fc49'
TpTrace Information: 0 : 15624, 1, 2025/05/14, 15:08:10.687, 42962508434, vstest.console.dll, FilePatternParser: The given file C:\Users\barrya\source\repos\RailDesigner1\bin\Debug\RailDesigner1.dll is a full path.
TpTrace Verbose: 0 : 15624, 1, 2025/05/14, 15:08:10.689, 42962536796, vstest.console.dll, TestPluginCache.DiscoverTestExtensions: finding test extensions in assemblies ends with: RuntimeProvider.dll TPluginInfo: Microsoft.VisualStudio.TestPlatform.Common.ExtensionFramework.Utilities.TestRuntimePluginInformation TExtension: Microsoft.VisualStudio.TestPlatform.ObjectModel.Host.ITestRuntimeProvider
TpTrace Verbose: 0 : 15624, 1, 2025/05/14, 15:08:10.690, 42962538168, vstest.console.dll, TestPluginCache.GetExtensionPaths: Filtered extension paths: 
TpTrace Verbose: 0 : 15624, 1, 2025/05/14, 15:08:10.690, 42962538572, vstest.console.dll, TestPluginCache.GetExtensionPaths: Added default extension paths: C:\Program Files\dotnet\sdk\9.0.204\Extensions\Microsoft.Diagnostics.NETCore.Client.dll
C:\Program Files\dotnet\sdk\9.0.204\Extensions\Microsoft.TestPlatform.Extensions.BlameDataCollector.dll
C:\Program Files\dotnet\sdk\9.0.204\Extensions\Microsoft.TestPlatform.Extensions.EventLogCollector.dll
C:\Program Files\dotnet\sdk\9.0.204\Extensions\Microsoft.TestPlatform.TestHostRuntimeProvider.dll
C:\Program Files\dotnet\sdk\9.0.204\Extensions\Microsoft.VisualStudio.TestPlatform.Extensions.Html.TestLogger.dll
C:\Program Files\dotnet\sdk\9.0.204\Extensions\Microsoft.VisualStudio.TestPlatform.Extensions.Trx.TestLogger.dll
TpTrace Verbose: 0 : 15624, 1, 2025/05/14, 15:08:10.690, 42962538741, vstest.console.dll, TestPluginCache.GetExtensionPaths: Added unfilterableExtensionPaths: 
TpTrace Information: 0 : 15624, 1, 2025/05/14, 15:08:10.690, 42962541589, vstest.console.dll, AssemblyResolver.ctor: Creating AssemblyResolver with searchDirectories C:\Program Files\dotnet\sdk\9.0.204\Extensions,C:\Program Files\dotnet\sdk\9.0.204
TpTrace Verbose: 0 : 15624, 1, 2025/05/14, 15:08:10.691, 42962549898, vstest.console.dll, TestPluginCache.DiscoverTestExtensions: Discovering the extensions using extension path.
TpTrace Verbose: 0 : 15624, 1, 2025/05/14, 15:08:10.691, 42962550618, vstest.console.dll, TestPluginCache.GetExtensionPaths: Filtered extension paths: 
TpTrace Verbose: 0 : 15624, 1, 2025/05/14, 15:08:10.691, 42962550904, vstest.console.dll, TestPluginCache.GetExtensionPaths: Added default extension paths: C:\Program Files\dotnet\sdk\9.0.204\Extensions\Microsoft.Diagnostics.NETCore.Client.dll
C:\Program Files\dotnet\sdk\9.0.204\Extensions\Microsoft.TestPlatform.Extensions.BlameDataCollector.dll
C:\Program Files\dotnet\sdk\9.0.204\Extensions\Microsoft.TestPlatform.Extensions.EventLogCollector.dll
C:\Program Files\dotnet\sdk\9.0.204\Extensions\Microsoft.TestPlatform.TestHostRuntimeProvider.dll
C:\Program Files\dotnet\sdk\9.0.204\Extensions\Microsoft.VisualStudio.TestPlatform.Extensions.Html.TestLogger.dll
C:\Program Files\dotnet\sdk\9.0.204\Extensions\Microsoft.VisualStudio.TestPlatform.Extensions.Trx.TestLogger.dll
TpTrace Verbose: 0 : 15624, 1, 2025/05/14, 15:08:10.691, 42962551069, vstest.console.dll, TestPluginCache.GetExtensionPaths: Added unfilterableExtensionPaths: 
TpTrace Verbose: 0 : 15624, 1, 2025/05/14, 15:08:10.691, 42962551329, vstest.console.dll, TestPluginCache.DiscoverTestExtensions: Discovering the extensions using allExtensionPaths: C:\Program Files\dotnet\sdk\9.0.204\Extensions\Microsoft.Diagnostics.NETCore.Client.dll
C:\Program Files\dotnet\sdk\9.0.204\Extensions\Microsoft.TestPlatform.Extensions.BlameDataCollector.dll
C:\Program Files\dotnet\sdk\9.0.204\Extensions\Microsoft.TestPlatform.Extensions.EventLogCollector.dll
C:\Program Files\dotnet\sdk\9.0.204\Extensions\Microsoft.TestPlatform.TestHostRuntimeProvider.dll
C:\Program Files\dotnet\sdk\9.0.204\Extensions\Microsoft.VisualStudio.TestPlatform.Extensions.Html.TestLogger.dll
C:\Program Files\dotnet\sdk\9.0.204\Extensions\Microsoft.VisualStudio.TestPlatform.Extensions.Trx.TestLogger.dll
TpTrace Information: 0 : 15624, 1, 2025/05/14, 15:08:10.691, 42962551914, vstest.console.dll, AssemblyResolver.AddSearchDirectories: Adding more searchDirectories C:\Program Files\dotnet\sdk\9.0.204\Extensions,C:\Program Files\dotnet\sdk\9.0.204
TpTrace Information: 0 : 15624, 1, 2025/05/14, 15:08:10.691, 42962552125, vstest.console.dll, AssemblyResolver.AddSearchDirectories: Adding more searchDirectories C:\Program Files\dotnet\sdk\9.0.204\Extensions,C:\Program Files\dotnet\sdk\9.0.204
TpTrace Information: 0 : 15624, 1, 2025/05/14, 15:08:10.691, 42962552350, vstest.console.dll, AssemblyResolver.AddSearchDirectories: Adding more searchDirectories C:\Program Files\dotnet\sdk\9.0.204\Extensions,C:\Program Files\dotnet\sdk\9.0.204
TpTrace Information: 0 : 15624, 1, 2025/05/14, 15:08:10.691, 42962552497, vstest.console.dll, AssemblyResolver.AddSearchDirectories: Adding more searchDirectories C:\Program Files\dotnet\sdk\9.0.204\Extensions,C:\Program Files\dotnet\sdk\9.0.204
TpTrace Information: 0 : 15624, 1, 2025/05/14, 15:08:10.691, 42962552642, vstest.console.dll, AssemblyResolver.AddSearchDirectories: Adding more searchDirectories C:\Program Files\dotnet\sdk\9.0.204\Extensions,C:\Program Files\dotnet\sdk\9.0.204
TpTrace Information: 0 : 15624, 1, 2025/05/14, 15:08:10.691, 42962552837, vstest.console.dll, AssemblyResolver.AddSearchDirectories: Adding more searchDirectories C:\Program Files\dotnet\sdk\9.0.204\Extensions,C:\Program Files\dotnet\sdk\9.0.204
TpTrace Information: 0 : 15624, 1, 2025/05/14, 15:08:10.691, 42962555355, vstest.console.dll, AssemblyResolver.OnResolve: Microsoft.Diagnostics.NETCore.Client: Resolving assembly.
TpTrace Information: 0 : 15624, 1, 2025/05/14, 15:08:10.691, 42962555737, vstest.console.dll, AssemblyResolver.OnResolve: Microsoft.Diagnostics.NETCore.Client: Searching in: 'C:\Program Files\dotnet\sdk\9.0.204\Extensions'.
TpTrace Information: 0 : 15624, 1, 2025/05/14, 15:08:10.699, 42962633887, vstest.console.dll, AssemblyResolver.OnResolve: Microsoft.Diagnostics.NETCore.Client: Loading assembly 'C:\Program Files\dotnet\sdk\9.0.204\Extensions\Microsoft.Diagnostics.NETCore.Client.dll'.
TpTrace Information: 0 : 15624, 1, 2025/05/14, 15:08:10.700, 42962639377, vstest.console.dll, AssemblyResolver.OnResolve: Resolved assembly: Microsoft.Diagnostics.NETCore.Client, from path: C:\Program Files\dotnet\sdk\9.0.204\Extensions\Microsoft.Diagnostics.NETCore.Client.dll
TpTrace Verbose: 0 : 15624, 1, 2025/05/14, 15:08:10.700, 42962644539, vstest.console.dll, MetadataReaderExtensionsHelper: Discovering extensions inside assembly 'Microsoft.Diagnostics.NETCore.Client, Version=0.2.11.6601, Culture=neutral, PublicKeyToken=31bf3856ad364e35' file path 'C:\Program Files\dotnet\sdk\9.0.204\Extensions\Microsoft.Diagnostics.NETCore.Client.dll'
TpTrace Information: 0 : 15624, 1, 2025/05/14, 15:08:10.702, 42962666923, vstest.console.dll, AssemblyResolver.OnResolve: Microsoft.Bcl.AsyncInterfaces: Resolving assembly.
TpTrace Information: 0 : 15624, 1, 2025/05/14, 15:08:10.702, 42962667336, vstest.console.dll, AssemblyResolver.OnResolve: Microsoft.Bcl.AsyncInterfaces: Searching in: 'C:\Program Files\dotnet\sdk\9.0.204\Extensions'.
TpTrace Information: 0 : 15624, 1, 2025/05/14, 15:08:10.703, 42962668035, vstest.console.dll, AssemblyResolver.OnResolve: Microsoft.Bcl.AsyncInterfaces: Assembly path does not exist: 'C:\Program Files\dotnet\sdk\9.0.204\Extensions\Microsoft.Bcl.AsyncInterfaces.dll', returning.
TpTrace Information: 0 : 15624, 1, 2025/05/14, 15:08:10.703, 42962668498, vstest.console.dll, AssemblyResolver.OnResolve: Microsoft.Bcl.AsyncInterfaces: Assembly path does not exist: 'C:\Program Files\dotnet\sdk\9.0.204\Extensions\Microsoft.Bcl.AsyncInterfaces.exe', returning.
TpTrace Information: 0 : 15624, 1, 2025/05/14, 15:08:10.703, 42962668712, vstest.console.dll, AssemblyResolver.OnResolve: Microsoft.Bcl.AsyncInterfaces: Searching in: 'C:\Program Files\dotnet\sdk\9.0.204'.
TpTrace Information: 0 : 15624, 1, 2025/05/14, 15:08:10.703, 42962669193, vstest.console.dll, AssemblyResolver.OnResolve: Microsoft.Bcl.AsyncInterfaces: Assembly path does not exist: 'C:\Program Files\dotnet\sdk\9.0.204\Microsoft.Bcl.AsyncInterfaces.dll', returning.
TpTrace Information: 0 : 15624, 1, 2025/05/14, 15:08:10.703, 42962669638, vstest.console.dll, AssemblyResolver.OnResolve: Microsoft.Bcl.AsyncInterfaces: Assembly path does not exist: 'C:\Program Files\dotnet\sdk\9.0.204\Microsoft.Bcl.AsyncInterfaces.exe', returning.
TpTrace Information: 0 : 15624, 1, 2025/05/14, 15:08:10.703, 42962669808, vstest.console.dll, AssemblyResolver.OnResolve: Microsoft.Bcl.AsyncInterfaces: Failed to load assembly.
TpTrace Verbose: 0 : 15624, 1, 2025/05/14, 15:08:10.703, 42962669992, vstest.console.dll, CurrentDomainAssemblyResolve: Resolving assembly 'Microsoft.Bcl.AsyncInterfaces'.
TpTrace Information: 0 : 15624, 1, 2025/05/14, 15:08:10.703, 42962670270, vstest.console.dll, AssemblyResolver.OnResolve: Microsoft.Bcl.AsyncInterfaces: Resolving assembly.
TpTrace Information: 0 : 15624, 1, 2025/05/14, 15:08:10.703, 42962670436, vstest.console.dll, AssemblyResolver.OnResolve: Microsoft.Bcl.AsyncInterfaces: Resolved from cache.
TpTrace Verbose: 0 : 15624, 1, 2025/05/14, 15:08:10.703, 42962670576, vstest.console.dll, CurrentDomainAssemblyResolve: Resolving assembly 'Microsoft.Bcl.AsyncInterfaces'.
TpTrace Verbose: 0 : 15624, 1, 2025/05/14, 15:08:10.703, 42962670750, vstest.console.dll, CurrentDomainAssemblyResolve: Failed to resolve assembly 'Microsoft.Bcl.AsyncInterfaces'.
TpTrace Verbose: 0 : 15624, 1, 2025/05/14, 15:08:10.703, 42962676065, vstest.console.dll, CurrentDomainAssemblyResolve: Failed to resolve assembly 'Microsoft.Bcl.AsyncInterfaces'.
TpTrace Warning: 0 : 15624, 1, 2025/05/14, 15:08:10.709, 42962733947, vstest.console.dll, TestPluginDiscoverer: Failed to get types from assembly 'Microsoft.Diagnostics.NETCore.Client, Version=0.2.11.6601, Culture=neutral, PublicKeyToken=31bf3856ad364e35'. Error: System.Reflection.ReflectionTypeLoadException: Unable to load one or more of the requested types.
Could not load file or assembly 'Microsoft.Bcl.AsyncInterfaces, Version=6.0.0.0, Culture=neutral, PublicKeyToken=cc7b13ffcd2ddd51'. The system cannot find the file specified.
   at System.Reflection.RuntimeModule.GetDefinedTypes()
   at System.Reflection.RuntimeModule.GetTypes()
   at Microsoft.VisualStudio.TestPlatform.Common.ExtensionFramework.TestPluginDiscoverer.GetTestExtensionsFromAssembly[TPluginInfo,TExtension](Assembly assembly, Dictionary`2 pluginInfos, String filePath) in /_/src/Microsoft.TestPlatform.Common/ExtensionFramework/TestPluginDiscoverer.cs:line 159
System.IO.FileNotFoundException: Could not load file or assembly 'Microsoft.Bcl.AsyncInterfaces, Version=6.0.0.0, Culture=neutral, PublicKeyToken=cc7b13ffcd2ddd51'. The system cannot find the file specified.
File name: 'Microsoft.Bcl.AsyncInterfaces, Version=6.0.0.0, Culture=neutral, PublicKeyToken=cc7b13ffcd2ddd51'
 ---> System.IO.FileNotFoundException: Could not load file or assembly 'Microsoft.Bcl.AsyncInterfaces, Culture=neutral, PublicKeyToken=null'. The system cannot find the file specified.
File name: 'Microsoft.Bcl.AsyncInterfaces, Culture=neutral, PublicKeyToken=null'
   at System.Reflection.RuntimeAssembly.InternalLoad(AssemblyName assemblyName, StackCrawlMark& stackMark, AssemblyLoadContext assemblyLoadContext, RuntimeAssembly requestingAssembly, Boolean throwOnFileNotFound)
   at System.Reflection.Assembly.Load(AssemblyName assemblyRef)
   at Microsoft.VisualStudio.TestPlatform.Common.ExtensionFramework.TestPluginCache.CurrentDomainAssemblyResolve(Object sender, AssemblyResolveEventArgs args) in /_/src/Microsoft.TestPlatform.Common/ExtensionFramework/TestPluginCache.cs:line 514
   at System.Runtime.Loader.AssemblyLoadContext.GetFirstResolvedAssemblyFromResolvingEvent(AssemblyName assemblyName)
   at System.Runtime.Loader.AssemblyLoadContext.ResolveUsingEvent(AssemblyName assemblyName)
   at System.Runtime.Loader.AssemblyLoadContext.ResolveUsingResolvingEvent(IntPtr gchManagedAssemblyLoadContext, AssemblyName assemblyName)
TpTrace Warning: 0 : 15624, 1, 2025/05/14, 15:08:10.709, 42962736237, vstest.console.dll, LoaderExceptions: System.IO.FileNotFoundException: Could not load file or assembly 'Microsoft.Bcl.AsyncInterfaces, Version=6.0.0.0, Culture=neutral, PublicKeyToken=cc7b13ffcd2ddd51'. The system cannot find the file specified.
File name: 'Microsoft.Bcl.AsyncInterfaces, Version=6.0.0.0, Culture=neutral, PublicKeyToken=cc7b13ffcd2ddd51'
 ---> System.IO.FileNotFoundException: Could not load file or assembly 'Microsoft.Bcl.AsyncInterfaces, Culture=neutral, PublicKeyToken=null'. The system cannot find the file specified.
File name: 'Microsoft.Bcl.AsyncInterfaces, Culture=neutral, PublicKeyToken=null'
   at System.Reflection.RuntimeAssembly.InternalLoad(AssemblyName assemblyName, StackCrawlMark& stackMark, AssemblyLoadContext assemblyLoadContext, RuntimeAssembly requestingAssembly, Boolean throwOnFileNotFound)
   at System.Reflection.Assembly.Load(AssemblyName assemblyRef)
   at Microsoft.VisualStudio.TestPlatform.Common.ExtensionFramework.TestPluginCache.CurrentDomainAssemblyResolve(Object sender, AssemblyResolveEventArgs args) in /_/src/Microsoft.TestPlatform.Common/ExtensionFramework/TestPluginCache.cs:line 514
   at System.Runtime.Loader.AssemblyLoadContext.GetFirstResolvedAssemblyFromResolvingEvent(AssemblyName assemblyName)
   at System.Runtime.Loader.AssemblyLoadContext.ResolveUsingEvent(AssemblyName assemblyName)
   at System.Runtime.Loader.AssemblyLoadContext.ResolveUsingResolvingEvent(IntPtr gchManagedAssemblyLoadContext, AssemblyName assemblyName)
TpTrace Information: 0 : 15624, 1, 2025/05/14, 15:08:10.709, 42962737303, vstest.console.dll, AssemblyResolver.OnResolve: Microsoft.TestPlatform.Extensions.BlameDataCollector: Resolving assembly.
TpTrace Information: 0 : 15624, 1, 2025/05/14, 15:08:10.709, 42962737734, vstest.console.dll, AssemblyResolver.OnResolve: Microsoft.TestPlatform.Extensions.BlameDataCollector: Searching in: 'C:\Program Files\dotnet\sdk\9.0.204\Extensions'.
TpTrace Information: 0 : 15624, 1, 2025/05/14, 15:08:10.710, 42962740351, vstest.console.dll, AssemblyResolver.OnResolve: Microsoft.TestPlatform.Extensions.BlameDataCollector: Loading assembly 'C:\Program Files\dotnet\sdk\9.0.204\Extensions\Microsoft.TestPlatform.Extensions.BlameDataCollector.dll'.
TpTrace Information: 0 : 15624, 1, 2025/05/14, 15:08:10.710, 42962745281, vstest.console.dll, AssemblyResolver.OnResolve: Resolved assembly: Microsoft.TestPlatform.Extensions.BlameDataCollector, from path: C:\Program Files\dotnet\sdk\9.0.204\Extensions\Microsoft.TestPlatform.Extensions.BlameDataCollector.dll
TpTrace Verbose: 0 : 15624, 1, 2025/05/14, 15:08:10.710, 42962745713, vstest.console.dll, MetadataReaderExtensionsHelper: Discovering extensions inside assembly 'Microsoft.TestPlatform.Extensions.BlameDataCollector, Version=15.0.0.0, Culture=neutral, PublicKeyToken=b03f5f7f11d50a3a' file path 'C:\Program Files\dotnet\sdk\9.0.204\Extensions\Microsoft.TestPlatform.Extensions.BlameDataCollector.dll'
TpTrace Information: 0 : 15624, 1, 2025/05/14, 15:08:10.711, 42962752468, vstest.console.dll, AssemblyResolver.OnResolve: Microsoft.TestPlatform.Extensions.EventLogCollector: Resolving assembly.
TpTrace Information: 0 : 15624, 1, 2025/05/14, 15:08:10.711, 42962752826, vstest.console.dll, AssemblyResolver.OnResolve: Microsoft.TestPlatform.Extensions.EventLogCollector: Searching in: 'C:\Program Files\dotnet\sdk\9.0.204\Extensions'.
TpTrace Information: 0 : 15624, 1, 2025/05/14, 15:08:10.711, 42962754830, vstest.console.dll, AssemblyResolver.OnResolve: Microsoft.TestPlatform.Extensions.EventLogCollector: Loading assembly 'C:\Program Files\dotnet\sdk\9.0.204\Extensions\Microsoft.TestPlatform.Extensions.EventLogCollector.dll'.
TpTrace Information: 0 : 15624, 1, 2025/05/14, 15:08:10.712, 42962759228, vstest.console.dll, AssemblyResolver.OnResolve: Resolved assembly: Microsoft.TestPlatform.Extensions.EventLogCollector, from path: C:\Program Files\dotnet\sdk\9.0.204\Extensions\Microsoft.TestPlatform.Extensions.EventLogCollector.dll
TpTrace Verbose: 0 : 15624, 1, 2025/05/14, 15:08:10.712, 42962759599, vstest.console.dll, MetadataReaderExtensionsHelper: Discovering extensions inside assembly 'Microsoft.TestPlatform.Extensions.EventLogCollector, Version=15.0.0.0, Culture=neutral, PublicKeyToken=b03f5f7f11d50a3a' file path 'C:\Program Files\dotnet\sdk\9.0.204\Extensions\Microsoft.TestPlatform.Extensions.EventLogCollector.dll'
TpTrace Information: 0 : 15624, 1, 2025/05/14, 15:08:10.713, 42962773714, vstest.console.dll, AssemblyResolver.OnResolve: Microsoft.TestPlatform.TestHostRuntimeProvider: Resolving assembly.
TpTrace Information: 0 : 15624, 1, 2025/05/14, 15:08:10.713, 42962774159, vstest.console.dll, AssemblyResolver.OnResolve: Microsoft.TestPlatform.TestHostRuntimeProvider: Searching in: 'C:\Program Files\dotnet\sdk\9.0.204\Extensions'.
TpTrace Information: 0 : 15624, 1, 2025/05/14, 15:08:10.713, 42962776223, vstest.console.dll, AssemblyResolver.OnResolve: Microsoft.TestPlatform.TestHostRuntimeProvider: Loading assembly 'C:\Program Files\dotnet\sdk\9.0.204\Extensions\Microsoft.TestPlatform.TestHostRuntimeProvider.dll'.
TpTrace Information: 0 : 15624, 1, 2025/05/14, 15:08:10.714, 42962780580, vstest.console.dll, AssemblyResolver.OnResolve: Resolved assembly: Microsoft.TestPlatform.TestHostRuntimeProvider, from path: C:\Program Files\dotnet\sdk\9.0.204\Extensions\Microsoft.TestPlatform.TestHostRuntimeProvider.dll
TpTrace Verbose: 0 : 15624, 1, 2025/05/14, 15:08:10.714, 42962780944, vstest.console.dll, MetadataReaderExtensionsHelper: Discovering extensions inside assembly 'Microsoft.TestPlatform.TestHostRuntimeProvider, Version=15.0.0.0, Culture=neutral, PublicKeyToken=b03f5f7f11d50a3a' file path 'C:\Program Files\dotnet\sdk\9.0.204\Extensions\Microsoft.TestPlatform.TestHostRuntimeProvider.dll'
TpTrace Information: 0 : 15624, 1, 2025/05/14, 15:08:10.715, 42962788370, vstest.console.dll, GetTestExtensionFromType: Register extension with identifier data 'HostProvider://DefaultTestHost' and type 'Microsoft.VisualStudio.TestPlatform.CrossPlatEngine.Hosting.DefaultTestHostManager, Microsoft.TestPlatform.TestHostRuntimeProvider, Version=15.0.0.0, Culture=neutral, PublicKeyToken=b03f5f7f11d50a3a' inside file 'C:\Program Files\dotnet\sdk\9.0.204\Extensions\Microsoft.TestPlatform.TestHostRuntimeProvider.dll'
TpTrace Information: 0 : 15624, 1, 2025/05/14, 15:08:10.715, 42962789727, vstest.console.dll, GetTestExtensionFromType: Register extension with identifier data 'HostProvider://DotnetTestHost' and type 'Microsoft.VisualStudio.TestPlatform.CrossPlatEngine.Hosting.DotnetTestHostManager, Microsoft.TestPlatform.TestHostRuntimeProvider, Version=15.0.0.0, Culture=neutral, PublicKeyToken=b03f5f7f11d50a3a' inside file 'C:\Program Files\dotnet\sdk\9.0.204\Extensions\Microsoft.TestPlatform.TestHostRuntimeProvider.dll'
TpTrace Information: 0 : 15624, 1, 2025/05/14, 15:08:10.715, 42962790104, vstest.console.dll, AssemblyResolver.OnResolve: Microsoft.VisualStudio.TestPlatform.Extensions.Html.TestLogger: Resolving assembly.
TpTrace Information: 0 : 15624, 1, 2025/05/14, 15:08:10.715, 42962790325, vstest.console.dll, AssemblyResolver.OnResolve: Microsoft.VisualStudio.TestPlatform.Extensions.Html.TestLogger: Searching in: 'C:\Program Files\dotnet\sdk\9.0.204\Extensions'.
TpTrace Information: 0 : 15624, 1, 2025/05/14, 15:08:10.715, 42962792571, vstest.console.dll, AssemblyResolver.OnResolve: Microsoft.VisualStudio.TestPlatform.Extensions.Html.TestLogger: Loading assembly 'C:\Program Files\dotnet\sdk\9.0.204\Extensions\Microsoft.VisualStudio.TestPlatform.Extensions.Html.TestLogger.dll'.
TpTrace Information: 0 : 15624, 1, 2025/05/14, 15:08:10.716, 42962798220, vstest.console.dll, AssemblyResolver.OnResolve: Resolved assembly: Microsoft.VisualStudio.TestPlatform.Extensions.Html.TestLogger, from path: C:\Program Files\dotnet\sdk\9.0.204\Extensions\Microsoft.VisualStudio.TestPlatform.Extensions.Html.TestLogger.dll
TpTrace Verbose: 0 : 15624, 1, 2025/05/14, 15:08:10.716, 42962798615, vstest.console.dll, MetadataReaderExtensionsHelper: Discovering extensions inside assembly 'Microsoft.VisualStudio.TestPlatform.Extensions.Html.TestLogger, Version=15.0.0.0, Culture=neutral, PublicKeyToken=b03f5f7f11d50a3a' file path 'C:\Program Files\dotnet\sdk\9.0.204\Extensions\Microsoft.VisualStudio.TestPlatform.Extensions.Html.TestLogger.dll'
TpTrace Information: 0 : 15624, 1, 2025/05/14, 15:08:10.716, 42962802457, vstest.console.dll, AssemblyResolver.OnResolve: Microsoft.VisualStudio.TestPlatform.Extensions.Trx.TestLogger: Resolving assembly.
TpTrace Information: 0 : 15624, 1, 2025/05/14, 15:08:10.716, 42962802851, vstest.console.dll, AssemblyResolver.OnResolve: Microsoft.VisualStudio.TestPlatform.Extensions.Trx.TestLogger: Searching in: 'C:\Program Files\dotnet\sdk\9.0.204\Extensions'.
TpTrace Information: 0 : 15624, 1, 2025/05/14, 15:08:10.716, 42962804967, vstest.console.dll, AssemblyResolver.OnResolve: Microsoft.VisualStudio.TestPlatform.Extensions.Trx.TestLogger: Loading assembly 'C:\Program Files\dotnet\sdk\9.0.204\Extensions\Microsoft.VisualStudio.TestPlatform.Extensions.Trx.TestLogger.dll'.
TpTrace Information: 0 : 15624, 1, 2025/05/14, 15:08:10.717, 42962809346, vstest.console.dll, AssemblyResolver.OnResolve: Resolved assembly: Microsoft.VisualStudio.TestPlatform.Extensions.Trx.TestLogger, from path: C:\Program Files\dotnet\sdk\9.0.204\Extensions\Microsoft.VisualStudio.TestPlatform.Extensions.Trx.TestLogger.dll
TpTrace Verbose: 0 : 15624, 1, 2025/05/14, 15:08:10.717, 42962809700, vstest.console.dll, MetadataReaderExtensionsHelper: Discovering extensions inside assembly 'Microsoft.VisualStudio.TestPlatform.Extensions.Trx.TestLogger, Version=15.0.0.0, Culture=neutral, PublicKeyToken=b03f5f7f11d50a3a' file path 'C:\Program Files\dotnet\sdk\9.0.204\Extensions\Microsoft.VisualStudio.TestPlatform.Extensions.Trx.TestLogger.dll'
TpTrace Verbose: 0 : 15624, 1, 2025/05/14, 15:08:10.717, 42962814874, vstest.console.dll, TestPluginCache: Discovered the extensions using extension path ''.
TpTrace Verbose: 0 : 15624, 1, 2025/05/14, 15:08:10.717, 42962815254, vstest.console.dll, TestPluginCache: Discoverers are ''.
TpTrace Verbose: 0 : 15624, 1, 2025/05/14, 15:08:10.717, 42962815411, vstest.console.dll, TestPluginCache: Executors are ''.
TpTrace Verbose: 0 : 15624, 1, 2025/05/14, 15:08:10.717, 42962815551, vstest.console.dll, TestPluginCache: Executors2 are ''.
TpTrace Verbose: 0 : 15624, 1, 2025/05/14, 15:08:10.717, 42962815696, vstest.console.dll, TestPluginCache: Setting providers are ''.
TpTrace Verbose: 0 : 15624, 1, 2025/05/14, 15:08:10.717, 42962815836, vstest.console.dll, TestPluginCache: Loggers are ''.
TpTrace Verbose: 0 : 15624, 1, 2025/05/14, 15:08:10.717, 42962816636, vstest.console.dll, TestPluginCache: TestHosts are 'HostProvider://DefaultTestHost,HostProvider://DotnetTestHost'.
TpTrace Verbose: 0 : 15624, 1, 2025/05/14, 15:08:10.717, 42962816846, vstest.console.dll, TestPluginCache: DataCollectors are ''.
TpTrace Information: 0 : 15624, 1, 2025/05/14, 15:08:10.724, 42962885442, vstest.console.dll, RunTestsArgumentProcessor:Execute: Test run is starting.
TpTrace Verbose: 0 : 15624, 1, 2025/05/14, 15:08:10.724, 42962885845, vstest.console.dll, RunTestsArgumentProcessor:Execute: Queuing Test run.
TpTrace Information: 0 : 15624, 1, 2025/05/14, 15:08:10.724, 42962887048, vstest.console.dll, TestRequestManager.RunTests: run tests started.
TpTrace Information: 0 : 15624, 1, 2025/05/14, 15:08:10.725, 42962893287, vstest.console.dll, AssemblyMetadataProvider.GetFrameworkName: Determined framework:'.NETFramework,Version=v4.8' for source: 'C:\Users\barrya\source\repos\RailDesigner1\bin\Debug\RailDesigner1.dll'
TpTrace Information: 0 : 15624, 1, 2025/05/14, 15:08:10.725, 42962894105, vstest.console.dll, Determined framework for all sources: .NETFramework,Version=v4.8
TpTrace Verbose: 0 : 15624, 1, 2025/05/14, 15:08:10.725, 42962895378, vstest.console.dll, TestRequestManager.UpdateRunSettingsIfRequired: Default architecture: X64 IsDefaultTargetArchitecture: False, Current process architecture: X64 OperatingSystem: Windows.
TpTrace Information: 0 : 15624, 1, 2025/05/14, 15:08:10.725, 42962895689, vstest.console.dll, Platform is set by runsettings to be 'X64' for all sources.
TpTrace Information: 0 : 15624, 1, 2025/05/14, 15:08:10.726, 42962904712, vstest.console.dll, AssemblyMetadataProvider.GetArchitecture: Determined architecture:X64 info for assembly: C:\Users\barrya\source\repos\RailDesigner1\bin\Debug\RailDesigner1.dll
TpTrace Information: 0 : 15624, 1, 2025/05/14, 15:08:10.726, 42962905356, vstest.console.dll, Determined platform for source 'C:\Users\barrya\source\repos\RailDesigner1\bin\Debug\RailDesigner1.dll' was 'X64'.
TpTrace Information: 0 : 15624, 1, 2025/05/14, 15:08:10.726, 42962905563, vstest.console.dll, Determined platform for all sources: X64
TpTrace Information: 0 : 15624, 1, 2025/05/14, 15:08:10.727, 42962913641, vstest.console.dll, Compatible sources list: 
TpTrace Information: 0 : 15624, 1, 2025/05/14, 15:08:10.727, 42962914103, vstest.console.dll, C:\Users\barrya\source\repos\RailDesigner1\bin\Debug\RailDesigner1.dll
TpTrace Information: 0 : 15624, 1, 2025/05/14, 15:08:10.728, 42962927352, vstest.console.dll, InferRunSettingsHelper.IsTestSettingsEnabled: Unable to navigate to RunSettings/MSTest. Current node: RunSettings
TpTrace Information: 0 : 15624, 1, 2025/05/14, 15:08:10.729, 42962930075, vstest.console.dll, AssemblyResolver.OnResolve: Microsoft.VisualStudio.TestPlatform.Fakes: Resolving assembly.
TpTrace Information: 0 : 15624, 1, 2025/05/14, 15:08:10.729, 42962930418, vstest.console.dll, AssemblyResolver.OnResolve: Microsoft.VisualStudio.TestPlatform.Fakes: Searching in: 'C:\Program Files\dotnet\sdk\9.0.204\Extensions'.
TpTrace Information: 0 : 15624, 1, 2025/05/14, 15:08:10.729, 42962931227, vstest.console.dll, AssemblyResolver.OnResolve: Microsoft.VisualStudio.TestPlatform.Fakes: Assembly path does not exist: 'C:\Program Files\dotnet\sdk\9.0.204\Extensions\Microsoft.VisualStudio.TestPlatform.Fakes.dll', returning.
TpTrace Information: 0 : 15624, 1, 2025/05/14, 15:08:10.729, 42962931729, vstest.console.dll, AssemblyResolver.OnResolve: Microsoft.VisualStudio.TestPlatform.Fakes: Assembly path does not exist: 'C:\Program Files\dotnet\sdk\9.0.204\Extensions\Microsoft.VisualStudio.TestPlatform.Fakes.exe', returning.
TpTrace Information: 0 : 15624, 1, 2025/05/14, 15:08:10.729, 42962931943, vstest.console.dll, AssemblyResolver.OnResolve: Microsoft.VisualStudio.TestPlatform.Fakes: Searching in: 'C:\Program Files\dotnet\sdk\9.0.204'.
TpTrace Information: 0 : 15624, 1, 2025/05/14, 15:08:10.729, 42962932461, vstest.console.dll, AssemblyResolver.OnResolve: Microsoft.VisualStudio.TestPlatform.Fakes: Assembly path does not exist: 'C:\Program Files\dotnet\sdk\9.0.204\Microsoft.VisualStudio.TestPlatform.Fakes.dll', returning.
TpTrace Information: 0 : 15624, 1, 2025/05/14, 15:08:10.729, 42962932913, vstest.console.dll, AssemblyResolver.OnResolve: Microsoft.VisualStudio.TestPlatform.Fakes: Assembly path does not exist: 'C:\Program Files\dotnet\sdk\9.0.204\Microsoft.VisualStudio.TestPlatform.Fakes.exe', returning.
TpTrace Information: 0 : 15624, 1, 2025/05/14, 15:08:10.729, 42962933138, vstest.console.dll, AssemblyResolver.OnResolve: Microsoft.VisualStudio.TestPlatform.Fakes: Failed to load assembly.
TpTrace Information: 0 : 15624, 1, 2025/05/14, 15:08:10.729, 42962934388, vstest.console.dll, Failed to load assembly Microsoft.VisualStudio.TestPlatform.Fakes, Version=17.0.0.0, Culture=neutral. Reason:System.IO.FileNotFoundException: Could not load file or assembly 'Microsoft.VisualStudio.TestPlatform.Fakes, Version=17.0.0.0, Culture=neutral, PublicKeyToken=null'. The system cannot find the file specified.
File name: 'Microsoft.VisualStudio.TestPlatform.Fakes, Version=17.0.0.0, Culture=neutral, PublicKeyToken=null'
   at System.Reflection.RuntimeAssembly.InternalLoad(AssemblyName assemblyName, StackCrawlMark& stackMark, AssemblyLoadContext assemblyLoadContext, RuntimeAssembly requestingAssembly, Boolean throwOnFileNotFound)
   at System.Reflection.Assembly.Load(AssemblyName assemblyRef)
   at Microsoft.VisualStudio.TestPlatform.Common.Utilities.FakesUtilities.LoadTestPlatformAssembly() in /_/src/Microsoft.TestPlatform.Common/Utilities/FakesUtilities.cs:line 273
TpTrace Verbose: 0 : 15624, 1, 2025/05/14, 15:08:10.735, 42962992853, vstest.console.dll, TestEngine: Initializing Parallel Execution as MaxCpuCount is set to: 1
TpTrace Information: 0 : 15624, 1, 2025/05/14, 15:08:10.736, 42962998115, vstest.console.dll, TestPluginManager.CreateTestExtension: Attempting to load test extension: Microsoft.VisualStudio.TestPlatform.CrossPlatEngine.Hosting.DefaultTestHostManager
TpTrace Verbose: 0 : 15624, 1, 2025/05/14, 15:08:10.736, 42963004356, vstest.console.dll, TestHostManagerCallbacks.ctor: Forwarding output is enabled.
TpTrace Information: 0 : 15624, 1, 2025/05/14, 15:08:10.736, 42963006138, vstest.console.dll, InferRunSettingsHelper.IsTestSettingsEnabled: Unable to navigate to RunSettings/MSTest. Current node: RunSettings
TpTrace Verbose: 0 : 15624, 1, 2025/05/14, 15:08:10.737, 42963011510, vstest.console.dll, ParallelOperationManager.ClearSlots: Clearing all slots. Slots should accept more work: True
TpTrace Verbose: 0 : 15624, 1, 2025/05/14, 15:08:10.737, 42963014036, vstest.console.dll, ParallelOperationManager.SetOccupiedSlotCount: Setting slot counts AvailableSlotCount = 1, OccupiedSlotCount = 0.
TpTrace Verbose: 0 : 15624, 1, 2025/05/14, 15:08:10.737, 42963015688, vstest.console.dll, Occupied slots:

TpTrace Verbose: 0 : 15624, 1, 2025/05/14, 15:08:10.739, 42963029211, vstest.console.dll, TestEngine.GetExecutionManager: Chosen execution manager 'Microsoft.VisualStudio.TestPlatform.CrossPlatEngine.Client.Parallel.ParallelProxyExecutionManager, Microsoft.TestPlatform.CrossPlatEngine, Version=15.0.0.0, Culture=neutral, PublicKeyToken=b03f5f7f11d50a3a' ParallelLevel '1'.
TpTrace Verbose: 0 : 15624, 1, 2025/05/14, 15:08:10.739, 42963030084, vstest.console.dll, TestPlatform.GetSkipDefaultAdapters: Not skipping default adapters SkipDefaultAdapters was false.
TpTrace Verbose: 0 : 15624, 1, 2025/05/14, 15:08:10.739, 42963030471, vstest.console.dll, TestRunRequest.ExecuteAsync: Creating test run request.
TpTrace Verbose: 0 : 15624, 1, 2025/05/14, 15:08:10.739, 42963031665, vstest.console.dll, TestRunRequest.ExecuteAsync: Starting.
TpTrace Information: 0 : 15624, 1, 2025/05/14, 15:08:10.739, 42963036495, vstest.console.dll, TestRunRequest.ExecuteAsync: Starting run with settings:TestRunCriteria:
   KeepAlive=False,FrequencyOfRunStatsChangeEvent=10,RunStatsChangeEventTimeout=00:00:01.5000000,TestCaseFilter=,TestExecutorLauncher=
   Settingsxml=<RunSettings>
  <RunConfiguration>
    <ResultsDirectory>C:\Users\barrya\source\repos\RailDesigner1\TestResults</ResultsDirectory>
    <TargetPlatform>X64</TargetPlatform>
    <TargetFrameworkVersion>.NETFramework,Version=v4.8</TargetFrameworkVersion>
    <DesignMode>False</DesignMode>
    <CollectSourceInformation>False</CollectSourceInformation>
  </RunConfiguration>
  <LoggerRunSettings>
    <Loggers>
      <Logger friendlyName="console" assemblyQualifiedName="Microsoft.VisualStudio.TestPlatform.CommandLine.Internal.ConsoleLogger, vstest.console, Version=15.0.0.0, Culture=neutral, PublicKeyToken=b03f5f7f11d50a3a" codeBase="C:\Program Files\dotnet\sdk\9.0.204\vstest.console.dll" enabled="True">
        <Configuration>
          <verbosity>detailed</verbosity>
        </Configuration>
      </Logger>
      <Logger friendlyName="Microsoft.TestPlatform.MSBuildLogger" assemblyQualifiedName="Microsoft.VisualStudio.TestPlatform.CommandLine.Internal.MSBuildLogger, vstest.console, Version=15.0.0.0, Culture=neutral, PublicKeyToken=b03f5f7f11d50a3a" codeBase="C:\Program Files\dotnet\sdk\9.0.204\vstest.console.dll" enabled="True">
        <Configuration>
          <Verbosity>normal</Verbosity>
        </Configuration>
      </Logger>
    </Loggers>
  </LoggerRunSettings>
</RunSettings>

TpTrace Verbose: 0 : 15624, 1, 2025/05/14, 15:08:10.739, 42963036816, vstest.console.dll, TestRunRequest.ExecuteAsync: Wait for the first run request is over.
TpTrace Verbose: 0 : 15624, 1, 2025/05/14, 15:08:10.739, 42963037868, vstest.console.dll, MulticastDelegateUtilities.SafeInvoke: TestRun.TestRunStart: Invoking callbacks was skipped because there are no subscribers.
TpTrace Verbose: 0 : 15624, 4, 2025/05/14, 15:08:10.740, 42963039330, vstest.console.dll, MulticastDelegateUtilities.SafeInvoke: InternalTestLoggerEvents.SendTestRunStart: Invoking callback 1/1 for Microsoft.VisualStudio.TestPlatform.CommandLine.Internal.ConsoleLogger., took 0 ms.
TpTrace Verbose: 0 : 15624, 1, 2025/05/14, 15:08:10.740, 42963043030, vstest.console.dll, ParallelProxyExecutionManager: Start execution. Total sources: 1
TpTrace Verbose: 0 : 15624, 1, 2025/05/14, 15:08:10.740, 42963044446, vstest.console.dll, ParallelOperationManager.StartWork: Starting adding 1 workloads.
TpTrace Verbose: 0 : 15624, 1, 2025/05/14, 15:08:10.740, 42963044732, vstest.console.dll, ParallelOperationManager.ClearSlots: Clearing all slots. Slots should accept more work: True
TpTrace Verbose: 0 : 15624, 1, 2025/05/14, 15:08:10.740, 42963045010, vstest.console.dll, ParallelOperationManager.SetOccupiedSlotCount: Setting slot counts AvailableSlotCount = 1, OccupiedSlotCount = 0.
TpTrace Verbose: 0 : 15624, 1, 2025/05/14, 15:08:10.740, 42963045173, vstest.console.dll, Occupied slots:

TpTrace Verbose: 0 : 15624, 1, 2025/05/14, 15:08:10.741, 42963050615, vstest.console.dll, TestHostManagerCallbacks.ctor: Forwarding output is enabled.
TpTrace Verbose: 0 : 15624, 1, 2025/05/14, 15:08:10.741, 42963051999, vstest.console.dll, TestRequestSender is acting as server.
TpTrace Verbose: 0 : 15624, 1, 2025/05/14, 15:08:10.741, 42963053317, vstest.console.dll, ParallelOperationManager.RunWorkInParallel: Adding 1 workload to slot, remaining workloads 0.
TpTrace Verbose: 0 : 15624, 1, 2025/05/14, 15:08:10.741, 42963053568, vstest.console.dll, ParallelOperationManager.SetOccupiedSlotCount: Setting slot counts AvailableSlotCount = 0, OccupiedSlotCount = 1.
TpTrace Verbose: 0 : 15624, 1, 2025/05/14, 15:08:10.741, 42963054004, vstest.console.dll, Occupied slots:
0: C:\Users\barrya\source\repos\RailDesigner1\bin\Debug\RailDesigner1.dll
TpTrace Verbose: 0 : 15624, 1, 2025/05/14, 15:08:10.742, 42963061776, vstest.console.dll, ParallelOperationManager.RunWorkInParallel: Started host in slot number 0 for work (source): C:\Users\barrya\source\repos\RailDesigner1\bin\Debug\RailDesigner1.dll.
TpTrace Verbose: 0 : 15624, 5, 2025/05/14, 15:08:10.742, 42963067725, vstest.console.dll, ParallelProxyExecutionManager.StartTestRunOnConcurrentManager: Initializing uninitialized client. Started clients: 0
TpTrace Verbose: 0 : 15624, 5, 2025/05/14, 15:08:10.743, 42963068153, vstest.console.dll, ParallelProxyExecutionManager.StartTestRunOnConcurrentManager: Initializing test run. Started clients: 0
TpTrace Verbose: 0 : 15624, 1, 2025/05/14, 15:08:10.743, 42963068386, vstest.console.dll, ParallelOperationManager.RunWorkInParallel: We started 1 work items, which is the max parallel level. Won't start more work.
TpTrace Verbose: 0 : 15624, 5, 2025/05/14, 15:08:10.743, 42963068629, vstest.console.dll, ProxyExecutionManager: Test host is always Lazy initialize.
TpTrace Verbose: 0 : 15624, 1, 2025/05/14, 15:08:10.743, 42963069270, vstest.console.dll, ParallelOperationManager.RunWorkInParallel: We started 1 work items in here, returning True.
TpTrace Information: 0 : 15624, 1, 2025/05/14, 15:08:10.743, 42963070352, vstest.console.dll, TestRunRequest.ExecuteAsync: Started.
TpTrace Verbose: 0 : 15624, 5, 2025/05/14, 15:08:10.743, 42963072063, vstest.console.dll, TestRequestSender.InitializeCommunication: initialize communication. 
TpTrace Verbose: 0 : 15624, 1, 2025/05/14, 15:08:10.743, 42963073776, vstest.console.dll, TestRunRequest.WaitForCompletion: Waiting with timeout -1.
TpTrace Information: 0 : 15624, 5, 2025/05/14, 15:08:10.749, 42963133787, vstest.console.dll, SocketServer.Start: Listening on endpoint : 127.0.0.1:54005
TpTrace Verbose: 0 : 15624, 5, 2025/05/14, 15:08:10.753, 42963176122, vstest.console.dll, DefaultTestHostmanager.GetTestHostProcessStartInfo: Trying to use testhost.net48.exe from C:\Program Files\dotnet\sdk\9.0.204\Extensions\..\TestHostNetFramework\testhost.net48.exe
TpTrace Verbose: 0 : 15624, 5, 2025/05/14, 15:08:10.754, 42963181661, vstest.console.dll, Launching default test Host Process C:\Program Files\dotnet\sdk\9.0.204\Extensions\..\TestHostNetFramework\testhost.net48.exe with arguments  --port 54005 --endpoint 127.0.0.1:054005 --role client --parentprocessid 15624 --diag "C:\Users\barrya\source\repos\RailDesigner1\test_run_diag.host.25-05-14_15-08-10_75344_5.log" --tracelevel 4 --telemetryoptedin false
TpTrace Verbose: 0 : 15624, 5, 2025/05/14, 15:08:10.754, 42963181991, vstest.console.dll, DefaultTestHostManager: Starting process 'C:\Program Files\dotnet\sdk\9.0.204\Extensions\..\TestHostNetFramework\testhost.net48.exe' with command line ' --port 54005 --endpoint 127.0.0.1:054005 --role client --parentprocessid 15624 --diag "C:\Users\barrya\source\repos\RailDesigner1\test_run_diag.host.25-05-14_15-08-10_75344_5.log" --tracelevel 4 --telemetryoptedin false'
TpTrace Verbose: 0 : 15624, 5, 2025/05/14, 15:08:10.759, 42963229352, vstest.console.dll, Test Runtime launched
TpTrace Verbose: 0 : 15624, 5, 2025/05/14, 15:08:10.759, 42963229863, vstest.console.dll, MulticastDelegateUtilities.SafeInvoke: HostProviderEvents.OnHostLaunched: Invoking callback 1/1 for Microsoft.VisualStudio.TestPlatform.CrossPlatEngine.Client.ProxyOperationManager., took 0 ms.
TpTrace Verbose: 0 : 15624, 5, 2025/05/14, 15:08:10.759, 42963231586, vstest.console.dll, TestRequestSender.WaitForRequestHandlerConnection: waiting for connection with timeout: 90000.
TpTrace Verbose: 0 : 15624, 11, 2025/05/14, 15:08:10.918, 42964827950, vstest.console.dll, MulticastDelegateUtilities.SafeInvoke: SocketServer: ClientConnected: Invoking callback 1/1 for Microsoft.VisualStudio.TestPlatform.CommunicationUtilities.TestRequestSender., took 0 ms.
TpTrace Verbose: 0 : 15624, 5, 2025/05/14, 15:08:10.918, 42964827950, vstest.console.dll, TestRequestSender.WaitForRequestHandlerConnection: waiting took 159 ms, with timeout 90000 ms, and result 0, which is success.
TpTrace Verbose: 0 : 15624, 11, 2025/05/14, 15:08:10.919, 42964828635, vstest.console.dll, SocketServer.OnClientConnected: Client connected for endPoint: 127.0.0.1:54005, starting MessageLoopAsync:
TpTrace Verbose: 0 : 15624, 12, 2025/05/14, 15:08:10.919, 42964831261, vstest.console.dll, TcpClientExtensions.MessageLoopAsync: Polling on remoteEndPoint: 127.0.0.1:54006 localEndPoint: 127.0.0.1:54005 after 0 ms
TpTrace Verbose: 0 : 15624, 5, 2025/05/14, 15:08:10.938, 42965024184, vstest.console.dll, TestRequestSender.CheckVersionWithTestHost: Sending check version message: {"MessageType":"ProtocolVersion","Payload":7}
TpTrace Verbose: 0 : 15624, 12, 2025/05/14, 15:08:11.056, 42966207227, vstest.console.dll, TcpClientExtensions.MessageLoopAsync: NotifyDataAvailable remoteEndPoint: 127.0.0.1:54006 localEndPoint: 127.0.0.1:54005
TpTrace Verbose: 0 : 15624, 12, 2025/05/14, 15:08:11.057, 42966209602, vstest.console.dll, TestRequestSender.CheckVersionWithTestHost: onMessageReceived received message: (ProtocolVersion) -> {"MessageType":"ProtocolVersion","Payload":7}
TpTrace Verbose: 0 : 15624, 12, 2025/05/14, 15:08:11.059, 42966231111, vstest.console.dll, MulticastDelegateUtilities.SafeInvoke: LengthPrefixCommunicationChannel: MessageReceived: Invoking callback 1/1 for Microsoft.VisualStudio.TestPlatform.CommunicationUtilities.TestRequestSender+<>c__DisplayClass29_0., took 2 ms.
TpTrace Verbose: 0 : 15624, 5, 2025/05/14, 15:08:11.059, 42966231736, vstest.console.dll, TestPluginCache.GetExtensionPaths: Filtered extension paths: 
TpTrace Verbose: 0 : 15624, 12, 2025/05/14, 15:08:11.059, 42966231781, vstest.console.dll, TcpClientExtensions.MessageLoopAsync: Polling on remoteEndPoint: 127.0.0.1:54006 localEndPoint: 127.0.0.1:54005 after 140 ms
TpTrace Verbose: 0 : 15624, 5, 2025/05/14, 15:08:11.059, 42966232254, vstest.console.dll, TestPluginCache.GetExtensionPaths: Added default extension paths: C:\Program Files\dotnet\sdk\9.0.204\Extensions\Microsoft.Diagnostics.NETCore.Client.dll
C:\Program Files\dotnet\sdk\9.0.204\Extensions\Microsoft.TestPlatform.Extensions.BlameDataCollector.dll
C:\Program Files\dotnet\sdk\9.0.204\Extensions\Microsoft.TestPlatform.Extensions.EventLogCollector.dll
C:\Program Files\dotnet\sdk\9.0.204\Extensions\Microsoft.TestPlatform.TestHostRuntimeProvider.dll
C:\Program Files\dotnet\sdk\9.0.204\Extensions\Microsoft.VisualStudio.TestPlatform.Extensions.Html.TestLogger.dll
C:\Program Files\dotnet\sdk\9.0.204\Extensions\Microsoft.VisualStudio.TestPlatform.Extensions.Trx.TestLogger.dll
TpTrace Verbose: 0 : 15624, 5, 2025/05/14, 15:08:11.059, 42966232663, vstest.console.dll, TestPluginCache.GetExtensionPaths: Added unfilterableExtensionPaths: 
TpTrace Verbose: 0 : 15624, 12, 2025/05/14, 15:08:11.060, 42966238722, vstest.console.dll, TcpClientExtensions.MessageLoopAsync: NotifyDataAvailable remoteEndPoint: 127.0.0.1:54006 localEndPoint: 127.0.0.1:54005
TpTrace Verbose: 0 : 15624, 5, 2025/05/14, 15:08:11.061, 42966254650, vstest.console.dll, TestRequestSender.InitializeExecution: Sending initialize execution with message: {"Version":7,"MessageType":"TestExecution.Initialize","Payload":["C:\\Program Files\\dotnet\\sdk\\9.0.204\\Extensions\\Microsoft.Diagnostics.NETCore.Client.dll","C:\\Program Files\\dotnet\\sdk\\9.0.204\\Extensions\\Microsoft.TestPlatform.Extensions.BlameDataCollector.dll","C:\\Program Files\\dotnet\\sdk\\9.0.204\\Extensions\\Microsoft.TestPlatform.Extensions.EventLogCollector.dll","C:\\Program Files\\dotnet\\sdk\\9.0.204\\Extensions\\Microsoft.TestPlatform.TestHostRuntimeProvider.dll","C:\\Program Files\\dotnet\\sdk\\9.0.204\\Extensions\\Microsoft.VisualStudio.TestPlatform.Extensions.Html.TestLogger.dll","C:\\Program Files\\dotnet\\sdk\\9.0.204\\Extensions\\Microsoft.VisualStudio.TestPlatform.Extensions.Trx.TestLogger.dll","C:\\Users\\barrya\\source\\repos\\RailDesigner1\\bin\\Debug\\Microsoft.VisualStudio.TestPlatform.MSTest.TestAdapter.dll"]}
TpTrace Verbose: 0 : 15624, 5, 2025/05/14, 15:08:11.061, 42966255864, vstest.console.dll, ParallelProxyExecutionManager.StartTestRunOnConcurrentManager: Execution starting. Started clients: 1
TpTrace Warning: 0 : 15624, 5, 2025/05/14, 15:08:11.062, 42966258279, vstest.console.dll, InferRunSettingsHelper.MakeRunsettingsCompatible: Removing the following settings: TargetPlatform from RunSettings file. To use those settings please move to latest version of Microsoft.NET.Test.Sdk
TpTrace Verbose: 0 : 15624, 12, 2025/05/14, 15:08:11.062, 42966261672, vstest.console.dll, TestRequestSender.OnExecutionMessageReceived: Received message: {"Version":7,"MessageType":"TestSession.Message","Payload":{"MessageLevel":0,"Message":"Logging TestHost Diagnostics in file: C:\\Users\\barrya\\source\\repos\\RailDesigner1\\test_run_diag.host.25-05-14_15-08-10_75344_5.log"}}
TpTrace Verbose: 0 : 15624, 12, 2025/05/14, 15:08:11.063, 42966276453, vstest.console.dll, TestRunRequest:SendTestRunMessage: Starting.
TpTrace Verbose: 0 : 15624, 12, 2025/05/14, 15:08:11.063, 42966277444, vstest.console.dll, MulticastDelegateUtilities.SafeInvoke: TestRun.LogMessages: Invoking callback 1/1 for Microsoft.VisualStudio.TestPlatform.CommandLine.TestRunResultAggregator., took 0 ms.
TpTrace Information: 0 : 15624, 12, 2025/05/14, 15:08:11.063, 42966277789, vstest.console.dll, TestRunRequest:SendTestRunMessage: Completed.
TpTrace Verbose: 0 : 15624, 12, 2025/05/14, 15:08:11.064, 42966278005, vstest.console.dll, MulticastDelegateUtilities.SafeInvoke: LengthPrefixCommunicationChannel: MessageReceived: Invoking callback 1/1 for Microsoft.VisualStudio.TestPlatform.CommunicationUtilities.TestRequestSender+<>c__DisplayClass34_0., took 1 ms.
TpTrace Verbose: 0 : 15624, 12, 2025/05/14, 15:08:11.064, 42966278174, vstest.console.dll, TcpClientExtensions.MessageLoopAsync: Polling on remoteEndPoint: 127.0.0.1:54006 localEndPoint: 127.0.0.1:54005 after 4 ms
TpTrace Verbose: 0 : 15624, 4, 2025/05/14, 15:08:11.064, 42966278868, vstest.console.dll, MulticastDelegateUtilities.SafeInvoke: InternalTestLoggerEvents.SendTestRunMessage: Invoking callback 1/2 for Microsoft.VisualStudio.TestPlatform.CommandLine.Internal.ConsoleLogger., took 0 ms.
TpTrace Verbose: 0 : 15624, 4, 2025/05/14, 15:08:11.064, 42966279880, vstest.console.dll, MulticastDelegateUtilities.SafeInvoke: InternalTestLoggerEvents.SendTestRunMessage: Invoking callback 2/2 for Microsoft.VisualStudio.TestPlatform.CommandLine.Internal.MSBuildLogger., took 0 ms.
TpTrace Verbose: 0 : 15624, 5, 2025/05/14, 15:08:11.065, 42966292531, vstest.console.dll, TestRequestSender.StartTestRun: Sending test run with message: {"Version":7,"MessageType":"TestExecution.StartWithSources","Payload":{"AdapterSourceMap":{"_none_":["C:\\Users\\barrya\\source\\repos\\RailDesigner1\\bin\\Debug\\RailDesigner1.dll"]},"RunSettings":"<RunSettings>\r\n  <RunConfiguration>\r\n    <ResultsDirectory>C:\\Users\\barrya\\source\\repos\\RailDesigner1\\TestResults</ResultsDirectory>\r\n    <TargetFrameworkVersion>.NETFramework,Version=v4.8</TargetFrameworkVersion>\r\n    <DesignMode>False</DesignMode>\r\n    <CollectSourceInformation>False</CollectSourceInformation>\r\n  </RunConfiguration>\r\n  <LoggerRunSettings>\r\n    <Loggers>\r\n      <Logger friendlyName=\"console\" assemblyQualifiedName=\"Microsoft.VisualStudio.TestPlatform.CommandLine.Internal.ConsoleLogger, vstest.console, Version=15.0.0.0, Culture=neutral, PublicKeyToken=b03f5f7f11d50a3a\" codeBase=\"C:\\Program Files\\dotnet\\sdk\\9.0.204\\vstest.console.dll\" enabled=\"True\">\r\n        <Configuration>\r\n          <verbosity>detailed</verbosity>\r\n        </Configuration>\r\n      </Logger>\r\n      <Logger friendlyName=\"Microsoft.TestPlatform.MSBuildLogger\" assemblyQualifiedName=\"Microsoft.VisualStudio.TestPlatform.CommandLine.Internal.MSBuildLogger, vstest.console, Version=15.0.0.0, Culture=neutral, PublicKeyToken=b03f5f7f11d50a3a\" codeBase=\"C:\\Program Files\\dotnet\\sdk\\9.0.204\\vstest.console.dll\" enabled=\"True\">\r\n        <Configuration>\r\n          <Verbosity>normal</Verbosity>\r\n        </Configuration>\r\n      </Logger>\r\n    </Loggers>\r\n  </LoggerRunSettings>\r\n</RunSettings>","TestExecutionContext":{"FrequencyOfRunStatsChangeEvent":10,"RunStatsChangeEventTimeout":"00:00:01.5000000","InIsolation":false,"KeepAlive":false,"AreTestCaseLevelEventsRequired":false,"IsDebug":false,"TestCaseFilter":null,"FilterOptions":null},"Package":null}}
TpTrace Verbose: 0 : 15624, 5, 2025/05/14, 15:08:11.065, 42966293503, vstest.console.dll, ParallelProxyExecutionManager.StartTestRunOnConcurrentManager: Execution started. Started clients: 1
TpTrace Verbose: 0 : 15624, 12, 2025/05/14, 15:08:11.319, 42968828607, vstest.console.dll, TcpClientExtensions.MessageLoopAsync: NotifyDataAvailable remoteEndPoint: 127.0.0.1:54006 localEndPoint: 127.0.0.1:54005
TpTrace Verbose: 0 : 15624, 12, 2025/05/14, 15:08:11.319, 42968830082, vstest.console.dll, TestRequestSender.OnExecutionMessageReceived: Received message: {"Version":7,"MessageType":"TestSession.Message","Payload":{"MessageLevel":2,"Message":"An exception occurred while invoking executor 'executor://mstestadapter/v2': Could not load file or assembly 'Microsoft.VisualStudio.TestPlatform.TestFramework, Version=14.0.0.0, Culture=neutral, PublicKeyToken=b03f5f7f11d50a3a' or one of its dependencies. The system cannot find the file specified.\r\nStack trace:\r\n   at Microsoft.VisualStudio.TestPlatform.MSTest.TestAdapter.MSTestExecutor.RunTests(IEnumerable`1 sources, IRunContext runContext, IFrameworkHandle frameworkHandle)\r\n   at Microsoft.VisualStudio.TestPlatform.Common.ExtensionDecorators.SerialTestRunDecorator.RunTests(IEnumerable`1 sources, IRunContext runContext, IFrameworkHandle frameworkHandle) in /_/src/Microsoft.TestPlatform.Common/ExtensionDecorators/SerialTestRunDecorator.cs:line 59\r\n   at Microsoft.VisualStudio.TestPlatform.CrossPlatEngine.Execution.RunTestsWithSources.InvokeExecutor(LazyExtension`2 executor, Tuple`2 executorUriExtensionTuple, RunContext runContext, IFrameworkHandle frameworkHandle) in /_/src/Microsoft.TestPlatform.CrossPlatEngine/Execution/RunTestsWithSources.cs:line 115\r\n   at Microsoft.VisualStudio.TestPlatform.CrossPlatEngine.Execution.BaseRunTests.<>c__DisplayClass46_0.<RunTestInternalWithExecutors>b__0() in /_/src/Microsoft.TestPlatform.CrossPlatEngine/Execution/BaseRunTests.cs:line 464\r\n   at Microsoft.VisualStudio.TestPlatform.PlatformAbstractions.PlatformThread.<>c__DisplayClass0_0.<Run>b__0() in /_/src/Microsoft.TestPlatform.PlatformAbstractions/net462/System/PlatformThread.cs:line 29\r\n--- End of stack trace from previous location where exception was thrown ---\r\n   at System.Runtime.ExceptionServices.ExceptionDispatchInfo.Throw()\r\n   at Microsoft.VisualStudio.TestPlatform.PlatformAbstractions.PlatformThread.Run(Action action, PlatformApartmentState apartmentState, Boolean waitForCompletion) in /_/src/Microsoft.TestPlatform.PlatformAbstractions/net462/System/PlatformThread.cs:line 47\r\n   at Microsoft.VisualStudio.TestPlatform.CrossPlatEngine.Execution.BaseRunTests.TryToRunInStaThread(Action action, Boolean waitForCompletion) in /_/src/Microsoft.TestPlatform.CrossPlatEngine/Execution/BaseRunTests.cs:line 680\r\n   at Microsoft.VisualStudio.TestPlatform.CrossPlatEngine.Execution.BaseRunTests.RunTestInternalWithExecutors(IEnumerable`1 executorUriExtensionMap, Int64 totalTests) in /_/src/Microsoft.TestPlatform.CrossPlatEngine/Execution/BaseRunTests.cs:line 464\r\n"}}
TpTrace Verbose: 0 : 15624, 12, 2025/05/14, 15:08:11.319, 42968831631, vstest.console.dll, TestRunRequest:SendTestRunMessage: Starting.
TpTrace Verbose: 0 : 15624, 12, 2025/05/14, 15:08:11.319, 42968832034, vstest.console.dll, MulticastDelegateUtilities.SafeInvoke: TestRun.LogMessages: Invoking callback 1/1 for Microsoft.VisualStudio.TestPlatform.CommandLine.TestRunResultAggregator., took 0 ms.
TpTrace Information: 0 : 15624, 12, 2025/05/14, 15:08:11.319, 42968832221, vstest.console.dll, TestRunRequest:SendTestRunMessage: Completed.
TpTrace Verbose: 0 : 15624, 12, 2025/05/14, 15:08:11.319, 42968832377, vstest.console.dll, MulticastDelegateUtilities.SafeInvoke: LengthPrefixCommunicationChannel: MessageReceived: Invoking callback 1/1 for Microsoft.VisualStudio.TestPlatform.CommunicationUtilities.TestRequestSender+<>c__DisplayClass34_0., took 0 ms.
TpTrace Verbose: 0 : 15624, 12, 2025/05/14, 15:08:11.319, 42968832563, vstest.console.dll, TcpClientExtensions.MessageLoopAsync: Polling on remoteEndPoint: 127.0.0.1:54006 localEndPoint: 127.0.0.1:54005 after 255 ms
TpTrace Verbose: 0 : 15624, 4, 2025/05/14, 15:08:11.319, 42968833832, vstest.console.dll, MulticastDelegateUtilities.SafeInvoke: InternalTestLoggerEvents.SendTestRunMessage: Invoking callback 1/2 for Microsoft.VisualStudio.TestPlatform.CommandLine.Internal.ConsoleLogger., took 0 ms.
TpTrace Verbose: 0 : 15624, 4, 2025/05/14, 15:08:11.319, 42968835096, vstest.console.dll, MulticastDelegateUtilities.SafeInvoke: InternalTestLoggerEvents.SendTestRunMessage: Invoking callback 2/2 for Microsoft.VisualStudio.TestPlatform.CommandLine.Internal.MSBuildLogger., took 0 ms.
TpTrace Verbose: 0 : 15624, 12, 2025/05/14, 15:08:11.339, 42969030267, vstest.console.dll, TcpClientExtensions.MessageLoopAsync: NotifyDataAvailable remoteEndPoint: 127.0.0.1:54006 localEndPoint: 127.0.0.1:54005
TpTrace Verbose: 0 : 15624, 12, 2025/05/14, 15:08:11.339, 42969031494, vstest.console.dll, TestRequestSender.OnExecutionMessageReceived: Received message: {"Version":7,"MessageType":"TestExecution.Completed","Payload":{"TestRunCompleteArgs":{"TestRunStatistics":{"ExecutedTests":0,"Stats":{}},"IsCanceled":false,"IsAborted":false,"Error":null,"AttachmentSets":[],"InvokedDataCollectors":[],"ElapsedTimeInRunningTests":"00:00:00.0194711","Metrics":{},"DiscoveredExtensions":{"TestDiscoverers":["Microsoft.VisualStudio.TestPlatform.MSTest.TestAdapter.MSTestDiscoverer, Microsoft.VisualStudio.TestPlatform.MSTest.TestAdapter, Version=14.0.0.0, Culture=neutral, PublicKeyToken=b03f5f7f11d50a3a"],"TestExecutors":["executor://MSTestAdapter/v2"],"TestExecutors2":[],"TestSettingsProviders":[]}},"LastRunTests":{"NewTestResults":[],"TestRunStatistics":{"ExecutedTests":0,"Stats":{}},"ActiveTests":[]},"RunAttachments":[],"ExecutorUris":[]}}
TpTrace Verbose: 0 : 15624, 12, 2025/05/14, 15:08:11.339, 42969032008, vstest.console.dll, TestRequestSender.EndSession: Sending end session.
TpTrace Verbose: 0 : 15624, 12, 2025/05/14, 15:08:11.339, 42969033065, vstest.console.dll, ProxyOperationManager.Close: waiting for test host to exit for 100 ms
TpTrace Warning: 0 : 15624, 13, 2025/05/14, 15:08:11.344, 42969079348, vstest.console.dll, TestHostManagerCallbacks.ErrorReceivedCallback Test host standard error line: 
TpTrace Verbose: 0 : 15624, 14, 2025/05/14, 15:08:11.345, 42969096034, vstest.console.dll, TestHostManagerCallbacks.StandardOutputReceivedCallback Test host standard output line: 
TpTrace Verbose: 0 : 15624, 14, 2025/05/14, 15:08:11.347, 42969116918, vstest.console.dll, TestHostProvider.ExitCallBack: Host exited starting callback.
TpTrace Information: 0 : 15624, 14, 2025/05/14, 15:08:11.347, 42969117644, vstest.console.dll, TestHostManagerCallbacks.ExitCallBack: Testhost processId: 27240 exited with exitcode: 0 error: ''
TpTrace Verbose: 0 : 15624, 14, 2025/05/14, 15:08:11.348, 42969119069, vstest.console.dll, CrossPlatEngine.TestHostManagerHostExited: calling on client process exit callback.
TpTrace Information: 0 : 15624, 14, 2025/05/14, 15:08:11.348, 42969119491, vstest.console.dll, TestRequestSender.OnClientProcessExit: Test host process exited. Standard error: 
TpTrace Information: 0 : 15624, 12, 2025/05/14, 15:08:11.348, 42969119762, vstest.console.dll, SocketServer.Stop: Stop server endPoint: 127.0.0.1:54005
TpTrace Information: 0 : 15624, 12, 2025/05/14, 15:08:11.348, 42969120210, vstest.console.dll, SocketServer.Stop: Cancellation requested. Stopping message loop.
TpTrace Information: 0 : 15624, 14, 2025/05/14, 15:08:11.348, 42969119726, vstest.console.dll, SocketServer.Stop: Stop server endPoint: 127.0.0.1:54005
TpTrace Information: 0 : 15624, 14, 2025/05/14, 15:08:11.348, 42969120802, vstest.console.dll, SocketServer.Stop: Cancellation requested. Stopping message loop.
TpTrace Information: 0 : 15624, 12, 2025/05/14, 15:08:11.348, 42969120895, vstest.console.dll, Closing the connection
TpTrace Verbose: 0 : 15624, 14, 2025/05/14, 15:08:11.348, 42969121036, vstest.console.dll, MulticastDelegateUtilities.SafeInvoke: HostProviderEvents.OnHostExited: Invoking callback 1/1 for Microsoft.VisualStudio.TestPlatform.CrossPlatEngine.Client.ProxyOperationManager., took 0 ms.
TpTrace Verbose: 0 : 15624, 12, 2025/05/14, 15:08:11.356, 42969199155, vstest.console.dll, ParallelRunEventsHandler.HandleTestRunComplete: Handling a run completion, this can be either one part of parallel run completing, or the whole parallel run completing.
TpTrace Verbose: 0 : 15624, 12, 2025/05/14, 15:08:11.357, 42969209627, vstest.console.dll, TestRunRequest:SendTestRunStatsChange: Starting.
TpTrace Verbose: 0 : 15624, 12, 2025/05/14, 15:08:11.357, 42969210276, vstest.console.dll, MulticastDelegateUtilities.SafeInvoke: TestRun.RunStatsChanged: Invoking callbacks was skipped because there are no subscribers.
TpTrace Information: 0 : 15624, 12, 2025/05/14, 15:08:11.357, 42969210459, vstest.console.dll, TestRunRequest:SendTestRunStatsChange: Completed.
TpTrace Verbose: 0 : 15624, 12, 2025/05/14, 15:08:11.357, 42969211777, vstest.console.dll, ParallelProxyExecutionManager: HandlePartialRunComplete: Total workloads = 1, Total started clients = 1 Total completed clients = 1, Run complete = True, Run canceled: False.
TpTrace Verbose: 0 : 15624, 12, 2025/05/14, 15:08:11.357, 42969211956, vstest.console.dll, ParallelProxyExecutionManager: HandlePartialRunComplete: All runs completed stopping all managers.
TpTrace Verbose: 0 : 15624, 12, 2025/05/14, 15:08:11.357, 42969212162, vstest.console.dll, ParallelOperationManager.StopAllManagers: Stopping all managers.
TpTrace Verbose: 0 : 15624, 12, 2025/05/14, 15:08:11.357, 42969212314, vstest.console.dll, ParallelOperationManager.ClearSlots: Clearing all slots. Slots should accept more work: False
TpTrace Verbose: 0 : 15624, 12, 2025/05/14, 15:08:11.357, 42969212493, vstest.console.dll, ParallelOperationManager.SetOccupiedSlotCount: Setting slot counts AvailableSlotCount = 1, OccupiedSlotCount = 0.
TpTrace Verbose: 0 : 15624, 12, 2025/05/14, 15:08:11.357, 42969212692, vstest.console.dll, Occupied slots:

TpTrace Verbose: 0 : 15624, 12, 2025/05/14, 15:08:11.357, 42969212842, vstest.console.dll, ParallelRunEventsHandler.HandleTestRunComplete: Whole parallel run completed.
TpTrace Verbose: 0 : 15624, 4, 2025/05/14, 15:08:11.360, 42969239456, vstest.console.dll, MulticastDelegateUtilities.SafeInvoke: InternalTestLoggerEvents.SendTestRunComplete: Invoking callback 1/2 for Microsoft.VisualStudio.TestPlatform.CommandLine.Internal.ConsoleLogger., took 1 ms.
TpTrace Verbose: 0 : 15624, 4, 2025/05/14, 15:08:11.364, 42969278239, vstest.console.dll, MulticastDelegateUtilities.SafeInvoke: InternalTestLoggerEvents.SendTestRunComplete: Invoking callback 2/2 for Microsoft.VisualStudio.TestPlatform.CommandLine.Internal.MSBuildLogger., took 3 ms.
TpTrace Verbose: 0 : 15624, 12, 2025/05/14, 15:08:11.364, 42969280560, vstest.console.dll, TestRunRequest:TestRunComplete: Starting. IsAborted:False IsCanceled:False.
TpTrace Verbose: 0 : 15624, 12, 2025/05/14, 15:08:11.364, 42969281392, vstest.console.dll, ParallelOperationManager.DoActionOnAllManagers: Calling an action on all managers.
TpTrace Verbose: 0 : 15624, 12, 2025/05/14, 15:08:11.365, 42969287946, vstest.console.dll, TestLoggerManager.HandleTestRunComplete: Ignoring as the object is disposed.
TpTrace Verbose: 0 : 15624, 12, 2025/05/14, 15:08:11.365, 42969288431, vstest.console.dll, MulticastDelegateUtilities.SafeInvoke: TestRun.TestRunComplete: Invoking callback 1/2 for Microsoft.VisualStudio.TestPlatform.CommandLine.TestRunResultAggregator., took 0 ms.
TpTrace Verbose: 0 : 15624, 12, 2025/05/14, 15:08:11.365, 42969289466, vstest.console.dll, MulticastDelegateUtilities.SafeInvoke: TestRun.TestRunComplete: Invoking callback 2/2 for Microsoft.VisualStudio.TestPlatform.CommandLine.Processors.RunTestsArgumentExecutor+TestRunRequestEventsRegistrar., took 0 ms.
TpTrace Information: 0 : 15624, 12, 2025/05/14, 15:08:11.365, 42969289972, vstest.console.dll, TestRunRequest:TestRunComplete: Completed.
TpTrace Verbose: 0 : 15624, 1, 2025/05/14, 15:08:11.365, 42969290143, vstest.console.dll, TestRunRequest.Dispose: Starting.
TpTrace Verbose: 0 : 15624, 12, 2025/05/14, 15:08:11.365, 42969290267, vstest.console.dll, TestRequestSender.SetOperationComplete: Setting operation complete.
TpTrace Information: 0 : 15624, 1, 2025/05/14, 15:08:11.365, 42969290692, vstest.console.dll, TestRunRequest.Dispose: Completed.
TpTrace Information: 0 : 15624, 12, 2025/05/14, 15:08:11.365, 42969291130, vstest.console.dll, SocketServer.Stop: Stop server endPoint: 127.0.0.1:54005
TpTrace Information: 0 : 15624, 12, 2025/05/14, 15:08:11.365, 42969291430, vstest.console.dll, SocketServer.Stop: Cancellation requested. Stopping message loop.
TpTrace Information: 0 : 15624, 1, 2025/05/14, 15:08:11.365, 42969291561, vstest.console.dll, TestRequestManager.RunTests: run tests completed.
TpTrace Verbose: 0 : 15624, 12, 2025/05/14, 15:08:11.365, 42969291649, vstest.console.dll, MulticastDelegateUtilities.SafeInvoke: LengthPrefixCommunicationChannel: MessageReceived: Invoking callback 1/1 for Microsoft.VisualStudio.TestPlatform.CommunicationUtilities.TestRequestSender+<>c__DisplayClass34_0., took 26 ms.
TpTrace Information: 0 : 15624, 12, 2025/05/14, 15:08:11.365, 42969291998, vstest.console.dll, SocketServer.PrivateStop: Stopping server endPoint: 127.0.0.1:54005 error: 
TpTrace Information: 0 : 15624, 1, 2025/05/14, 15:08:11.365, 42969292190, vstest.console.dll, RunTestsArgumentProcessor:Execute: Test run is completed.
TpTrace Verbose: 0 : 15624, 1, 2025/05/14, 15:08:11.365, 42969293286, vstest.console.dll, Executor.Execute: Exiting with exit code of 1
TpTrace Verbose: 0 : 15624, 12, 2025/05/14, 15:08:11.365, 42969294359, vstest.console.dll, LengthPrefixCommunicationChannel.Dispose: Dispose reader and writer.
TpTrace Information: 0 : 15624, 12, 2025/05/14, 15:08:11.365, 42969294750, vstest.console.dll, SocketServer.Stop: Raise disconnected event endPoint: 127.0.0.1:54005 error: 
